TN:
SF:app/+not-found.tsx
FN:5,NotFoundScreen
FNF:1
FNH:0
FNDA:0,NotFoundScreen
DA:6,0
DA:20,0
LF:2
LH:0
BRF:0
BRH:0
end_of_record
TN:
SF:app/_layout.tsx
FN:37,CustomSplashScreen
FN:97,HeaderBackButton
FN:100,(anonymous_2)
FN:103,(anonymous_3)
FN:133,(anonymous_4)
FN:137,(anonymous_5)
FN:139,(anonymous_6)
FN:144,(anonymous_7)
FN:148,(anonymous_8)
FN:169,(anonymous_9)
FN:172,RootLayoutNav
FN:184,(anonymous_11)
FN:185,(anonymous_12)
FN:186,(anonymous_13)
FN:189,(anonymous_14)
FN:199,(anonymous_15)
FN:222,(anonymous_16)
FN:229,(anonymous_17)
FN:237,(anonymous_18)
FN:244,(anonymous_19)
FN:248,(anonymous_20)
FN:249,(anonymous_21)
FN:338,AppProviders
FN:387,RootLayout
FN:390,(anonymous_24)
FN:393,(anonymous_25)
FN:397,(anonymous_26)
FN:415,(anonymous_27)
FN:416,(anonymous_28)
FN:422,(anonymous_29)
FN:426,(anonymous_30)
FNF:31
FNH:0
FNDA:0,CustomSplashScreen
FNDA:0,HeaderBackButton
FNDA:0,(anonymous_2)
FNDA:0,(anonymous_3)
FNDA:0,(anonymous_4)
FNDA:0,(anonymous_5)
FNDA:0,(anonymous_6)
FNDA:0,(anonymous_7)
FNDA:0,(anonymous_8)
FNDA:0,(anonymous_9)
FNDA:0,RootLayoutNav
FNDA:0,(anonymous_11)
FNDA:0,(anonymous_12)
FNDA:0,(anonymous_13)
FNDA:0,(anonymous_14)
FNDA:0,(anonymous_15)
FNDA:0,(anonymous_16)
FNDA:0,(anonymous_17)
FNDA:0,(anonymous_18)
FNDA:0,(anonymous_19)
FNDA:0,(anonymous_20)
FNDA:0,(anonymous_21)
FNDA:0,AppProviders
FNDA:0,RootLayout
FNDA:0,(anonymous_24)
FNDA:0,(anonymous_25)
FNDA:0,(anonymous_26)
FNDA:0,(anonymous_27)
FNDA:0,(anonymous_28)
FNDA:0,(anonymous_29)
FNDA:0,(anonymous_30)
DA:32,0
DA:34,0
DA:35,0
DA:38,0
DA:57,0
DA:58,0
DA:59,0
DA:62,0
DA:65,0
DA:66,0
DA:69,0
DA:98,0
DA:100,0
DA:101,0
DA:103,0
DA:104,0
DA:107,0
DA:108,0
DA:109,0
DA:111,0
DA:114,0
DA:129,0
DA:134,0
DA:139,0
DA:140,0
DA:144,0
DA:145,0
DA:149,0
DA:150,0
DA:151,0
DA:152,0
DA:154,0
DA:165,0
DA:169,0
DA:170,0
DA:173,0
DA:174,0
DA:176,0
DA:177,0
DA:178,0
DA:179,0
DA:180,0
DA:181,0
DA:182,0
DA:184,0
DA:185,0
DA:186,0
DA:189,0
DA:190,0
DA:192,0
DA:193,0
DA:194,0
DA:197,0
DA:198,0
DA:199,0
DA:200,0
DA:201,0
DA:202,0
DA:209,0
DA:211,0
DA:212,0
DA:213,0
DA:216,0
DA:220,0
DA:221,0
DA:222,0
DA:223,0
DA:224,0
DA:226,0
DA:229,0
DA:231,0
DA:236,0
DA:237,0
DA:238,0
DA:239,0
DA:241,0
DA:244,0
DA:248,0
DA:249,0
DA:250,0
DA:251,0
DA:254,0
DA:339,0
DA:388,0
DA:390,0
DA:391,0
DA:393,0
DA:394,0
DA:397,0
DA:398,0
DA:401,0
DA:407,0
DA:408,0
DA:410,0
DA:411,0
DA:415,0
DA:416,0
DA:417,0
DA:422,0
DA:423,0
DA:426,0
DA:427,0
DA:431,0
DA:432,0
DA:435,0
DA:444,0
DA:480,0
LF:107
LH:0
BRDA:58,0,0,0
BRDA:58,0,1,0
BRDA:58,1,0,0
BRDA:58,1,1,0
BRDA:65,2,0,0
BRDA:65,2,1,0
BRDA:77,3,0,0
BRDA:77,3,1,0
BRDA:101,4,0,0
BRDA:101,4,1,0
BRDA:107,5,0,0
BRDA:107,5,1,0
BRDA:107,6,0,0
BRDA:107,6,1,0
BRDA:149,7,0,0
BRDA:149,7,1,0
BRDA:150,8,0,0
BRDA:150,8,1,0
BRDA:151,9,0,0
BRDA:151,9,1,0
BRDA:151,10,0,0
BRDA:151,10,1,0
BRDA:170,11,0,0
BRDA:170,11,1,0
BRDA:170,11,2,0
BRDA:170,11,3,0
BRDA:177,12,0,0
BRDA:177,12,1,0
BRDA:178,13,0,0
BRDA:178,13,1,0
BRDA:190,14,0,0
BRDA:190,14,1,0
BRDA:190,15,0,0
BRDA:190,15,1,0
BRDA:190,15,2,0
BRDA:190,15,3,0
BRDA:192,16,0,0
BRDA:192,16,1,0
BRDA:197,17,0,0
BRDA:197,17,1,0
BRDA:197,18,0,0
BRDA:197,18,1,0
BRDA:197,18,2,0
BRDA:197,18,3,0
BRDA:220,19,0,0
BRDA:220,19,1,0
BRDA:221,20,0,0
BRDA:221,20,1,0
BRDA:236,21,0,0
BRDA:236,21,1,0
BRDA:236,22,0,0
BRDA:236,22,1,0
BRDA:236,22,2,0
BRDA:407,23,0,0
BRDA:407,23,1,0
BRDA:417,24,0,0
BRDA:417,24,1,0
BRDA:423,25,0,0
BRDA:423,25,1,0
BRDA:431,26,0,0
BRDA:431,26,1,0
BRF:61
BRH:0
end_of_record
TN:
SF:app/ai-recommendations.tsx
FN:89,(anonymous_0)
FN:89,(anonymous_1)
FN:91,(anonymous_2)
FN:101,(anonymous_3)
FN:103,(anonymous_4)
FN:107,(anonymous_5)
FN:131,(anonymous_6)
FN:133,(anonymous_7)
FN:134,(anonymous_8)
FN:195,AIRecommendationsScreen
FN:198,(anonymous_10)
FN:206,(anonymous_11)
FN:207,(anonymous_12)
FN:208,(anonymous_13)
FN:212,(anonymous_14)
FN:227,(anonymous_15)
FN:237,(anonymous_16)
FN:238,(anonymous_17)
FN:239,(anonymous_18)
FN:240,(anonymous_19)
FN:241,(anonymous_20)
FN:256,(anonymous_21)
FN:308,(anonymous_22)
FN:375,(anonymous_23)
FN:398,(anonymous_24)
FN:409,(anonymous_25)
FN:426,(anonymous_26)
FN:433,(anonymous_27)
FN:451,(anonymous_28)
FNF:29
FNH:0
FNDA:0,(anonymous_0)
FNDA:0,(anonymous_1)
FNDA:0,(anonymous_2)
FNDA:0,(anonymous_3)
FNDA:0,(anonymous_4)
FNDA:0,(anonymous_5)
FNDA:0,(anonymous_6)
FNDA:0,(anonymous_7)
FNDA:0,(anonymous_8)
FNDA:0,AIRecommendationsScreen
FNDA:0,(anonymous_10)
FNDA:0,(anonymous_11)
FNDA:0,(anonymous_12)
FNDA:0,(anonymous_13)
FNDA:0,(anonymous_14)
FNDA:0,(anonymous_15)
FNDA:0,(anonymous_16)
FNDA:0,(anonymous_17)
FNDA:0,(anonymous_18)
FNDA:0,(anonymous_19)
FNDA:0,(anonymous_20)
FNDA:0,(anonymous_21)
FNDA:0,(anonymous_22)
FNDA:0,(anonymous_23)
FNDA:0,(anonymous_24)
FNDA:0,(anonymous_25)
FNDA:0,(anonymous_26)
FNDA:0,(anonymous_27)
FNDA:0,(anonymous_28)
DA:48,0
DA:75,0
DA:81,0
DA:87,0
DA:89,0
DA:91,0
DA:92,0
DA:93,0
DA:95,0
DA:96,0
DA:98,0
DA:101,0
DA:102,0
DA:103,0
DA:104,0
DA:105,0
DA:107,0
DA:108,0
DA:109,0
DA:110,0
DA:111,0
DA:113,0
DA:114,0
DA:115,0
DA:116,0
DA:118,0
DA:120,0
DA:131,0
DA:132,0
DA:133,0
DA:134,0
DA:135,0
DA:139,0
DA:140,0
DA:147,0
DA:148,0
DA:155,0
DA:156,0
DA:163,0
DA:164,0
DA:171,0
DA:172,0
DA:179,0
DA:182,0
DA:196,0
DA:197,0
DA:198,0
DA:199,0
DA:200,0
DA:201,0
DA:202,0
DA:203,0
DA:205,0
DA:207,0
DA:208,0
DA:212,0
DA:213,0
DA:214,0
DA:215,0
DA:216,0
DA:217,0
DA:219,0
DA:222,0
DA:223,0
DA:227,0
DA:228,0
DA:229,0
DA:232,0
DA:233,0
DA:234,0
DA:236,0
DA:237,0
DA:238,0
DA:239,0
DA:240,0
DA:241,0
DA:244,0
DA:246,0
DA:254,0
DA:256,0
DA:262,0
DA:263,0
DA:266,0
DA:267,0
DA:269,0
DA:270,0
DA:271,0
DA:273,0
DA:275,0
DA:276,0
DA:281,0
DA:309,0
DA:376,0
DA:399,0
DA:409,0
DA:427,0
DA:434,0
DA:451,0
LF:98
LH:0
BRDA:92,0,0,0
BRDA:92,0,1,0
BRDA:92,1,0,0
BRDA:92,1,1,0
BRDA:95,2,0,0
BRDA:95,2,1,0
BRDA:98,3,0,0
BRDA:98,3,1,0
BRDA:104,4,0,0
BRDA:104,4,1,0
BRDA:107,5,0,0
BRDA:107,5,1,0
BRDA:108,6,0,0
BRDA:108,6,1,0
BRDA:110,7,0,0
BRDA:110,7,1,0
BRDA:113,8,0,0
BRDA:113,8,1,0
BRDA:115,9,0,0
BRDA:115,9,1,0
BRDA:134,10,0,0
BRDA:134,10,1,0
BRDA:139,11,0,0
BRDA:139,11,1,0
BRDA:147,12,0,0
BRDA:147,12,1,0
BRDA:155,13,0,0
BRDA:155,13,1,0
BRDA:163,14,0,0
BRDA:163,14,1,0
BRDA:171,15,0,0
BRDA:171,15,1,0
BRDA:171,16,0,0
BRDA:171,16,1,0
BRDA:171,16,2,0
BRDA:207,17,0,0
BRDA:207,17,1,0
BRDA:208,18,0,0
BRDA:208,18,1,0
BRDA:216,19,0,0
BRDA:216,19,1,0
BRDA:228,20,0,0
BRDA:228,20,1,0
BRDA:238,21,0,0
BRDA:238,21,1,0
BRDA:241,22,0,0
BRDA:241,22,1,0
BRDA:254,23,0,0
BRDA:254,23,1,0
BRDA:262,24,0,0
BRDA:262,24,1,0
BRDA:270,25,0,0
BRDA:270,25,1,0
BRDA:275,26,0,0
BRDA:275,26,1,0
BRDA:301,27,0,0
BRDA:301,27,1,0
BRDA:314,28,0,0
BRDA:314,28,1,0
BRDA:321,29,0,0
BRDA:321,29,1,0
BRDA:321,29,2,0
BRDA:333,30,0,0
BRDA:333,30,1,0
BRDA:339,31,0,0
BRDA:339,31,1,0
BRDA:346,32,0,0
BRDA:346,32,1,0
BRDA:360,33,0,0
BRDA:360,33,1,0
BRDA:360,33,2,0
BRDA:423,34,0,0
BRDA:423,34,1,0
BRDA:488,35,0,0
BRDA:488,35,1,0
BRDA:552,36,0,0
BRDA:552,36,1,0
BRDA:582,37,0,0
BRDA:582,37,1,0
BRDA:646,38,0,0
BRDA:646,38,1,0
BRDA:665,39,0,0
BRDA:665,39,1,0
BRF:83
BRH:0
end_of_record
TN:
SF:app/call.tsx
FN:18,CallScreen
FN:43,(anonymous_1)
FN:45,(anonymous_2)
FN:50,(anonymous_3)
FN:52,(anonymous_4)
FN:53,(anonymous_5)
FN:60,(anonymous_6)
FN:67,(anonymous_7)
FN:95,(anonymous_8)
FN:117,(anonymous_9)
FN:123,(anonymous_10)
FN:129,(anonymous_11)
FN:146,(anonymous_12)
FN:230,(anonymous_13)
FNF:14
FNH:0
FNDA:0,CallScreen
FNDA:0,(anonymous_1)
FNDA:0,(anonymous_2)
FNDA:0,(anonymous_3)
FNDA:0,(anonymous_4)
FNDA:0,(anonymous_5)
FNDA:0,(anonymous_6)
FNDA:0,(anonymous_7)
FNDA:0,(anonymous_8)
FNDA:0,(anonymous_9)
FNDA:0,(anonymous_10)
FNDA:0,(anonymous_11)
FNDA:0,(anonymous_12)
FNDA:0,(anonymous_13)
DA:19,0
DA:20,0
DA:25,0
DA:27,0
DA:28,0
DA:29,0
DA:30,0
DA:31,0
DA:32,0
DA:34,0
DA:35,0
DA:37,0
DA:38,0
DA:39,0
DA:41,0
DA:43,0
DA:44,0
DA:45,0
DA:46,0
DA:50,0
DA:51,0
DA:52,0
DA:53,0
DA:56,0
DA:57,0
DA:60,0
DA:61,0
DA:62,0
DA:67,0
DA:68,0
DA:69,0
DA:72,0
DA:73,0
DA:74,0
DA:75,0
DA:76,0
DA:77,0
DA:83,0
DA:89,0
DA:90,0
DA:91,0
DA:95,0
DA:96,0
DA:97,0
DA:98,0
DA:100,0
DA:101,0
DA:102,0
DA:105,0
DA:106,0
DA:110,0
DA:112,0
DA:113,0
DA:117,0
DA:118,0
DA:119,0
DA:123,0
DA:124,0
DA:125,0
DA:129,0
DA:130,0
DA:132,0
DA:134,0
DA:135,0
DA:136,0
DA:137,0
DA:138,0
DA:142,0
DA:146,0
DA:147,0
DA:148,0
DA:149,0
DA:152,0
DA:230,0
LF:74
LH:0
BRDA:37,0,0,0
BRDA:37,0,1,0
BRDA:38,1,0,0
BRDA:38,1,1,0
BRDA:39,2,0,0
BRDA:39,2,1,0
BRDA:51,3,0,0
BRDA:51,3,1,0
BRDA:56,4,0,0
BRDA:56,4,1,0
BRDA:61,5,0,0
BRDA:61,5,1,0
BRDA:72,6,0,0
BRDA:72,6,1,0
BRDA:72,7,0,0
BRDA:72,7,1,0
BRDA:74,8,0,0
BRDA:74,8,1,0
BRDA:100,9,0,0
BRDA:100,9,1,0
BRDA:105,10,0,0
BRDA:105,10,1,0
BRDA:130,11,0,0
BRDA:130,11,1,0
BRDA:134,12,0,0
BRDA:134,12,1,0
BRDA:134,13,0,0
BRDA:134,13,1,0
BRDA:136,14,0,0
BRDA:136,14,1,0
BRDA:156,15,0,0
BRDA:156,15,1,0
BRDA:156,16,0,0
BRDA:156,16,1,0
BRDA:156,16,2,0
BRDA:178,17,0,0
BRDA:178,17,1,0
BRDA:185,18,0,0
BRDA:185,18,1,0
BRDA:188,19,0,0
BRDA:188,19,1,0
BRDA:195,20,0,0
BRDA:195,20,1,0
BRDA:197,21,0,0
BRDA:197,21,1,0
BRDA:200,22,0,0
BRDA:200,22,1,0
BRDA:209,23,0,0
BRDA:209,23,1,0
BRDA:212,24,0,0
BRDA:212,24,1,0
BRDA:245,25,0,0
BRDA:245,25,1,0
BRDA:303,26,0,0
BRDA:303,26,1,0
BRF:55
BRH:0
end_of_record
TN:
SF:app/modal.tsx
FN:14,ModalScreen
FN:20,(anonymous_1)
FN:22,(anonymous_2)
FN:32,(anonymous_3)
FNF:4
FNH:0
FNDA:0,ModalScreen
FNDA:0,(anonymous_1)
FNDA:0,(anonymous_2)
FNDA:0,(anonymous_3)
DA:15,0
DA:20,0
DA:22,0
DA:32,0
DA:45,0
LF:5
LH:0
BRDA:40,0,0,0
BRDA:40,0,1,0
BRF:2
BRH:0
end_of_record
TN:
SF:app/native-intent.tsx
FN:1,redirectSystemPath
FNF:1
FNH:0
FNDA:0,redirectSystemPath
DA:5,0
LF:1
LH:0
BRF:0
BRH:0
end_of_record
TN:
SF:app/notifications-diagnostics.tsx
FN:26,(anonymous_0)
FN:34,(anonymous_1)
FN:47,(anonymous_2)
FN:59,NotificationsDiagnosticsScreen
FN:75,(anonymous_4)
FN:84,(anonymous_5)
FN:92,(anonymous_6)
FN:98,(anonymous_7)
FN:225,(anonymous_8)
FNF:9
FNH:0
FNDA:0,(anonymous_0)
FNDA:0,(anonymous_1)
FNDA:0,(anonymous_2)
FNDA:0,NotificationsDiagnosticsScreen
FNDA:0,(anonymous_4)
FNDA:0,(anonymous_5)
FNDA:0,(anonymous_6)
FNDA:0,(anonymous_7)
FNDA:0,(anonymous_8)
DA:26,0
DA:27,0
DA:34,0
DA:35,0
DA:37,0
DA:39,0
DA:41,0
DA:43,0
DA:47,0
DA:48,0
DA:49,0
DA:60,0
DA:71,0
DA:73,0
DA:75,0
DA:76,0
DA:77,0
DA:78,0
DA:80,0
DA:84,0
DA:85,0
DA:86,0
DA:88,0
DA:92,0
DA:93,0
DA:94,0
DA:95,0
DA:96,0
DA:98,0
DA:99,0
DA:101,0
DA:104,0
DA:106,0
DA:226,0
DA:279,0
LF:35
LH:0
BRDA:27,0,0,0
BRDA:27,0,1,0
BRDA:35,1,0,0
BRDA:35,1,1,0
BRDA:35,1,2,0
BRDA:35,1,3,0
BRDA:93,2,0,0
BRDA:93,2,1,0
BRDA:94,3,0,0
BRDA:94,3,1,0
BRDA:95,4,0,0
BRDA:95,4,1,0
BRDA:96,5,0,0
BRDA:96,5,1,0
BRDA:99,6,0,0
BRDA:99,6,1,0
BRDA:126,7,0,0
BRDA:126,7,1,0
BRDA:127,8,0,0
BRDA:127,8,1,0
BRDA:128,9,0,0
BRDA:128,9,1,0
BRDA:131,10,0,0
BRDA:131,10,1,0
BRDA:132,11,0,0
BRDA:132,11,1,0
BRDA:133,12,0,0
BRDA:133,12,1,0
BRDA:136,13,0,0
BRDA:136,13,1,0
BRDA:137,14,0,0
BRDA:137,14,1,0
BRDA:138,15,0,0
BRDA:138,15,1,0
BRDA:152,16,0,0
BRDA:152,16,1,0
BRDA:158,17,0,0
BRDA:158,17,1,0
BRDA:161,18,0,0
BRDA:161,18,1,0
BRDA:177,19,0,0
BRDA:177,19,1,0
BRDA:177,20,0,0
BRDA:177,20,1,0
BRDA:181,21,0,0
BRDA:181,21,1,0
BRDA:181,22,0,0
BRDA:181,22,1,0
BRDA:187,23,0,0
BRDA:187,23,1,0
BRDA:187,24,0,0
BRDA:187,24,1,0
BRDA:191,25,0,0
BRDA:191,25,1,0
BRDA:197,26,0,0
BRDA:197,26,1,0
BRDA:197,27,0,0
BRDA:197,27,1,0
BRDA:201,28,0,0
BRDA:201,28,1,0
BRDA:205,29,0,0
BRDA:205,29,1,0
BRDA:215,30,0,0
BRDA:215,30,1,0
BRDA:222,31,0,0
BRDA:222,31,1,0
BRDA:230,32,0,0
BRDA:230,32,1,0
BRDA:248,33,0,0
BRDA:248,33,1,0
BRDA:251,34,0,0
BRDA:251,34,1,0
BRDA:253,35,0,0
BRDA:253,35,1,0
BRDA:266,36,0,0
BRDA:266,36,1,0
BRF:76
BRH:0
end_of_record
TN:
SF:app/register-child.tsx
FN:21,RegisterChildScreen
FN:36,(anonymous_1)
FN:54,(anonymous_2)
FN:66,(anonymous_3)
FN:219,(anonymous_4)
FN:229,(anonymous_5)
FNF:6
FNH:0
FNDA:0,RegisterChildScreen
FNDA:0,(anonymous_1)
FNDA:0,(anonymous_2)
FNDA:0,(anonymous_3)
FNDA:0,(anonymous_4)
FNDA:0,(anonymous_5)
DA:22,0
DA:23,0
DA:24,0
DA:25,0
DA:26,0
DA:27,0
DA:28,0
DA:29,0
DA:30,0
DA:31,0
DA:33,0
DA:36,0
DA:37,0
DA:38,0
DA:39,0
DA:42,0
DA:43,0
DA:44,0
DA:45,0
DA:46,0
DA:48,0
DA:50,0
DA:54,0
DA:56,0
DA:57,0
DA:59,0
DA:60,0
DA:62,0
DA:66,0
DA:67,0
DA:68,0
DA:69,0
DA:72,0
DA:73,0
DA:74,0
DA:77,0
DA:78,0
DA:79,0
DA:80,0
DA:83,0
DA:85,0
DA:86,0
DA:92,0
DA:94,0
DA:95,0
DA:96,0
DA:100,0
DA:103,0
DA:105,0
DA:111,0
DA:114,0
DA:115,0
DA:117,0
DA:121,0
DA:219,0
DA:229,0
LF:56
LH:0
BRDA:37,0,0,0
BRDA:37,0,1,0
BRDA:37,1,0,0
BRDA:37,1,1,0
BRDA:45,2,0,0
BRDA:45,2,1,0
BRDA:46,3,0,0
BRDA:46,3,1,0
BRDA:59,4,0,0
BRDA:59,4,1,0
BRDA:67,5,0,0
BRDA:67,5,1,0
BRDA:67,6,0,0
BRDA:67,6,1,0
BRDA:72,7,0,0
BRDA:72,7,1,0
BRDA:78,8,0,0
BRDA:78,8,1,0
BRDA:78,9,0,0
BRDA:78,9,1,0
BRDA:78,9,2,0
BRDA:78,9,3,0
BRDA:92,10,0,0
BRDA:92,10,1,0
BRDA:92,11,0,0
BRDA:92,11,1,0
BRDA:95,12,0,0
BRDA:95,12,1,0
BRDA:111,13,0,0
BRDA:111,13,1,0
BRDA:124,14,0,0
BRDA:124,14,1,0
BRDA:128,15,0,0
BRDA:128,15,1,0
BRDA:147,16,0,0
BRDA:147,16,1,0
BRDA:148,17,0,0
BRDA:148,17,1,0
BRDA:150,18,0,0
BRDA:150,18,1,0
BRDA:150,18,2,0
BRDA:155,19,0,0
BRDA:155,19,1,0
BRDA:155,19,2,0
BRDA:163,20,0,0
BRDA:163,20,1,0
BRDA:163,20,2,0
BRDA:163,20,3,0
BRDA:198,21,0,0
BRDA:198,21,1,0
BRDA:198,21,2,0
BRDA:201,22,0,0
BRDA:201,22,1,0
BRDA:204,23,0,0
BRDA:204,23,1,0
BRDA:298,24,0,0
BRDA:298,24,1,0
BRF:57
BRH:0
end_of_record
TN:
SF:app/register-parent.tsx
FN:22,RegisterParentScreen
FN:36,(anonymous_1)
FN:87,(anonymous_2)
FN:135,(anonymous_3)
FN:202,(anonymous_4)
FN:214,(anonymous_5)
FN:240,(anonymous_6)
FN:250,(anonymous_7)
FNF:8
FNH:0
FNDA:0,RegisterParentScreen
FNDA:0,(anonymous_1)
FNDA:0,(anonymous_2)
FNDA:0,(anonymous_3)
FNDA:0,(anonymous_4)
FNDA:0,(anonymous_5)
FNDA:0,(anonymous_6)
FNDA:0,(anonymous_7)
DA:23,0
DA:24,0
DA:25,0
DA:26,0
DA:27,0
DA:28,0
DA:29,0
DA:30,0
DA:31,0
DA:32,0
DA:34,0
DA:36,0
DA:37,0
DA:38,0
DA:39,0
DA:42,0
DA:43,0
DA:44,0
DA:47,0
DA:48,0
DA:49,0
DA:52,0
DA:53,0
DA:54,0
DA:57,0
DA:59,0
DA:60,0
DA:70,0
DA:71,0
DA:73,0
DA:75,0
DA:77,0
DA:80,0
DA:81,0
DA:83,0
DA:87,0
DA:88,0
DA:90,0
DA:91,0
DA:92,0
DA:94,0
DA:96,0
DA:98,0
DA:99,0
DA:104,0
DA:105,0
DA:135,0
DA:145,0
DA:202,0
DA:214,0
DA:240,0
DA:250,0
LF:52
LH:0
BRDA:37,0,0,0
BRDA:37,0,1,0
BRDA:42,1,0,0
BRDA:42,1,1,0
BRDA:42,2,0,0
BRDA:42,2,1,0
BRDA:47,3,0,0
BRDA:47,3,1,0
BRDA:52,4,0,0
BRDA:52,4,1,0
BRDA:63,5,0,0
BRDA:63,5,1,0
BRDA:70,6,0,0
BRDA:70,6,1,0
BRDA:70,7,0,0
BRDA:70,7,1,0
BRDA:70,7,2,0
BRDA:77,8,0,0
BRDA:77,8,1,0
BRDA:88,9,0,0
BRDA:88,9,1,0
BRDA:91,10,0,0
BRDA:91,10,1,0
BRDA:104,11,0,0
BRDA:104,11,1,0
BRDA:108,12,0,0
BRDA:108,12,1,0
BRDA:148,13,0,0
BRDA:148,13,1,0
BRDA:152,14,0,0
BRDA:152,14,1,0
BRDA:204,15,0,0
BRDA:204,15,1,0
BRDA:205,16,0,0
BRDA:205,16,1,0
BRDA:205,17,0,0
BRDA:205,17,1,0
BRDA:216,18,0,0
BRDA:216,18,1,0
BRDA:217,19,0,0
BRDA:217,19,1,0
BRDA:217,20,0,0
BRDA:217,20,1,0
BRDA:226,21,0,0
BRDA:226,21,1,0
BRDA:231,22,0,0
BRDA:231,22,1,0
BRDA:317,23,0,0
BRDA:317,23,1,0
BRDA:318,24,0,0
BRDA:318,24,1,0
BRDA:327,25,0,0
BRDA:327,25,1,0
BRDA:371,26,0,0
BRDA:371,26,1,0
BRDA:377,27,0,0
BRDA:377,27,1,0
BRDA:403,28,0,0
BRDA:403,28,1,0
BRF:59
BRH:0
end_of_record
TN:
SF:app/role-selection.tsx
FN:13,RoleSelectionScreen
FN:142,(anonymous_1)
FN:147,(anonymous_2)
FN:171,(anonymous_3)
FN:210,(anonymous_4)
FN:244,(anonymous_5)
FNF:6
FNH:0
FNDA:0,RoleSelectionScreen
FNDA:0,(anonymous_1)
FNDA:0,(anonymous_2)
FNDA:0,(anonymous_3)
FNDA:0,(anonymous_4)
FNDA:0,(anonymous_5)
DA:14,0
DA:15,0
DA:16,0
DA:17,0
DA:18,0
DA:19,0
DA:20,0
DA:21,0
DA:23,0
DA:142,0
DA:143,0
DA:144,0
DA:147,0
DA:148,0
DA:149,0
DA:150,0
DA:153,0
DA:154,0
DA:156,0
DA:158,0
DA:159,0
DA:161,0
DA:164,0
DA:165,0
DA:167,0
DA:171,0
DA:172,0
DA:173,0
DA:174,0
DA:175,0
DA:182,0
DA:183,0
DA:185,0
DA:186,0
DA:190,0
DA:210,0
DA:244,0
LF:37
LH:0
BRDA:148,0,0,0
BRDA:148,0,1,0
BRDA:158,1,0,0
BRDA:158,1,1,0
BRDA:199,2,0,0
BRDA:199,2,1,0
BRDA:199,2,2,0
BRDA:199,2,3,0
BRDA:209,3,0,0
BRDA:209,3,1,0
BRDA:243,4,0,0
BRDA:243,4,1,0
BRDA:276,5,0,0
BRDA:276,5,1,0
BRDA:276,5,2,0
BRDA:278,6,0,0
BRDA:278,6,1,0
BRDA:281,7,0,0
BRDA:281,7,1,0
BRDA:285,8,0,0
BRDA:285,8,1,0
BRF:21
BRH:0
end_of_record
TN:
SF:app/security-settings.tsx
FN:26,SecuritySettingsScreen
FN:30,(anonymous_1)
FN:32,(anonymous_2)
FN:33,(anonymous_3)
FN:35,(anonymous_4)
FN:35,(anonymous_5)
FN:55,(anonymous_6)
FN:56,(anonymous_7)
FN:65,(anonymous_8)
FN:127,(anonymous_9)
FN:150,(anonymous_10)
FN:189,(anonymous_11)
FNF:12
FNH:12
FNDA:24,SecuritySettingsScreen
FNDA:24,(anonymous_1)
FNDA:24,(anonymous_2)
FNDA:44,(anonymous_3)
FNDA:44,(anonymous_4)
FNDA:64,(anonymous_5)
FNDA:44,(anonymous_6)
FNDA:64,(anonymous_7)
FNDA:42,(anonymous_8)
FNDA:120,(anonymous_9)
FNDA:120,(anonymous_10)
FNDA:24,(anonymous_11)
DA:10,1
DA:18,1
DA:27,24
DA:28,24
DA:29,24
DA:30,24
DA:32,24
DA:33,44
DA:34,24
DA:35,64
DA:39,24
DA:47,24
DA:55,24
DA:56,44
DA:57,64
DA:58,63
DA:62,44
DA:65,42
DA:66,24
DA:68,24
DA:79,24
DA:81,24
DA:128,120
DA:129,120
DA:130,120
DA:132,120
DA:151,120
DA:189,24
LF:28
LH:28
BRDA:57,0,0,63
BRDA:57,0,1,1
BRDA:57,1,0,64
BRDA:57,1,1,63
BRDA:85,2,0,0
BRDA:85,2,1,24
BRDA:89,3,0,24
BRDA:89,3,1,0
BRDA:89,4,0,24
BRDA:89,4,1,0
BRDA:89,5,0,24
BRDA:89,5,1,0
BRDA:89,6,0,24
BRDA:89,6,1,0
BRDA:95,7,0,0
BRDA:95,7,1,24
BRDA:99,8,0,0
BRDA:99,8,1,24
BRDA:129,9,0,120
BRDA:129,9,1,0
BRDA:130,10,0,105
BRDA:130,10,1,15
BRDA:166,11,0,22
BRDA:166,11,1,2
BRDA:176,12,0,22
BRDA:176,12,1,2
BRDA:202,13,0,0
BRDA:202,13,1,24
BRDA:204,14,0,0
BRDA:204,14,1,24
BRDA:239,15,0,0
BRDA:239,15,1,24
BRDA:252,16,0,0
BRDA:252,16,1,24
BRDA:336,17,0,0
BRDA:336,17,1,24
BRF:36
BRH:23
end_of_record
TN:
SF:app/status.tsx
FN:32,StatusScreen
FN:42,(anonymous_1)
FN:62,(anonymous_2)
FN:66,(anonymous_3)
FN:80,(anonymous_4)
FN:88,(anonymous_5)
FN:89,(anonymous_6)
FN:92,(anonymous_7)
FN:122,(anonymous_8)
FN:125,(anonymous_9)
FN:136,(anonymous_10)
FN:141,(anonymous_11)
FN:142,(anonymous_12)
FN:149,(anonymous_13)
FN:163,(anonymous_14)
FNF:15
FNH:0
FNDA:0,StatusScreen
FNDA:0,(anonymous_1)
FNDA:0,(anonymous_2)
FNDA:0,(anonymous_3)
FNDA:0,(anonymous_4)
FNDA:0,(anonymous_5)
FNDA:0,(anonymous_6)
FNDA:0,(anonymous_7)
FNDA:0,(anonymous_8)
FNDA:0,(anonymous_9)
FNDA:0,(anonymous_10)
FNDA:0,(anonymous_11)
FNDA:0,(anonymous_12)
FNDA:0,(anonymous_13)
FNDA:0,(anonymous_14)
DA:33,0
DA:34,0
DA:35,0
DA:36,0
DA:37,0
DA:38,0
DA:40,0
DA:42,0
DA:43,0
DA:45,0
DA:56,0
DA:59,0
DA:62,0
DA:66,0
DA:80,0
DA:88,0
DA:90,0
DA:92,0
DA:122,0
DA:125,0
DA:136,0
DA:141,0
DA:143,0
DA:144,0
DA:146,0
DA:150,0
DA:151,0
DA:153,0
DA:163,0
LF:29
LH:0
BRDA:43,0,0,0
BRDA:43,0,1,0
BRDA:67,1,0,0
BRDA:67,1,1,0
BRDA:71,2,0,0
BRDA:71,2,1,0
BRDA:95,3,0,0
BRDA:95,3,1,0
BRDA:131,4,0,0
BRDA:131,4,1,0
BRDA:143,5,0,0
BRDA:143,5,1,0
BRDA:150,6,0,0
BRDA:150,6,1,0
BRDA:166,7,0,0
BRDA:166,7,1,0
BRDA:173,8,0,0
BRDA:173,8,1,0
BRDA:202,9,0,0
BRDA:202,9,1,0
BRF:20
BRH:0
end_of_record
TN:
SF:app/(tabs)/_layout.tsx
FN:8,TabLayout
FN:25,(anonymous_1)
FN:40,(anonymous_2)
FN:48,(anonymous_3)
FN:55,(anonymous_4)
FN:68,(anonymous_5)
FN:75,(anonymous_6)
FN:88,(anonymous_7)
FN:101,(anonymous_8)
FN:108,(anonymous_9)
FNF:10
FNH:0
FNDA:0,TabLayout
FNDA:0,(anonymous_1)
FNDA:0,(anonymous_2)
FNDA:0,(anonymous_3)
FNDA:0,(anonymous_4)
FNDA:0,(anonymous_5)
FNDA:0,(anonymous_6)
FNDA:0,(anonymous_7)
FNDA:0,(anonymous_8)
FNDA:0,(anonymous_9)
DA:9,0
DA:10,0
DA:25,0
DA:40,0
DA:48,0
DA:55,0
DA:68,0
DA:75,0
DA:88,0
DA:101,0
DA:108,0
DA:116,0
LF:12
LH:0
BRF:0
BRH:0
end_of_record
TN:
SF:app/(tabs)/about.tsx
FN:29,AboutScreen
FN:36,(anonymous_1)
FN:37,(anonymous_2)
FN:114,(anonymous_3)
FN:161,(anonymous_4)
FNF:5
FNH:0
FNDA:0,AboutScreen
FNDA:0,(anonymous_1)
FNDA:0,(anonymous_2)
FNDA:0,(anonymous_3)
FNDA:0,(anonymous_4)
DA:11,0
DA:16,0
DA:17,0
DA:18,0
DA:19,0
DA:30,0
DA:31,0
DA:32,0
DA:33,0
DA:34,0
DA:36,0
DA:37,0
DA:38,0
DA:42,0
DA:63,0
DA:64,0
DA:115,0
DA:161,0
DA:345,0
LF:19
LH:0
BRDA:38,0,0,0
BRDA:38,0,1,0
BRDA:65,1,0,0
BRDA:65,1,1,0
BRDA:67,2,0,0
BRDA:67,2,1,0
BRDA:71,3,0,0
BRDA:71,3,1,0
BRDA:74,4,0,0
BRDA:74,4,1,0
BRDA:75,5,0,0
BRDA:75,5,1,0
BRDA:83,6,0,0
BRDA:83,6,1,0
BRDA:86,7,0,0
BRDA:86,7,1,0
BRDA:87,8,0,0
BRDA:87,8,1,0
BRDA:94,9,0,0
BRDA:94,9,1,0
BRDA:98,10,0,0
BRDA:98,10,1,0
BRDA:101,11,0,0
BRDA:101,11,1,0
BRDA:102,12,0,0
BRDA:102,12,1,0
BRDA:103,13,0,0
BRDA:103,13,1,0
BRDA:113,14,0,0
BRDA:113,14,1,0
BRDA:119,15,0,0
BRDA:119,15,1,0
BRDA:120,16,0,0
BRDA:120,16,1,0
BRDA:161,17,0,0
BRDA:161,17,1,0
BRF:36
BRH:0
end_of_record
TN:
SF:app/(tabs)/achievements.tsx
FN:12,AchievementsScreen
FN:61,(anonymous_1)
FN:112,(anonymous_2)
FNF:3
FNH:0
FNDA:0,AchievementsScreen
FNDA:0,(anonymous_1)
FNDA:0,(anonymous_2)
DA:13,0
DA:14,0
DA:17,0
DA:50,0
DA:62,0
DA:63,0
DA:112,0
DA:113,0
LF:8
LH:0
BRDA:68,0,0,0
BRDA:68,0,1,0
BRDA:75,1,0,0
BRDA:75,1,1,0
BRDA:85,2,0,0
BRDA:85,2,1,0
BRDA:93,3,0,0
BRDA:93,3,1,0
BRDA:93,3,2,0
BRDA:99,4,0,0
BRDA:99,4,1,0
BRF:11
BRH:0
end_of_record
TN:
SF:app/(tabs)/alerts.tsx
FN:5,AlertsRedirect
FNF:1
FNH:0
FNDA:0,AlertsRedirect
DA:6,0
DA:7,0
LF:2
LH:0
BRF:0
BRH:0
end_of_record
TN:
SF:app/(tabs)/analytics.tsx
FN:23,AnalyticsScreen
FN:26,(anonymous_1)
FN:29,(anonymous_2)
FN:34,(anonymous_3)
FN:50,(anonymous_4)
FN:55,(anonymous_5)
FN:62,(anonymous_6)
FN:85,(anonymous_7)
FN:99,(anonymous_8)
FN:126,(anonymous_9)
FN:139,(anonymous_10)
FN:155,(anonymous_11)
FN:161,(anonymous_12)
FN:177,(anonymous_13)
FN:191,(anonymous_14)
FN:198,(anonymous_15)
FN:256,(anonymous_16)
FN:266,(anonymous_17)
FN:330,(anonymous_18)
FN:383,(anonymous_19)
FN:461,(anonymous_20)
FN:469,(anonymous_21)
FN:477,(anonymous_22)
FN:485,(anonymous_23)
FN:501,(anonymous_24)
FNF:25
FNH:0
FNDA:0,AnalyticsScreen
FNDA:0,(anonymous_1)
FNDA:0,(anonymous_2)
FNDA:0,(anonymous_3)
FNDA:0,(anonymous_4)
FNDA:0,(anonymous_5)
FNDA:0,(anonymous_6)
FNDA:0,(anonymous_7)
FNDA:0,(anonymous_8)
FNDA:0,(anonymous_9)
FNDA:0,(anonymous_10)
FNDA:0,(anonymous_11)
FNDA:0,(anonymous_12)
FNDA:0,(anonymous_13)
FNDA:0,(anonymous_14)
FNDA:0,(anonymous_15)
FNDA:0,(anonymous_16)
FNDA:0,(anonymous_17)
FNDA:0,(anonymous_18)
FNDA:0,(anonymous_19)
FNDA:0,(anonymous_20)
FNDA:0,(anonymous_21)
FNDA:0,(anonymous_22)
FNDA:0,(anonymous_23)
FNDA:0,(anonymous_24)
DA:24,0
DA:25,0
DA:26,0
DA:27,0
DA:29,0
DA:30,0
DA:31,0
DA:35,0
DA:50,0
DA:51,0
DA:52,0
DA:56,0
DA:60,0
DA:62,0
DA:69,0
DA:85,0
DA:91,0
DA:92,0
DA:93,0
DA:94,0
DA:96,0
DA:100,0
DA:101,0
DA:102,0
DA:103,0
DA:105,0
DA:127,0
DA:139,0
DA:144,0
DA:145,0
DA:146,0
DA:147,0
DA:149,0
DA:151,0
DA:152,0
DA:153,0
DA:155,0
DA:156,0
DA:157,0
DA:158,0
DA:161,0
DA:162,0
DA:163,0
DA:166,0
DA:178,0
DA:191,0
DA:192,0
DA:198,0
DA:200,0
DA:256,0
DA:257,0
DA:263,0
DA:266,0
DA:267,0
DA:270,0
DA:330,0
DA:332,0
DA:383,0
DA:385,0
DA:436,0
DA:461,0
DA:469,0
DA:477,0
DA:485,0
DA:501,0
LF:65
LH:0
BRDA:79,0,0,0
BRDA:79,0,1,0
BRDA:85,1,0,0
BRDA:100,2,0,0
BRDA:100,2,1,0
BRDA:128,3,0,0
BRDA:128,3,1,0
BRDA:128,4,0,0
BRDA:128,4,1,0
BRDA:139,5,0,0
BRDA:149,6,0,0
BRDA:149,6,1,0
BRDA:153,7,0,0
BRDA:153,7,1,0
BRDA:156,8,0,0
BRDA:156,8,1,0
BRDA:162,9,0,0
BRDA:162,9,1,0
BRDA:460,10,0,0
BRDA:460,10,1,0
BRDA:463,11,0,0
BRDA:463,11,1,0
BRDA:468,12,0,0
BRDA:468,12,1,0
BRDA:471,13,0,0
BRDA:471,13,1,0
BRDA:476,14,0,0
BRDA:476,14,1,0
BRDA:479,15,0,0
BRDA:479,15,1,0
BRDA:484,16,0,0
BRDA:484,16,1,0
BRDA:487,17,0,0
BRDA:487,17,1,0
BRDA:493,18,0,0
BRDA:493,18,1,0
BRDA:494,19,0,0
BRDA:494,19,1,0
BRDA:495,20,0,0
BRDA:495,20,1,0
BRDA:496,21,0,0
BRDA:496,21,1,0
BRF:42
BRH:0
end_of_record
TN:
SF:app/(tabs)/calls.tsx
FN:25,CallsScreen
FN:32,(anonymous_1)
FN:43,(anonymous_2)
FN:50,(anonymous_3)
FN:67,(anonymous_4)
FN:79,(anonymous_5)
FN:82,(anonymous_6)
FN:103,(anonymous_7)
FN:112,(anonymous_8)
FN:137,(anonymous_9)
FN:146,(anonymous_10)
FNF:11
FNH:0
FNDA:0,CallsScreen
FNDA:0,(anonymous_1)
FNDA:0,(anonymous_2)
FNDA:0,(anonymous_3)
FNDA:0,(anonymous_4)
FNDA:0,(anonymous_5)
FNDA:0,(anonymous_6)
FNDA:0,(anonymous_7)
FNDA:0,(anonymous_8)
FNDA:0,(anonymous_9)
FNDA:0,(anonymous_10)
DA:26,0
DA:27,0
DA:28,0
DA:30,0
DA:32,0
DA:33,0
DA:34,0
DA:43,0
DA:44,0
DA:45,0
DA:46,0
DA:47,0
DA:50,0
DA:51,0
DA:52,0
DA:53,0
DA:54,0
DA:56,0
DA:57,0
DA:58,0
DA:59,0
DA:60,0
DA:61,0
DA:63,0
DA:67,0
DA:68,0
DA:69,0
DA:70,0
DA:71,0
DA:72,0
DA:73,0
DA:75,0
DA:79,0
DA:80,0
DA:82,0
DA:104,0
DA:105,0
DA:113,0
DA:114,0
DA:124,0
DA:137,0
DA:146,0
LF:42
LH:0
BRDA:44,0,0,0
BRDA:44,0,1,0
BRDA:56,1,0,0
BRDA:56,1,1,0
BRDA:58,2,0,0
BRDA:58,2,1,0
BRDA:60,3,0,0
BRDA:60,3,1,0
BRDA:68,4,0,0
BRDA:68,4,1,0
BRDA:70,5,0,0
BRDA:70,5,1,0
BRDA:72,6,0,0
BRDA:72,6,1,0
BRDA:75,7,0,0
BRDA:75,7,1,0
BRDA:91,8,0,0
BRDA:91,8,1,0
BRDA:95,9,0,0
BRDA:95,9,1,0
BRDA:96,10,0,0
BRDA:96,10,1,0
BRDA:108,11,0,0
BRDA:108,11,1,0
BRDA:117,12,0,0
BRDA:117,12,1,0
BRDA:126,13,0,0
BRDA:126,13,1,0
BRDA:196,14,0,0
BRDA:196,14,1,0
BRF:30
BRH:0
end_of_record
TN:
SF:app/(tabs)/contacts.tsx
FN:25,ContactsScreen
FN:35,(anonymous_1)
FN:39,(anonymous_2)
FN:42,(anonymous_3)
FN:44,(anonymous_4)
FN:52,(anonymous_5)
FN:64,(anonymous_6)
FN:71,(anonymous_7)
FN:72,(anonymous_8)
FN:75,(anonymous_9)
FN:75,(anonymous_10)
FN:79,(anonymous_11)
FN:88,(anonymous_12)
FN:102,(anonymous_13)
FN:116,(anonymous_14)
FN:137,(anonymous_15)
FN:146,(anonymous_16)
FN:183,(anonymous_17)
FN:199,(anonymous_18)
FN:208,(anonymous_19)
FNF:20
FNH:0
FNDA:0,ContactsScreen
FNDA:0,(anonymous_1)
FNDA:0,(anonymous_2)
FNDA:0,(anonymous_3)
FNDA:0,(anonymous_4)
FNDA:0,(anonymous_5)
FNDA:0,(anonymous_6)
FNDA:0,(anonymous_7)
FNDA:0,(anonymous_8)
FNDA:0,(anonymous_9)
FNDA:0,(anonymous_10)
FNDA:0,(anonymous_11)
FNDA:0,(anonymous_12)
FNDA:0,(anonymous_13)
FNDA:0,(anonymous_14)
FNDA:0,(anonymous_15)
FNDA:0,(anonymous_16)
FNDA:0,(anonymous_17)
FNDA:0,(anonymous_18)
FNDA:0,(anonymous_19)
DA:26,0
DA:27,0
DA:28,0
DA:29,0
DA:30,0
DA:31,0
DA:33,0
DA:35,0
DA:36,0
DA:39,0
DA:40,0
DA:41,0
DA:43,0
DA:44,0
DA:46,0
DA:48,0
DA:52,0
DA:53,0
DA:54,0
DA:55,0
DA:56,0
DA:57,0
DA:60,0
DA:64,0
DA:65,0
DA:66,0
DA:70,0
DA:71,0
DA:72,0
DA:75,0
DA:79,0
DA:81,0
DA:82,0
DA:84,0
DA:88,0
DA:89,0
DA:90,0
DA:91,0
DA:102,0
DA:103,0
DA:104,0
DA:105,0
DA:116,0
DA:117,0
DA:138,0
DA:139,0
DA:147,0
DA:148,0
DA:157,0
DA:158,0
DA:171,0
DA:183,0
DA:199,0
DA:208,0
LF:54
LH:0
BRDA:40,0,0,0
BRDA:40,0,1,0
BRDA:43,1,0,0
BRDA:43,1,1,0
BRDA:55,2,0,0
BRDA:55,2,1,0
BRDA:71,3,0,0
BRDA:71,3,1,0
BRDA:71,3,2,0
BRDA:74,4,0,0
BRDA:74,4,1,0
BRDA:76,5,0,0
BRDA:76,5,1,0
BRDA:90,6,0,0
BRDA:90,6,1,0
BRDA:90,7,0,0
BRDA:90,7,1,0
BRDA:104,8,0,0
BRDA:104,8,1,0
BRDA:104,9,0,0
BRDA:104,9,1,0
BRDA:119,10,0,0
BRDA:119,10,1,0
BRDA:122,11,0,0
BRDA:122,11,1,0
BRDA:130,12,0,0
BRDA:130,12,1,0
BRDA:130,12,2,0
BRDA:142,13,0,0
BRDA:142,13,1,0
BRDA:151,14,0,0
BRDA:151,14,1,0
BRDA:157,15,0,0
BRDA:157,15,1,0
BRDA:182,16,0,0
BRDA:182,16,1,0
BRDA:189,17,0,0
BRDA:189,17,1,0
BRDA:193,18,0,0
BRDA:193,18,1,0
BRDA:263,19,0,0
BRDA:263,19,1,0
BRDA:269,20,0,0
BRDA:269,20,1,0
BRDA:294,21,0,0
BRDA:294,21,1,0
BRDA:312,22,0,0
BRDA:312,22,1,0
BRF:48
BRH:0
end_of_record
TN:
SF:app/(tabs)/custom-emojis.tsx
FN:32,CustomEmojisScreen
FN:34,(anonymous_1)
FN:42,(anonymous_2)
FN:54,(anonymous_3)
FN:59,(anonymous_4)
FN:63,(anonymous_5)
FN:65,(anonymous_6)
FN:71,(anonymous_7)
FN:80,(anonymous_8)
FN:95,(anonymous_9)
FN:101,(anonymous_10)
FN:113,(anonymous_11)
FN:123,(anonymous_12)
FN:137,(anonymous_13)
FN:157,(anonymous_14)
FN:186,(anonymous_15)
FN:197,(anonymous_16)
FN:198,(anonymous_17)
FN:206,createStyles
FNF:19
FNH:0
FNDA:0,CustomEmojisScreen
FNDA:0,(anonymous_1)
FNDA:0,(anonymous_2)
FNDA:0,(anonymous_3)
FNDA:0,(anonymous_4)
FNDA:0,(anonymous_5)
FNDA:0,(anonymous_6)
FNDA:0,(anonymous_7)
FNDA:0,(anonymous_8)
FNDA:0,(anonymous_9)
FNDA:0,(anonymous_10)
FNDA:0,(anonymous_11)
FNDA:0,(anonymous_12)
FNDA:0,(anonymous_13)
FNDA:0,(anonymous_14)
FNDA:0,(anonymous_15)
FNDA:0,(anonymous_16)
FNDA:0,(anonymous_17)
FNDA:0,createStyles
DA:33,0
DA:34,0
DA:36,0
DA:37,0
DA:38,0
DA:39,0
DA:42,0
DA:43,0
DA:45,0
DA:47,0
DA:48,0
DA:50,0
DA:54,0
DA:55,0
DA:59,0
DA:60,0
DA:61,0
DA:63,0
DA:64,0
DA:65,0
DA:71,0
DA:72,0
DA:81,0
DA:82,0
DA:83,0
DA:84,0
DA:86,0
DA:87,0
DA:95,0
DA:96,0
DA:97,0
DA:98,0
DA:101,0
DA:102,0
DA:114,0
DA:123,0
DA:130,0
DA:138,0
DA:139,0
DA:157,0
DA:186,0
DA:197,0
DA:199,0
DA:207,0
LF:44
LH:0
BRDA:50,0,0,0
BRDA:50,0,1,0
BRDA:60,1,0,0
BRDA:60,1,1,0
BRDA:64,2,0,0
BRDA:64,2,1,0
BRDA:64,2,2,0
BRDA:86,3,0,0
BRDA:86,3,1,0
BRDA:108,4,0,0
BRDA:108,4,1,0
BRDA:111,5,0,0
BRDA:111,5,1,0
BRDA:111,5,2,0
BRDA:156,6,0,0
BRDA:156,6,1,0
BRDA:171,7,0,0
BRDA:171,7,1,0
BRDA:174,8,0,0
BRDA:174,8,1,0
BRDA:177,9,0,0
BRDA:177,9,1,0
BRF:22
BRH:0
end_of_record
TN:
SF:app/(tabs)/index.tsx
FN:52,MonitoringScreen
FN:64,(anonymous_1)
FN:68,(anonymous_2)
FN:71,(anonymous_3)
FN:74,(anonymous_4)
FN:76,(anonymous_5)
FN:79,(anonymous_6)
FN:85,(anonymous_7)
FN:92,(anonymous_8)
FN:96,(anonymous_9)
FN:100,(anonymous_10)
FN:110,(anonymous_11)
FN:133,(anonymous_12)
FN:138,(anonymous_13)
FN:147,(anonymous_14)
FN:157,(anonymous_15)
FN:162,(anonymous_16)
FN:191,(anonymous_17)
FN:284,(anonymous_18)
FN:290,(anonymous_19)
FN:309,(anonymous_20)
FN:313,(anonymous_21)
FN:335,(anonymous_22)
FN:342,(anonymous_23)
FN:346,(anonymous_24)
FN:367,(anonymous_25)
FN:376,(anonymous_26)
FN:392,(anonymous_27)
FNF:28
FNH:20
FNDA:26,MonitoringScreen
FNDA:26,(anonymous_1)
FNDA:46,(anonymous_2)
FNDA:26,(anonymous_3)
FNDA:46,(anonymous_4)
FNDA:92,(anonymous_5)
FNDA:92,(anonymous_6)
FNDA:26,(anonymous_7)
FNDA:4,(anonymous_8)
FNDA:7,(anonymous_9)
FNDA:4,(anonymous_10)
FNDA:0,(anonymous_11)
FNDA:2,(anonymous_12)
FNDA:0,(anonymous_13)
FNDA:2,(anonymous_14)
FNDA:0,(anonymous_15)
FNDA:44,(anonymous_16)
FNDA:2,(anonymous_17)
FNDA:0,(anonymous_18)
FNDA:2,(anonymous_19)
FNDA:12,(anonymous_20)
FNDA:1,(anonymous_21)
FNDA:0,(anonymous_22)
FNDA:15,(anonymous_23)
FNDA:0,(anonymous_24)
FNDA:0,(anonymous_25)
FNDA:0,(anonymous_26)
FNDA:26,(anonymous_27)
DA:18,1
DA:19,1
DA:20,1
DA:21,1
DA:34,1
DA:42,1
DA:53,26
DA:54,26
DA:55,26
DA:56,26
DA:57,26
DA:58,26
DA:59,26
DA:60,26
DA:61,26
DA:62,26
DA:64,26
DA:67,26
DA:68,46
DA:71,26
DA:72,26
DA:73,25
DA:74,25
DA:75,46
DA:76,92
DA:78,46
DA:79,92
DA:82,25
DA:85,26
DA:86,26
DA:87,25
DA:90,25
DA:91,2
DA:92,2
DA:94,4
DA:96,7
DA:99,4
DA:100,4
DA:101,4
DA:104,4
DA:109,25
DA:110,0
DA:114,25
DA:115,1
DA:116,1
DA:119,1
DA:121,1
DA:122,1
DA:124,0
DA:125,0
DA:127,0
DA:128,0
DA:130,0
DA:133,2
DA:137,25
DA:138,0
DA:139,0
DA:144,25
DA:147,26
DA:148,2
DA:149,2
DA:150,2
DA:157,26
DA:158,0
DA:159,0
DA:162,26
DA:163,44
DA:164,44
DA:165,44
DA:166,44
DA:173,44
DA:176,44
DA:180,44
DA:186,44
DA:188,44
DA:192,2
DA:193,2
DA:223,26
DA:284,0
DA:291,2
DA:292,2
DA:310,12
DA:314,1
DA:315,1
DA:336,0
DA:337,0
DA:343,15
DA:347,0
DA:348,0
DA:367,0
DA:376,0
DA:392,26
LF:92
LH:75
BRDA:67,0,0,26
BRDA:67,0,1,3
BRDA:68,1,0,26
BRDA:68,1,1,3
BRDA:68,2,0,46
BRDA:68,2,1,0
BRDA:72,3,0,1
BRDA:72,3,1,25
BRDA:72,4,0,26
BRDA:72,4,1,25
BRDA:75,5,0,46
BRDA:75,5,1,0
BRDA:78,6,0,46
BRDA:78,6,1,0
BRDA:86,7,0,1
BRDA:86,7,1,25
BRDA:86,8,0,26
BRDA:86,8,1,25
BRDA:90,9,0,2
BRDA:90,9,1,23
BRDA:94,10,0,0
BRDA:94,10,1,4
BRDA:94,11,0,4
BRDA:94,11,1,0
BRDA:99,12,0,4
BRDA:99,12,1,0
BRDA:101,13,0,4
BRDA:101,13,1,0
BRDA:104,14,0,4
BRDA:104,14,1,3
BRDA:109,15,0,0
BRDA:109,15,1,25
BRDA:114,16,0,1
BRDA:114,16,1,24
BRDA:119,17,0,1
BRDA:119,17,1,0
BRDA:119,17,2,0
BRDA:119,17,3,0
BRDA:137,18,0,0
BRDA:137,18,1,25
BRDA:139,19,0,0
BRDA:139,19,1,0
BRDA:151,20,0,0
BRDA:151,20,1,2
BRDA:163,21,0,0
BRDA:163,21,1,44
BRDA:164,22,0,44
BRDA:164,22,1,0
BRDA:165,23,0,44
BRDA:165,23,1,0
BRDA:173,24,0,0
BRDA:173,24,1,44
BRDA:174,25,0,0
BRDA:174,25,1,0
BRDA:175,26,0,44
BRDA:175,26,1,0
BRDA:176,27,0,0
BRDA:176,27,1,44
BRDA:177,28,0,0
BRDA:177,28,1,0
BRDA:178,29,0,44
BRDA:178,29,1,0
BRDA:186,30,0,0
BRDA:186,30,1,44
BRDA:186,31,0,44
BRDA:186,31,1,0
BRDA:197,32,0,44
BRDA:197,32,1,0
BRDA:203,33,0,44
BRDA:203,33,1,44
BRDA:211,34,0,44
BRDA:211,34,1,44
BRDA:212,35,0,44
BRDA:212,35,1,0
BRDA:214,36,0,44
BRDA:214,36,1,0
BRDA:226,37,0,0
BRDA:226,37,1,26
BRDA:232,38,0,26
BRDA:232,38,1,0
BRDA:233,39,0,26
BRDA:233,39,1,26
BRDA:241,40,0,0
BRDA:241,40,1,26
BRDA:244,41,0,0
BRDA:244,41,1,26
BRDA:254,42,0,0
BRDA:254,42,1,26
BRDA:261,43,0,26
BRDA:261,43,1,0
BRDA:264,44,0,26
BRDA:264,44,1,26
BRDA:264,44,2,23
BRDA:283,45,0,26
BRDA:283,45,1,2
BRDA:285,46,0,2
BRDA:285,46,1,0
BRDA:289,47,0,26
BRDA:289,47,1,3
BRDA:296,48,0,3
BRDA:296,48,1,23
BRDA:296,49,0,23
BRDA:296,49,1,0
BRDA:301,50,0,26
BRDA:301,50,1,3
BRDA:312,51,0,12
BRDA:312,51,1,3
BRDA:318,52,0,12
BRDA:318,52,1,3
BRDA:319,53,0,3
BRDA:319,53,1,9
BRDA:319,54,0,3
BRDA:319,54,1,6
BRDA:319,55,0,3
BRDA:319,55,1,3
BRDA:326,56,0,3
BRDA:326,56,1,3
BRDA:329,57,0,3
BRDA:329,57,1,0
BRDA:334,58,0,3
BRDA:334,58,1,3
BRDA:340,59,0,3
BRDA:340,59,1,3
BRDA:345,60,0,15
BRDA:345,60,1,0
BRDA:351,61,0,15
BRDA:351,61,1,0
BRDA:352,62,0,0
BRDA:352,62,1,15
BRDA:383,63,0,26
BRDA:383,63,1,0
BRDA:554,64,0,0
BRDA:554,64,1,26
BRDA:572,65,0,0
BRDA:572,65,1,26
BRDA:575,66,0,0
BRDA:575,66,1,26
BRDA:622,67,0,0
BRDA:622,67,1,26
BRF:139
BRH:91
end_of_record
TN:
SF:app/(tabs)/lessons.tsx
FN:12,LessonsScreen
FN:63,(anonymous_1)
FN:123,(anonymous_2)
FNF:3
FNH:0
FNDA:0,LessonsScreen
FNDA:0,(anonymous_1)
FNDA:0,(anonymous_2)
DA:13,0
DA:14,0
DA:17,0
DA:52,0
DA:64,0
DA:123,0
DA:124,0
LF:7
LH:0
BRDA:68,0,0,0
BRDA:68,0,1,0
BRDA:72,1,0,0
BRDA:72,1,1,0
BRDA:83,2,0,0
BRDA:83,2,1,0
BRDA:88,3,0,0
BRDA:88,3,1,0
BRDA:99,4,0,0
BRDA:99,4,1,0
BRDA:99,4,2,0
BRDA:111,5,0,0
BRDA:111,5,1,0
BRF:13
BRH:0
end_of_record
TN:
SF:app/(tabs)/messenger-settings.tsx
FN:8,MessengerSettingsScreen
FN:59,(anonymous_1)
FNF:2
FNH:0
FNDA:0,MessengerSettingsScreen
FNDA:0,(anonymous_1)
DA:9,0
DA:10,0
DA:12,0
DA:59,0
DA:60,0
LF:5
LH:0
BRDA:20,0,0,0
BRDA:20,0,1,0
BRDA:30,1,0,0
BRDA:30,1,1,0
BRDA:41,2,0,0
BRDA:41,2,1,0
BRF:6
BRH:0
end_of_record
TN:
SF:app/(tabs)/profile.tsx
FN:179,ProfileScreen
FN:185,(anonymous_1)
FN:186,(anonymous_2)
FN:201,(anonymous_3)
FN:230,(anonymous_4)
FN:232,(anonymous_5)
FN:235,(anonymous_6)
FN:236,(anonymous_7)
FN:309,(anonymous_8)
FN:311,(anonymous_9)
FN:312,(anonymous_10)
FN:322,(anonymous_11)
FN:338,(anonymous_12)
FN:343,(anonymous_13)
FN:354,(anonymous_14)
FN:364,(anonymous_15)
FN:380,(anonymous_16)
FN:386,(anonymous_17)
FN:427,(anonymous_18)
FN:439,(anonymous_19)
FN:441,(anonymous_20)
FN:445,(anonymous_21)
FN:447,(anonymous_22)
FN:464,(anonymous_23)
FN:595,(anonymous_24)
FN:670,(anonymous_25)
FN:694,(anonymous_26)
FN:698,(anonymous_27)
FN:815,(anonymous_28)
FN:873,(anonymous_29)
FN:882,(anonymous_30)
FN:884,(anonymous_31)
FN:911,(anonymous_32)
FN:921,(anonymous_33)
FN:935,(anonymous_34)
FN:945,(anonymous_35)
FN:972,(anonymous_36)
FN:976,(anonymous_37)
FN:996,(anonymous_38)
FN:1000,(anonymous_39)
FN:1057,(anonymous_40)
FN:1116,(anonymous_41)
FNF:42
FNH:0
FNDA:0,ProfileScreen
FNDA:0,(anonymous_1)
FNDA:0,(anonymous_2)
FNDA:0,(anonymous_3)
FNDA:0,(anonymous_4)
FNDA:0,(anonymous_5)
FNDA:0,(anonymous_6)
FNDA:0,(anonymous_7)
FNDA:0,(anonymous_8)
FNDA:0,(anonymous_9)
FNDA:0,(anonymous_10)
FNDA:0,(anonymous_11)
FNDA:0,(anonymous_12)
FNDA:0,(anonymous_13)
FNDA:0,(anonymous_14)
FNDA:0,(anonymous_15)
FNDA:0,(anonymous_16)
FNDA:0,(anonymous_17)
FNDA:0,(anonymous_18)
FNDA:0,(anonymous_19)
FNDA:0,(anonymous_20)
FNDA:0,(anonymous_21)
FNDA:0,(anonymous_22)
FNDA:0,(anonymous_23)
FNDA:0,(anonymous_24)
FNDA:0,(anonymous_25)
FNDA:0,(anonymous_26)
FNDA:0,(anonymous_27)
FNDA:0,(anonymous_28)
FNDA:0,(anonymous_29)
FNDA:0,(anonymous_30)
FNDA:0,(anonymous_31)
FNDA:0,(anonymous_32)
FNDA:0,(anonymous_33)
FNDA:0,(anonymous_34)
FNDA:0,(anonymous_35)
FNDA:0,(anonymous_36)
FNDA:0,(anonymous_37)
FNDA:0,(anonymous_38)
FNDA:0,(anonymous_39)
FNDA:0,(anonymous_40)
FNDA:0,(anonymous_41)
DA:53,0
DA:68,0
DA:82,0
DA:101,0
DA:143,0
DA:164,0
DA:172,0
DA:180,0
DA:181,0
DA:182,0
DA:185,0
DA:186,0
DA:187,0
DA:188,0
DA:189,0
DA:191,0
DA:192,0
DA:193,0
DA:194,0
DA:195,0
DA:196,0
DA:197,0
DA:198,0
DA:199,0
DA:200,0
DA:201,0
DA:202,0
DA:203,0
DA:218,0
DA:220,0
DA:221,0
DA:222,0
DA:230,0
DA:232,0
DA:233,0
DA:234,0
DA:235,0
DA:236,0
DA:237,0
DA:238,0
DA:247,0
DA:253,0
DA:259,0
DA:261,0
DA:263,0
DA:265,0
DA:309,0
DA:310,0
DA:311,0
DA:312,0
DA:313,0
DA:314,0
DA:322,0
DA:323,0
DA:324,0
DA:325,0
DA:327,0
DA:328,0
DA:329,0
DA:330,0
DA:331,0
DA:333,0
DA:334,0
DA:338,0
DA:339,0
DA:340,0
DA:341,0
DA:342,0
DA:343,0
DA:344,0
DA:349,0
DA:350,0
DA:354,0
DA:355,0
DA:356,0
DA:357,0
DA:358,0
DA:360,0
DA:364,0
DA:365,0
DA:366,0
DA:367,0
DA:369,0
DA:370,0
DA:371,0
DA:372,0
DA:373,0
DA:375,0
DA:380,0
DA:381,0
DA:382,0
DA:383,0
DA:386,0
DA:387,0
DA:388,0
DA:389,0
DA:390,0
DA:393,0
DA:394,0
DA:396,0
DA:397,0
DA:399,0
DA:402,0
DA:403,0
DA:406,0
DA:409,0
DA:410,0
DA:412,0
DA:413,0
DA:415,0
DA:416,0
DA:417,0
DA:419,0
DA:421,0
DA:422,0
DA:427,0
DA:428,0
DA:429,0
DA:430,0
DA:431,0
DA:432,0
DA:434,0
DA:435,0
DA:439,0
DA:440,0
DA:441,0
DA:442,0
DA:445,0
DA:446,0
DA:447,0
DA:448,0
DA:451,0
DA:452,0
DA:461,0
DA:462,0
DA:463,0
DA:464,0
DA:466,0
DA:555,0
DA:596,0
DA:597,0
DA:598,0
DA:600,0
DA:601,0
DA:602,0
DA:603,0
DA:606,0
DA:607,0
DA:611,0
DA:612,0
DA:613,0
DA:614,0
DA:615,0
DA:616,0
DA:618,0
DA:619,0
DA:620,0
DA:627,0
DA:629,0
DA:630,0
DA:671,0
DA:672,0
DA:695,0
DA:699,0
DA:700,0
DA:816,0
DA:874,0
DA:875,0
DA:883,0
DA:884,0
DA:885,0
DA:886,0
DA:894,0
DA:896,0
DA:912,0
DA:922,0
DA:923,0
DA:924,0
DA:925,0
DA:927,0
DA:936,0
DA:937,0
DA:946,0
DA:947,0
DA:948,0
DA:950,0
DA:973,0
DA:977,0
DA:978,0
DA:979,0
DA:997,0
DA:1001,0
DA:1002,0
DA:1004,0
DA:1005,0
DA:1006,0
DA:1007,0
DA:1008,0
DA:1010,0
DA:1014,0
DA:1057,0
DA:1116,0
LF:202
LH:0
BRDA:185,0,0,0
BRDA:185,0,1,0
BRDA:185,1,0,0
BRDA:185,1,1,0
BRDA:186,2,0,0
BRDA:186,2,1,0
BRDA:186,3,0,0
BRDA:186,3,1,0
BRDA:194,4,0,0
BRDA:194,4,1,0
BRDA:203,5,0,0
BRDA:203,5,1,0
BRDA:220,6,0,0
BRDA:220,6,1,0
BRDA:221,7,0,0
BRDA:221,7,1,0
BRDA:222,8,0,0
BRDA:222,8,1,0
BRDA:233,9,0,0
BRDA:233,9,1,0
BRDA:235,10,0,0
BRDA:235,10,1,0
BRDA:237,11,0,0
BRDA:237,11,1,0
BRDA:238,12,0,0
BRDA:238,12,1,0
BRDA:247,13,0,0
BRDA:247,13,1,0
BRDA:249,14,0,0
BRDA:249,14,1,0
BRDA:253,15,0,0
BRDA:253,15,1,0
BRDA:255,16,0,0
BRDA:255,16,1,0
BRDA:259,17,0,0
BRDA:259,17,1,0
BRDA:261,18,0,0
BRDA:261,18,1,0
BRDA:261,19,0,0
BRDA:261,19,1,0
BRDA:263,20,0,0
BRDA:263,20,1,0
BRDA:278,21,0,0
BRDA:278,21,1,0
BRDA:286,22,0,0
BRDA:286,22,1,0
BRDA:302,23,0,0
BRDA:302,23,1,0
BRDA:313,24,0,0
BRDA:313,24,1,0
BRDA:323,25,0,0
BRDA:323,25,1,0
BRDA:333,26,0,0
BRDA:333,26,1,0
BRDA:334,27,0,0
BRDA:334,27,1,0
BRDA:345,28,0,0
BRDA:345,28,1,0
BRDA:346,29,0,0
BRDA:346,29,1,0
BRDA:349,30,0,0
BRDA:349,30,1,0
BRDA:350,31,0,0
BRDA:350,31,1,0
BRDA:360,32,0,0
BRDA:360,32,1,0
BRDA:365,33,0,0
BRDA:365,33,1,0
BRDA:366,34,0,0
BRDA:366,34,1,0
BRDA:367,35,0,0
BRDA:367,35,1,0
BRDA:369,36,0,0
BRDA:369,36,1,0
BRDA:369,37,0,0
BRDA:369,37,1,0
BRDA:370,38,0,0
BRDA:370,38,1,0
BRDA:370,38,2,0
BRDA:372,39,0,0
BRDA:372,39,1,0
BRDA:387,40,0,0
BRDA:387,40,1,0
BRDA:397,41,0,0
BRDA:397,41,1,0
BRDA:399,42,0,0
BRDA:399,42,1,0
BRDA:401,43,0,0
BRDA:401,43,1,0
BRDA:406,44,0,0
BRDA:406,44,1,0
BRDA:407,45,0,0
BRDA:407,45,1,0
BRDA:415,46,0,0
BRDA:415,46,1,0
BRDA:416,47,0,0
BRDA:416,47,1,0
BRDA:421,48,0,0
BRDA:421,48,1,0
BRDA:434,49,0,0
BRDA:434,49,1,0
BRDA:451,50,0,0
BRDA:451,50,1,0
BRDA:461,51,0,0
BRDA:461,51,1,0
BRDA:462,52,0,0
BRDA:462,52,1,0
BRDA:464,53,0,0
BRDA:464,53,1,0
BRDA:487,54,0,0
BRDA:487,54,1,0
BRDA:535,55,0,0
BRDA:535,55,1,0
BRDA:563,56,0,0
BRDA:563,56,1,0
BRDA:568,57,0,0
BRDA:568,57,1,0
BRDA:568,58,0,0
BRDA:568,58,1,0
BRDA:584,59,0,0
BRDA:584,59,1,0
BRDA:590,60,0,0
BRDA:590,60,1,0
BRDA:598,61,0,0
BRDA:598,61,1,0
BRDA:600,62,0,0
BRDA:600,62,1,0
BRDA:602,63,0,0
BRDA:602,63,1,0
BRDA:611,64,0,0
BRDA:611,64,1,0
BRDA:611,65,0,0
BRDA:611,65,1,0
BRDA:614,66,0,0
BRDA:614,66,1,0
BRDA:618,67,0,0
BRDA:618,67,1,0
BRDA:633,68,0,0
BRDA:633,68,1,0
BRDA:634,69,0,0
BRDA:634,69,1,0
BRDA:640,70,0,0
BRDA:640,70,1,0
BRDA:705,71,0,0
BRDA:705,71,1,0
BRDA:745,72,0,0
BRDA:745,72,1,0
BRDA:759,73,0,0
BRDA:759,73,1,0
BRDA:766,74,0,0
BRDA:766,74,1,0
BRDA:773,75,0,0
BRDA:773,75,1,0
BRDA:773,75,2,0
BRDA:775,76,0,0
BRDA:775,76,1,0
BRDA:778,77,0,0
BRDA:778,77,1,0
BRDA:784,78,0,0
BRDA:784,78,1,0
BRDA:790,79,0,0
BRDA:790,79,1,0
BRDA:795,80,0,0
BRDA:795,80,1,0
BRDA:809,81,0,0
BRDA:809,81,1,0
BRDA:810,82,0,0
BRDA:810,82,1,0
BRDA:814,83,0,0
BRDA:814,83,1,0
BRDA:817,84,0,0
BRDA:817,84,1,0
BRDA:867,85,0,0
BRDA:867,85,1,0
BRDA:883,86,0,0
BRDA:883,86,1,0
BRDA:883,87,0,0
BRDA:883,87,1,0
BRDA:896,88,0,0
BRDA:896,88,1,0
BRDA:910,89,0,0
BRDA:910,89,1,0
BRDA:910,90,0,0
BRDA:910,90,1,0
BRDA:916,91,0,0
BRDA:916,91,1,0
BRDA:924,92,0,0
BRDA:924,92,1,0
BRDA:950,93,0,0
BRDA:950,93,1,0
BRDA:975,94,0,0
BRDA:975,94,1,0
BRDA:999,95,0,0
BRDA:999,95,1,0
BRDA:1004,96,0,0
BRDA:1004,96,1,0
BRDA:1010,97,0,0
BRDA:1010,97,1,0
BRDA:1022,98,0,0
BRDA:1022,98,1,0
BRDA:1045,99,0,0
BRDA:1045,99,1,0
BRDA:1069,100,0,0
BRDA:1069,100,1,0
BRDA:1072,101,0,0
BRDA:1072,101,1,0
BRDA:1076,102,0,0
BRDA:1076,102,1,0
BRDA:1083,103,0,0
BRDA:1083,103,1,0
BRDA:1088,104,0,0
BRDA:1088,104,1,0
BRDA:1132,105,0,0
BRDA:1132,105,1,0
BRDA:1228,106,0,0
BRDA:1228,106,1,0
BRDA:1228,107,0,0
BRDA:1228,107,1,0
BRDA:1281,108,0,0
BRDA:1281,108,1,0
BRDA:1282,109,0,0
BRDA:1282,109,1,0
BRDA:1411,110,0,0
BRDA:1411,110,1,0
BRDA:1413,111,0,0
BRDA:1413,111,1,0
BRDA:1417,112,0,0
BRDA:1417,112,1,0
BRDA:1437,113,0,0
BRDA:1437,113,1,0
BRDA:1512,114,0,0
BRDA:1512,114,1,0
BRDA:1559,115,0,0
BRDA:1559,115,1,0
BRDA:1665,116,0,0
BRDA:1665,116,1,0
BRDA:1674,117,0,0
BRDA:1674,117,1,0
BRDA:1704,118,0,0
BRDA:1704,118,1,0
BRDA:1708,119,0,0
BRDA:1708,119,1,0
BRDA:1735,120,0,0
BRDA:1735,120,1,0
BRDA:2015,121,0,0
BRDA:2015,121,1,0
BRF:246
BRH:0
end_of_record
TN:
SF:app/chat/[chatId].tsx
FN:33,(anonymous_0)
FN:34,(anonymous_1)
FN:36,(anonymous_2)
FN:37,(anonymous_3)
FN:59,ChatScreen
FN:84,(anonymous_5)
FN:88,(anonymous_6)
FN:124,(anonymous_7)
FN:176,(anonymous_8)
FN:206,(anonymous_9)
FN:228,(anonymous_10)
FN:279,(anonymous_11)
FN:296,(anonymous_12)
FN:326,(anonymous_13)
FN:327,(anonymous_14)
FN:331,(anonymous_15)
FN:408,(anonymous_16)
FN:445,(anonymous_17)
FN:470,(anonymous_18)
FN:472,(anonymous_19)
FN:483,(anonymous_20)
FN:490,(anonymous_21)
FN:506,(anonymous_22)
FN:525,(anonymous_23)
FN:570,(anonymous_24)
FN:621,(anonymous_25)
FN:671,(anonymous_26)
FN:682,(anonymous_27)
FN:684,(anonymous_28)
FNF:29
FNH:8
FNDA:0,(anonymous_0)
FNDA:0,(anonymous_1)
FNDA:0,(anonymous_2)
FNDA:0,(anonymous_3)
FNDA:19,ChatScreen
FNDA:19,(anonymous_5)
FNDA:0,(anonymous_6)
FNDA:4,(anonymous_7)
FNDA:0,(anonymous_8)
FNDA:0,(anonymous_9)
FNDA:0,(anonymous_10)
FNDA:3,(anonymous_11)
FNDA:1,(anonymous_12)
FNDA:0,(anonymous_13)
FNDA:0,(anonymous_14)
FNDA:4,(anonymous_15)
FNDA:2,(anonymous_16)
FNDA:0,(anonymous_17)
FNDA:0,(anonymous_18)
FNDA:0,(anonymous_19)
FNDA:18,(anonymous_20)
FNDA:0,(anonymous_21)
FNDA:0,(anonymous_22)
FNDA:0,(anonymous_23)
FNDA:0,(anonymous_24)
FNDA:0,(anonymous_25)
FNDA:0,(anonymous_26)
FNDA:0,(anonymous_27)
FNDA:0,(anonymous_28)
DA:33,1
DA:34,0
DA:36,1
DA:37,0
DA:40,1
DA:48,1
DA:57,1
DA:60,19
DA:61,19
DA:63,19
DA:69,19
DA:70,19
DA:71,19
DA:72,19
DA:73,19
DA:74,19
DA:75,19
DA:76,19
DA:77,19
DA:78,19
DA:79,19
DA:80,19
DA:81,19
DA:82,19
DA:84,19
DA:85,19
DA:86,19
DA:88,19
DA:89,0
DA:90,0
DA:92,0
DA:96,19
DA:97,0
DA:107,19
DA:108,1
DA:124,18
DA:125,4
DA:126,1
DA:127,1
DA:130,3
DA:131,3
DA:132,3
DA:134,3
DA:135,1
DA:136,1
DA:139,2
DA:144,2
DA:148,0
DA:149,0
DA:150,0
DA:153,0
DA:154,0
DA:156,0
DA:171,2
DA:172,2
DA:176,18
DA:177,0
DA:179,0
DA:180,0
DA:181,0
DA:182,0
DA:184,0
DA:186,0
DA:187,0
DA:190,0
DA:191,0
DA:192,0
DA:195,0
DA:197,0
DA:198,0
DA:201,0
DA:202,0
DA:206,18
DA:207,0
DA:209,0
DA:210,0
DA:211,0
DA:212,0
DA:214,0
DA:216,0
DA:217,0
DA:220,0
DA:221,0
DA:224,0
DA:228,18
DA:229,0
DA:230,0
DA:233,0
DA:235,0
DA:236,0
DA:238,0
DA:239,0
DA:241,0
DA:242,0
DA:243,0
DA:244,0
DA:246,0
DA:253,0
DA:258,0
DA:259,0
DA:262,0
DA:263,0
DA:264,0
DA:267,0
DA:268,0
DA:270,0
DA:271,0
DA:273,0
DA:274,0
DA:279,18
DA:280,3
DA:282,3
DA:283,3
DA:284,3
DA:285,2
DA:291,1
DA:292,1
DA:296,18
DA:297,1
DA:299,1
DA:312,1
DA:313,1
DA:314,1
DA:317,1
DA:319,1
DA:320,1
DA:321,1
DA:322,1
DA:326,18
DA:327,0
DA:328,0
DA:331,18
DA:332,4
DA:335,4
DA:336,1
DA:337,1
DA:340,1
DA:348,4
DA:349,4
DA:353,4
DA:359,4
DA:367,4
DA:368,4
DA:370,4
DA:409,2
DA:446,0
DA:465,18
DA:471,0
DA:473,0
DA:474,0
DA:484,18
DA:491,0
DA:492,0
DA:507,0
DA:508,0
DA:526,0
DA:527,0
DA:570,0
DA:622,0
DA:623,0
DA:671,0
DA:682,0
DA:685,0
DA:694,1
LF:164
LH:83
BRDA:63,0,0,19
BRDA:63,0,1,0
BRDA:65,1,0,0
BRDA:65,1,1,0
BRDA:84,2,0,19
BRDA:84,2,1,0
BRDA:85,3,0,19
BRDA:85,3,1,0
BRDA:89,4,0,0
BRDA:89,4,1,0
BRDA:96,5,0,0
BRDA:96,5,1,19
BRDA:107,6,0,1
BRDA:107,6,1,18
BRDA:110,7,0,0
BRDA:110,7,1,1
BRDA:110,8,0,1
BRDA:110,8,1,1
BRDA:125,9,0,1
BRDA:125,9,1,3
BRDA:134,10,0,1
BRDA:134,10,1,2
BRDA:148,11,0,0
BRDA:148,11,1,0
BRDA:171,12,0,2
BRDA:171,12,1,0
BRDA:177,13,0,0
BRDA:177,13,1,0
BRDA:186,14,0,0
BRDA:186,14,1,0
BRDA:191,15,0,0
BRDA:191,15,1,0
BRDA:197,16,0,0
BRDA:197,16,1,0
BRDA:207,17,0,0
BRDA:207,17,1,0
BRDA:216,18,0,0
BRDA:216,18,1,0
BRDA:220,19,0,0
BRDA:220,19,1,0
BRDA:224,20,0,0
BRDA:224,20,1,0
BRDA:229,21,0,0
BRDA:229,21,1,0
BRDA:241,22,0,0
BRDA:241,22,1,0
BRDA:258,23,0,0
BRDA:258,23,1,0
BRDA:263,24,0,0
BRDA:263,24,1,0
BRDA:273,25,0,0
BRDA:273,25,1,0
BRDA:280,26,0,0
BRDA:280,26,1,3
BRDA:291,27,0,1
BRDA:291,27,1,0
BRDA:297,28,0,0
BRDA:297,28,1,1
BRDA:313,29,0,0
BRDA:313,29,1,1
BRDA:314,30,0,0
BRDA:314,30,1,1
BRDA:320,31,0,1
BRDA:320,31,1,0
BRDA:335,32,0,1
BRDA:335,32,1,3
BRDA:348,33,0,4
BRDA:348,33,1,0
BRDA:359,34,0,4
BRDA:359,34,1,0
BRDA:374,35,0,4
BRDA:374,35,1,0
BRDA:381,36,0,4
BRDA:381,36,1,0
BRDA:389,37,0,4
BRDA:389,37,1,0
BRDA:393,38,0,4
BRDA:393,38,1,0
BRDA:399,39,0,4
BRDA:399,39,1,4
BRDA:399,39,2,4
BRDA:399,39,3,2
BRDA:406,40,0,4
BRDA:406,40,1,2
BRDA:406,40,2,2
BRDA:426,41,0,0
BRDA:426,41,1,0
BRDA:430,42,0,0
BRDA:430,42,1,0
BRDA:436,43,0,0
BRDA:436,43,1,0
BRDA:436,43,2,0
BRDA:436,43,3,0
BRDA:443,44,0,0
BRDA:443,44,1,0
BRDA:443,44,2,0
BRDA:469,45,0,0
BRDA:469,45,1,18
BRDA:485,46,0,18
BRDA:485,46,1,18
BRDA:485,46,2,18
BRDA:485,46,3,18
BRDA:495,47,0,0
BRDA:495,47,1,0
BRDA:496,48,0,0
BRDA:496,48,1,0
BRDA:511,49,0,0
BRDA:511,49,1,0
BRDA:512,50,0,0
BRDA:512,50,1,0
BRDA:522,51,0,18
BRDA:522,51,1,0
BRDA:550,52,0,0
BRDA:550,52,1,18
BRDA:550,53,0,18
BRDA:550,53,1,0
BRDA:554,54,0,17
BRDA:554,54,1,1
BRDA:557,55,0,0
BRDA:557,55,1,18
BRDA:557,56,0,18
BRDA:557,56,1,0
BRDA:557,56,2,0
BRDA:560,57,0,0
BRDA:560,57,1,0
BRDA:561,58,0,0
BRDA:561,58,1,0
BRDA:568,59,0,18
BRDA:568,59,1,0
BRDA:571,60,0,18
BRDA:571,60,1,0
BRDA:581,61,0,18
BRDA:581,61,1,0
BRDA:587,62,0,18
BRDA:587,62,1,18
BRDA:596,63,0,0
BRDA:596,63,1,18
BRDA:637,64,0,0
BRDA:637,64,1,18
BRDA:654,65,0,18
BRDA:654,65,1,16
BRDA:658,66,0,2
BRDA:658,66,1,16
BRDA:667,67,0,18
BRDA:667,67,1,0
BRDA:678,68,0,18
BRDA:678,68,1,0
BRDA:911,69,0,0
BRDA:911,69,1,1
BRF:149
BRH:61
end_of_record
TN:
SF:backend/index.ts
FN:12,(anonymous_0)
FN:41,(anonymous_1)
FN:47,(anonymous_2)
FN:51,(anonymous_3)
FN:80,(anonymous_4)
FNF:5
FNH:0
FNDA:0,(anonymous_0)
FNDA:0,(anonymous_1)
FNDA:0,(anonymous_2)
FNDA:0,(anonymous_3)
FNDA:0,(anonymous_4)
DA:8,0
DA:11,0
DA:14,0
DA:24,0
DA:25,0
DA:28,0
DA:36,0
DA:42,0
DA:47,0
DA:48,0
DA:51,0
DA:53,0
DA:60,0
DA:61,0
DA:65,0
DA:66,0
DA:69,0
DA:80,0
DA:81,0
DA:97,0
LF:20
LH:0
BRDA:24,0,0,0
BRDA:24,0,1,0
BRDA:24,1,0,0
BRDA:24,1,1,0
BRDA:24,1,2,0
BRDA:28,2,0,0
BRDA:28,2,1,0
BRDA:28,3,0,0
BRDA:28,3,1,0
BRDA:61,4,0,0
BRDA:61,4,1,0
BRDA:65,5,0,0
BRDA:65,5,1,0
BRF:13
BRH:0
end_of_record
TN:
SF:backend/test-alerts.ts
FN:22,testSyncAlerts
FN:58,testGetAlerts
FN:80,runTests
FNF:3
FNH:0
FNDA:0,testSyncAlerts
FNDA:0,testGetAlerts
FNDA:0,runTests
DA:11,0
DA:13,0
DA:23,0
DA:25,0
DA:41,0
DA:42,0
DA:44,0
DA:45,0
DA:46,0
DA:47,0
DA:49,0
DA:50,0
DA:53,0
DA:54,0
DA:59,0
DA:61,0
DA:62,0
DA:66,0
DA:67,0
DA:68,0
DA:69,0
DA:71,0
DA:72,0
DA:75,0
DA:76,0
DA:81,0
DA:82,0
DA:84,0
DA:85,0
DA:86,0
DA:88,0
DA:89,0
DA:93,0
LF:33
LH:0
BRDA:44,0,0,0
BRDA:44,0,1,0
BRDA:66,1,0,0
BRDA:66,1,1,0
BRDA:85,2,0,0
BRDA:85,2,1,0
BRDA:86,3,0,0
BRDA:86,3,1,0
BRDA:88,4,0,0
BRDA:88,4,1,0
BRDA:88,5,0,0
BRDA:88,5,1,0
BRF:12
BRH:0
end_of_record
TN:
SF:backend/test-db-check.ts
FN:22,checkDatabase
FNF:1
FNH:0
FNDA:0,checkDatabase
DA:11,0
DA:13,0
DA:23,0
DA:25,0
DA:26,0
DA:27,0
DA:28,0
DA:30,0
DA:31,0
DA:32,0
DA:37,0
LF:11
LH:0
BRDA:11,0,0,0
BRDA:11,0,1,0
BRDA:31,1,0,0
BRDA:31,1,1,0
BRF:4
BRH:0
end_of_record
TN:
SF:backend/test-registration.ts
FN:22,testRegistration
FNF:1
FNH:0
FNDA:0,testRegistration
DA:11,0
DA:13,0
DA:23,0
DA:26,0
DA:27,0
DA:28,0
DA:37,0
DA:40,0
DA:41,0
DA:42,0
DA:44,0
DA:45,0
DA:47,0
DA:48,0
DA:50,0
DA:51,0
DA:55,0
DA:56,0
DA:57,0
DA:58,0
DA:60,0
DA:63,0
DA:64,0
DA:66,0
DA:67,0
DA:68,0
DA:69,0
DA:72,0
DA:73,0
DA:79,0
DA:80,0
DA:81,0
DA:82,0
DA:83,0
DA:84,0
DA:85,0
DA:87,0
DA:90,0
DA:93,0
DA:96,0
DA:97,0
DA:98,0
DA:103,0
LF:43
LH:0
BRDA:40,0,0,0
BRDA:40,0,1,0
BRDA:41,1,0,0
BRDA:41,1,1,0
BRDA:44,2,0,0
BRDA:44,2,1,0
BRDA:47,3,0,0
BRDA:47,3,1,0
BRDA:50,4,0,0
BRDA:50,4,1,0
BRDA:50,5,0,0
BRDA:50,5,1,0
BRDA:55,6,0,0
BRDA:55,6,1,0
BRDA:55,7,0,0
BRDA:55,7,1,0
BRDA:66,8,0,0
BRDA:66,8,1,0
BRDA:79,9,0,0
BRDA:79,9,1,0
BRDA:97,10,0,0
BRDA:97,10,1,0
BRF:22
BRH:0
end_of_record
TN:
SF:backend/test-settings.ts
FN:25,testConnection
FN:45,testSyncSettings
FN:88,testGetSettings
FN:115,testUpdateSettings
FN:158,runTests
FN:174,(anonymous_5)
FNF:6
FNH:0
FNDA:0,testConnection
FNDA:0,testSyncSettings
FNDA:0,testGetSettings
FNDA:0,testUpdateSettings
FNDA:0,runTests
FNDA:0,(anonymous_5)
DA:12,0
DA:15,0
DA:26,0
DA:28,0
DA:29,0
DA:31,0
DA:32,0
DA:33,0
DA:35,0
DA:36,0
DA:39,0
DA:40,0
DA:46,0
DA:48,0
DA:61,0
DA:67,0
DA:68,0
DA:70,0
DA:71,0
DA:72,0
DA:73,0
DA:75,0
DA:76,0
DA:79,0
DA:80,0
DA:81,0
DA:83,0
DA:89,0
DA:91,0
DA:92,0
DA:96,0
DA:97,0
DA:98,0
DA:99,0
DA:100,0
DA:102,0
DA:103,0
DA:106,0
DA:107,0
DA:108,0
DA:110,0
DA:116,0
DA:118,0
DA:131,0
DA:137,0
DA:138,0
DA:140,0
DA:141,0
DA:142,0
DA:143,0
DA:145,0
DA:146,0
DA:149,0
DA:150,0
DA:151,0
DA:153,0
DA:159,0
DA:161,0
DA:168,0
DA:169,0
DA:170,0
DA:171,0
DA:172,0
DA:174,0
DA:176,0
DA:177,0
DA:179,0
DA:183,0
LF:68
LH:0
BRDA:31,0,0,0
BRDA:31,0,1,0
BRDA:70,1,0,0
BRDA:70,1,1,0
BRDA:80,2,0,0
BRDA:80,2,1,0
BRDA:96,3,0,0
BRDA:96,3,1,0
BRDA:107,4,0,0
BRDA:107,4,1,0
BRDA:140,5,0,0
BRDA:140,5,1,0
BRDA:150,6,0,0
BRDA:150,6,1,0
BRDA:169,7,0,0
BRDA:169,7,1,0
BRDA:170,8,0,0
BRDA:170,8,1,0
BRDA:171,9,0,0
BRDA:171,9,1,0
BRDA:172,10,0,0
BRDA:172,10,1,0
BRDA:176,11,0,0
BRDA:176,11,1,0
BRF:24
BRH:0
end_of_record
TN:
SF:backend/test-sync-v2.ts
FN:25,testConnection
FN:46,testSyncChats
FN:93,testGetChats
FN:116,runTests
FN:130,(anonymous_4)
FNF:5
FNH:0
FNDA:0,testConnection
FNDA:0,testSyncChats
FNDA:0,testGetChats
FNDA:0,runTests
FNDA:0,(anonymous_4)
DA:12,0
DA:15,0
DA:26,0
DA:28,0
DA:29,0
DA:31,0
DA:32,0
DA:33,0
DA:34,0
DA:36,0
DA:37,0
DA:40,0
DA:41,0
DA:47,0
DA:49,0
DA:75,0
DA:76,0
DA:78,0
DA:79,0
DA:80,0
DA:81,0
DA:83,0
DA:84,0
DA:87,0
DA:88,0
DA:94,0
DA:96,0
DA:97,0
DA:101,0
DA:102,0
DA:103,0
DA:104,0
DA:106,0
DA:107,0
DA:110,0
DA:111,0
DA:117,0
DA:119,0
DA:125,0
DA:126,0
DA:127,0
DA:128,0
DA:130,0
DA:132,0
DA:133,0
DA:135,0
DA:139,0
LF:47
LH:0
BRDA:31,0,0,0
BRDA:31,0,1,0
BRDA:78,1,0,0
BRDA:78,1,1,0
BRDA:101,2,0,0
BRDA:101,2,1,0
BRDA:126,3,0,0
BRDA:126,3,1,0
BRDA:127,4,0,0
BRDA:127,4,1,0
BRDA:128,5,0,0
BRDA:128,5,1,0
BRDA:132,6,0,0
BRDA:132,6,1,0
BRF:14
BRH:0
end_of_record
TN:
SF:backend/test-sync.ts
FN:26,testConnection
FN:47,testSyncChats
FN:85,testGetChats
FN:108,runTests
FN:122,(anonymous_4)
FNF:5
FNH:0
FNDA:0,testConnection
FNDA:0,testSyncChats
FNDA:0,testGetChats
FNDA:0,runTests
FNDA:0,(anonymous_4)
DA:13,0
DA:16,0
DA:27,0
DA:29,0
DA:30,0
DA:32,0
DA:33,0
DA:34,0
DA:35,0
DA:37,0
DA:38,0
DA:41,0
DA:42,0
DA:48,0
DA:50,0
DA:67,0
DA:68,0
DA:70,0
DA:71,0
DA:72,0
DA:73,0
DA:75,0
DA:76,0
DA:79,0
DA:80,0
DA:86,0
DA:88,0
DA:89,0
DA:93,0
DA:94,0
DA:95,0
DA:96,0
DA:98,0
DA:99,0
DA:102,0
DA:103,0
DA:109,0
DA:111,0
DA:117,0
DA:118,0
DA:119,0
DA:120,0
DA:122,0
DA:124,0
DA:125,0
DA:127,0
DA:131,0
LF:47
LH:0
BRDA:13,0,0,0
BRDA:13,0,1,0
BRDA:32,1,0,0
BRDA:32,1,1,0
BRDA:70,2,0,0
BRDA:70,2,1,0
BRDA:93,3,0,0
BRDA:93,3,1,0
BRDA:118,4,0,0
BRDA:118,4,1,0
BRDA:119,5,0,0
BRDA:119,5,1,0
BRDA:120,6,0,0
BRDA:120,6,1,0
BRDA:124,7,0,0
BRDA:124,7,1,0
BRF:16
BRH:0
end_of_record
TN:
SF:backend/trpc/app-router.ts
FNF:0
FNH:0
DA:16,0
LF:1
LH:0
BRF:0
BRH:0
end_of_record
TN:
SF:backend/trpc/create-context.ts
FN:8,(anonymous_0)
FN:20,(anonymous_1)
FN:32,(anonymous_2)
FN:55,(anonymous_3)
FNF:4
FNH:0
FNDA:0,(anonymous_0)
FNDA:0,(anonymous_1)
FNDA:0,(anonymous_2)
FNDA:0,(anonymous_3)
DA:8,0
DA:9,0
DA:10,0
DA:11,0
DA:13,0
DA:14,0
DA:15,0
DA:17,0
DA:20,0
DA:21,0
DA:22,0
DA:30,0
DA:34,0
DA:36,0
DA:53,0
DA:54,0
DA:55,0
DA:56,0
DA:57,0
DA:59,0
LF:20
LH:0
BRDA:9,0,0,0
BRDA:9,0,1,0
BRDA:10,1,0,0
BRDA:10,1,1,0
BRDA:13,2,0,0
BRDA:13,2,1,0
BRDA:14,3,0,0
BRDA:14,3,1,0
BRDA:41,4,0,0
BRDA:41,4,1,0
BRDA:43,5,0,0
BRDA:43,5,1,0
BRDA:45,6,0,0
BRDA:45,6,1,0
BRDA:45,7,0,0
BRDA:45,7,1,0
BRDA:56,8,0,0
BRDA:56,8,1,0
BRF:18
BRH:0
end_of_record
TN:
SF:backend/trpc/middleware/rateLimit.ts
FN:21,(anonymous_0)
FN:24,(anonymous_1)
FNF:2
FNH:0
FNDA:0,(anonymous_0)
FNDA:0,(anonymous_1)
DA:9,0
DA:21,0
DA:22,0
DA:24,0
DA:26,0
DA:30,0
DA:31,0
DA:32,0
DA:35,0
DA:36,0
DA:40,0
DA:44,0
DA:45,0
DA:46,0
DA:54,0
DA:55,0
DA:58,0
DA:59,0
DA:60,0
DA:61,0
DA:62,0
DA:67,0
DA:74,0
LF:23
LH:0
BRDA:22,0,0,0
BRDA:26,1,0,0
BRDA:26,1,1,0
BRDA:26,1,2,0
BRDA:35,2,0,0
BRDA:35,2,1,0
BRDA:35,3,0,0
BRDA:35,3,1,0
BRDA:44,4,0,0
BRDA:44,4,1,0
BRDA:58,5,0,0
BRDA:58,5,1,0
BRDA:61,6,0,0
BRDA:61,6,1,0
BRF:14
BRH:0
end_of_record
TN:
SF:backend/trpc/routes/ai/analyze-message.ts
FN:13,mapOpenAIToRiskLevel
FN:25,mapCategories
FN:44,(anonymous_2)
FN:99,(anonymous_3)
FNF:4
FNH:0
FNDA:0,mapOpenAIToRiskLevel
FNDA:0,mapCategories
FNDA:0,(anonymous_2)
FNDA:0,(anonymous_3)
DA:10,0
DA:17,0
DA:18,0
DA:19,0
DA:20,0
DA:21,0
DA:22,0
DA:26,0
DA:27,0
DA:28,0
DA:29,0
DA:30,0
DA:31,0
DA:32,0
DA:33,0
DA:34,0
DA:37,0
DA:45,0
DA:46,0
DA:48,0
DA:49,0
DA:57,0
DA:58,0
DA:67,0
DA:68,0
DA:69,0
DA:70,0
DA:78,0
DA:85,0
DA:86,0
DA:87,0
DA:95,0
DA:96,0
DA:97,0
DA:98,0
DA:99,0
DA:100,0
DA:103,0
DA:104,0
DA:106,0
DA:113,0
DA:114,0
LF:42
LH:0
BRDA:17,0,0,0
BRDA:17,0,1,0
BRDA:19,1,0,0
BRDA:19,1,1,0
BRDA:20,2,0,0
BRDA:20,2,1,0
BRDA:21,3,0,0
BRDA:21,3,1,0
BRDA:27,4,0,0
BRDA:27,4,1,0
BRDA:28,5,0,0
BRDA:28,5,1,0
BRDA:29,6,0,0
BRDA:29,6,1,0
BRDA:30,7,0,0
BRDA:30,7,1,0
BRDA:31,8,0,0
BRDA:31,8,1,0
BRDA:32,9,0,0
BRDA:32,9,1,0
BRDA:33,10,0,0
BRDA:33,10,1,0
BRDA:46,11,0,0
BRDA:46,11,1,0
BRDA:48,12,0,0
BRDA:48,12,1,0
BRDA:67,13,0,0
BRDA:67,13,1,0
BRDA:86,14,0,0
BRDA:86,14,1,0
BRDA:98,15,0,0
BRDA:98,15,1,0
BRDA:100,16,0,0
BRDA:100,16,1,0
BRDA:104,17,0,0
BRDA:104,17,1,0
BRF:36
BRH:0
end_of_record
TN:
SF:backend/trpc/routes/auth/register-child.ts
FN:11,validateParentCode
FN:53,getUIVersion
FN:69,(anonymous_2)
FNF:3
FNH:0
FNDA:0,validateParentCode
FNDA:0,getUIVersion
FNDA:0,(anonymous_2)
DA:12,0
DA:13,0
DA:17,0
DA:18,0
DA:21,0
DA:28,0
DA:29,0
DA:33,0
DA:34,0
DA:38,0
DA:39,0
DA:42,0
DA:54,0
DA:55,0
DA:56,0
DA:59,0
DA:70,0
DA:71,0
DA:74,0
DA:75,0
DA:76,0
DA:78,0
DA:80,0
DA:82,0
DA:83,0
DA:89,0
DA:90,0
DA:93,0
DA:109,0
DA:110,0
DA:111,0
DA:115,0
DA:121,0
DA:124,0
DA:132,0
DA:133,0
DA:138,0
DA:149,0
DA:159,0
DA:176,0
DA:177,0
LF:41
LH:0
BRDA:12,0,0,0
BRDA:12,0,1,0
BRDA:17,1,0,0
BRDA:17,1,1,0
BRDA:28,2,0,0
BRDA:28,2,1,0
BRDA:28,3,0,0
BRDA:28,3,1,0
BRDA:33,4,0,0
BRDA:33,4,1,0
BRDA:33,5,0,0
BRDA:33,5,1,0
BRDA:38,6,0,0
BRDA:38,6,1,0
BRDA:45,7,0,0
BRDA:45,7,1,0
BRDA:54,8,0,0
BRDA:54,8,1,0
BRDA:54,9,0,0
BRDA:54,9,1,0
BRDA:55,10,0,0
BRDA:55,10,1,0
BRDA:55,11,0,0
BRDA:55,11,1,0
BRDA:70,12,0,0
BRDA:70,12,1,0
BRDA:82,13,0,0
BRDA:82,13,1,0
BRDA:82,14,0,0
BRDA:82,14,1,0
BRDA:85,15,0,0
BRDA:85,15,1,0
BRDA:100,16,0,0
BRDA:100,16,1,0
BRDA:109,17,0,0
BRDA:109,17,1,0
BRDA:121,18,0,0
BRDA:121,18,1,0
BRDA:132,19,0,0
BRDA:132,19,1,0
BRDA:179,20,0,0
BRDA:179,20,1,0
BRF:42
BRH:0
end_of_record
TN:
SF:backend/trpc/routes/auth/register-parent.ts
FN:12,generateParentCode
FN:24,isCodeUnique
FN:39,createUniqueCode
FN:65,(anonymous_3)
FN:68,(anonymous_4)
FN:73,(anonymous_5)
FNF:6
FNH:0
FNDA:0,generateParentCode
FNDA:0,isCodeUnique
FNDA:0,createUniqueCode
FNDA:0,(anonymous_3)
FNDA:0,(anonymous_4)
FNDA:0,(anonymous_5)
DA:13,0
DA:14,0
DA:15,0
DA:16,0
DA:18,0
DA:25,0
DA:27,0
DA:33,0
DA:40,0
DA:41,0
DA:42,0
DA:44,0
DA:45,0
DA:46,0
DA:49,0
DA:50,0
DA:53,0
DA:56,0
DA:65,0
DA:68,0
DA:74,0
DA:75,0
DA:78,0
DA:79,0
DA:81,0
DA:83,0
DA:86,0
DA:92,0
DA:93,0
DA:100,0
DA:121,0
DA:122,0
DA:123,0
DA:124,0
DA:125,0
DA:126,0
DA:129,0
DA:140,0
DA:143,0
DA:155,0
DA:156,0
DA:157,0
DA:166,0
DA:178,0
DA:181,0
DA:182,0
DA:183,0
DA:184,0
DA:185,0
DA:187,0
DA:197,0
LF:51
LH:0
BRDA:25,0,0,0
BRDA:25,0,1,0
BRDA:44,1,0,0
BRDA:44,1,1,0
BRDA:49,2,0,0
BRDA:49,2,1,0
BRDA:74,3,0,0
BRDA:74,3,1,0
BRDA:92,4,0,0
BRDA:92,4,1,0
BRDA:107,5,0,0
BRDA:107,5,1,0
BRDA:111,6,0,0
BRDA:111,6,1,0
BRDA:112,7,0,0
BRDA:112,7,1,0
BRDA:114,8,0,0
BRDA:114,8,1,0
BRDA:116,9,0,0
BRDA:116,9,1,0
BRDA:121,10,0,0
BRDA:121,10,1,0
BRDA:131,11,0,0
BRDA:131,11,1,0
BRDA:131,11,2,0
BRDA:135,12,0,0
BRDA:135,12,1,0
BRDA:155,13,0,0
BRDA:155,13,1,0
BRDA:159,14,0,0
BRDA:159,14,1,0
BRDA:159,14,2,0
BRDA:181,15,0,0
BRDA:181,15,1,0
BRDA:181,16,0,0
BRDA:181,16,1,0
BRDA:181,16,2,0
BRDA:183,17,0,0
BRDA:183,17,1,0
BRDA:184,18,0,0
BRDA:184,18,1,0
BRDA:185,19,0,0
BRDA:185,19,1,0
BRDA:193,20,0,0
BRDA:193,20,1,0
BRDA:199,21,0,0
BRDA:199,21,1,0
BRDA:200,22,0,0
BRDA:200,22,1,0
BRF:49
BRH:0
end_of_record
TN:
SF:backend/trpc/routes/auth/validate-code.ts
FN:9,validateParentCode
FN:55,(anonymous_1)
FNF:2
FNH:0
FNDA:0,validateParentCode
FNDA:0,(anonymous_1)
DA:10,0
DA:11,0
DA:15,0
DA:16,0
DA:19,0
DA:26,0
DA:27,0
DA:31,0
DA:32,0
DA:36,0
DA:37,0
DA:40,0
DA:48,0
DA:56,0
DA:57,0
DA:59,0
DA:66,0
DA:67,0
LF:18
LH:0
BRDA:10,0,0,0
BRDA:10,0,1,0
BRDA:15,1,0,0
BRDA:15,1,1,0
BRDA:26,2,0,0
BRDA:26,2,1,0
BRDA:26,3,0,0
BRDA:26,3,1,0
BRDA:31,4,0,0
BRDA:31,4,1,0
BRDA:31,5,0,0
BRDA:31,5,1,0
BRDA:36,6,0,0
BRDA:36,6,1,0
BRDA:43,7,0,0
BRDA:43,7,1,0
BRDA:69,8,0,0
BRDA:69,8,1,0
BRF:18
BRH:0
end_of_record
TN:
SF:backend/trpc/routes/example/hi/route.ts
FN:6,(anonymous_0)
FNF:1
FNH:0
FNDA:0,(anonymous_0)
DA:7,0
DA:8,0
LF:2
LH:0
BRDA:7,0,0,0
BRDA:7,0,1,0
BRF:2
BRH:0
end_of_record
TN:
SF:backend/trpc/routes/notifications/get-sync-status.ts
FN:8,(anonymous_0)
FNF:1
FNH:0
FNDA:0,(anonymous_0)
DA:6,0
DA:9,0
DA:10,0
DA:11,0
DA:12,0
DA:18,0
LF:6
LH:0
BRDA:9,0,0,0
BRDA:9,0,1,0
BRDA:13,1,0,0
BRDA:13,1,1,0
BRDA:14,2,0,0
BRDA:14,2,1,0
BRF:6
BRH:0
end_of_record
TN:
SF:backend/trpc/routes/notifications/log-device-test.ts
FN:23,(anonymous_0)
FNF:1
FNH:0
FNDA:0,(anonymous_0)
DA:7,0
DA:16,0
DA:24,0
DA:25,0
DA:26,0
DA:27,0
DA:30,0
LF:7
LH:0
BRDA:26,0,0,0
BRDA:26,0,1,0
BRF:2
BRH:0
end_of_record
TN:
SF:backend/trpc/routes/notifications/register-device.ts
FN:17,(anonymous_0)
FNF:1
FNH:0
FNDA:0,(anonymous_0)
DA:6,0
DA:18,0
DA:19,0
DA:21,0
DA:22,0
DA:24,0
DA:25,0
LF:7
LH:0
BRDA:18,0,0,0
BRDA:18,0,1,0
BRDA:18,1,0,0
BRDA:18,1,1,0
BRDA:18,1,2,0
BRDA:21,2,0,0
BRDA:21,2,1,0
BRDA:21,3,0,0
BRDA:21,3,1,0
BRDA:21,3,2,0
BRF:10
BRH:0
end_of_record
TN:
SF:backend/trpc/routes/notifications/send-push.ts
FN:20,(anonymous_0)
FN:58,(anonymous_1)
FN:122,(anonymous_2)
FN:133,(anonymous_3)
FN:146,(anonymous_4)
FN:160,(anonymous_5)
FN:168,(anonymous_6)
FN:188,(anonymous_7)
FN:217,(anonymous_8)
FN:228,(anonymous_9)
FN:247,(anonymous_10)
FNF:11
FNH:0
FNDA:0,(anonymous_0)
FNDA:0,(anonymous_1)
FNDA:0,(anonymous_2)
FNDA:0,(anonymous_3)
FNDA:0,(anonymous_4)
FNDA:0,(anonymous_5)
FNDA:0,(anonymous_6)
FNDA:0,(anonymous_7)
FNDA:0,(anonymous_8)
FNDA:0,(anonymous_9)
FNDA:0,(anonymous_10)
DA:20,0
DA:21,0
DA:22,0
DA:32,0
DA:34,0
DA:35,0
DA:37,0
DA:40,0
DA:41,0
DA:46,0
DA:59,0
DA:60,0
DA:62,0
DA:63,0
DA:66,0
DA:67,0
DA:68,0
DA:74,0
DA:75,0
DA:82,0
DA:93,0
DA:95,0
DA:96,0
DA:102,0
DA:110,0
DA:123,0
DA:124,0
DA:126,0
DA:127,0
DA:129,0
DA:132,0
DA:133,0
DA:135,0
DA:136,0
DA:145,0
DA:147,0
DA:156,0
DA:160,0
DA:161,0
DA:163,0
DA:168,0
DA:177,0
DA:189,0
DA:190,0
DA:192,0
DA:193,0
DA:195,0
DA:197,0
DA:204,0
DA:208,0
DA:212,0
DA:213,0
DA:216,0
DA:217,0
DA:219,0
DA:220,0
DA:227,0
DA:229,0
DA:243,0
DA:247,0
DA:249,0
LF:61
LH:0
BRDA:34,0,0,0
BRDA:34,0,1,0
BRDA:37,1,0,0
BRDA:37,1,1,0
BRDA:41,2,0,0
BRDA:41,2,1,0
BRDA:59,3,0,0
BRDA:59,3,1,0
BRDA:67,4,0,0
BRDA:67,4,1,0
BRDA:74,5,0,0
BRDA:74,5,1,0
BRDA:86,6,0,0
BRDA:86,6,1,0
BRDA:87,7,0,0
BRDA:87,7,1,0
BRDA:88,8,0,0
BRDA:88,8,1,0
BRDA:89,9,0,0
BRDA:89,9,1,0
BRDA:95,10,0,0
BRDA:95,10,1,0
BRDA:104,11,0,0
BRDA:104,11,1,0
BRDA:123,12,0,0
BRDA:123,12,1,0
BRDA:126,13,0,0
BRDA:126,13,1,0
BRDA:133,14,0,0
BRDA:133,14,1,0
BRDA:135,15,0,0
BRDA:135,15,1,0
BRDA:151,16,0,0
BRDA:151,16,1,0
BRDA:152,17,0,0
BRDA:152,17,1,0
BRDA:153,18,0,0
BRDA:153,18,1,0
BRDA:154,19,0,0
BRDA:154,19,1,0
BRDA:160,20,0,0
BRDA:160,20,1,0
BRDA:170,21,0,0
BRDA:170,21,1,0
BRDA:171,22,0,0
BRDA:171,22,1,0
BRDA:171,23,0,0
BRDA:171,23,1,0
BRDA:171,24,0,0
BRDA:171,24,1,0
BRDA:189,25,0,0
BRDA:189,25,1,0
BRDA:192,26,0,0
BRDA:192,26,1,0
BRDA:204,27,0,0
BRDA:204,27,1,0
BRDA:208,28,0,0
BRDA:208,28,1,0
BRDA:209,29,0,0
BRDA:209,29,1,0
BRDA:210,30,0,0
BRDA:210,30,1,0
BRDA:212,31,0,0
BRDA:212,31,1,0
BRDA:213,32,0,0
BRDA:213,32,1,0
BRDA:217,33,0,0
BRDA:217,33,1,0
BRDA:219,34,0,0
BRDA:219,34,1,0
BRDA:240,35,0,0
BRDA:240,35,1,0
BRDA:247,36,0,0
BRDA:247,36,1,0
BRF:74
BRH:0
end_of_record
TN:
SF:backend/trpc/routes/notifications/store.ts
FN:36,(anonymous_0)
FN:56,(anonymous_1)
FN:57,(anonymous_2)
FN:60,(anonymous_3)
FN:64,(anonymous_4)
FNF:5
FNH:0
FNDA:0,(anonymous_0)
FNDA:0,(anonymous_1)
FNDA:0,(anonymous_2)
FNDA:0,(anonymous_3)
FNDA:0,(anonymous_4)
DA:23,0
DA:25,0
DA:36,0
DA:37,0
DA:38,0
DA:40,0
DA:52,0
DA:53,0
DA:56,0
DA:57,0
DA:60,0
DA:61,0
DA:64,0
DA:68,0
DA:69,0
DA:70,0
DA:73,0
DA:74,0
DA:80,0
DA:81,0
LF:20
LH:0
BRDA:44,0,0,0
BRDA:44,0,1,0
BRDA:45,1,0,0
BRDA:45,1,1,0
BRDA:46,2,0,0
BRDA:46,2,1,0
BRDA:49,3,0,0
BRDA:49,3,1,0
BRDA:69,4,0,0
BRDA:69,4,1,0
BRDA:76,5,0,0
BRDA:76,5,1,0
BRF:12
BRH:0
end_of_record
TN:
SF:backend/trpc/routes/sync/alerts.ts
FN:9,(anonymous_0)
FN:13,(anonymous_1)
FN:18,(anonymous_2)
FN:25,(anonymous_3)
FN:29,(anonymous_4)
FN:49,(anonymous_5)
FN:54,(anonymous_6)
FN:82,(anonymous_7)
FN:99,(anonymous_8)
FN:161,(anonymous_9)
FNF:10
FNH:0
FNDA:0,(anonymous_0)
FNDA:0,(anonymous_1)
FNDA:0,(anonymous_2)
FNDA:0,(anonymous_3)
FNDA:0,(anonymous_4)
FNDA:0,(anonymous_5)
FNDA:0,(anonymous_6)
FNDA:0,(anonymous_7)
FNDA:0,(anonymous_8)
FNDA:0,(anonymous_9)
DA:9,0
DA:10,0
DA:13,0
DA:14,0
DA:18,0
DA:19,0
DA:20,0
DA:21,0
DA:25,0
DA:29,0
DA:30,0
DA:31,0
DA:34,0
DA:40,0
DA:41,0
DA:42,0
DA:45,0
DA:49,0
DA:50,0
DA:51,0
DA:54,0
DA:71,0
DA:75,0
DA:76,0
DA:77,0
DA:82,0
DA:83,0
DA:84,0
DA:87,0
DA:96,0
DA:100,0
DA:101,0
DA:103,0
DA:104,0
DA:107,0
DA:109,0
DA:111,0
DA:114,0
DA:118,0
DA:121,0
DA:122,0
DA:123,0
DA:125,0
DA:136,0
DA:138,0
DA:147,0
DA:148,0
DA:158,0
DA:162,0
DA:164,0
DA:165,0
DA:167,0
DA:170,0
DA:171,0
DA:172,0
DA:177,0
DA:181,0
DA:182,0
DA:183,0
DA:193,0
DA:201,0
DA:202,0
DA:212,0
LF:63
LH:0
BRDA:20,0,0,0
BRDA:20,0,1,0
BRDA:20,1,0,0
BRDA:20,1,1,0
BRDA:20,1,2,0
BRDA:20,1,3,0
BRDA:25,2,0,0
BRDA:25,2,1,0
BRDA:25,3,0,0
BRDA:25,3,1,0
BRDA:30,4,0,0
BRDA:30,4,1,0
BRDA:40,5,0,0
BRDA:40,5,1,0
BRDA:45,6,0,0
BRDA:45,6,1,0
BRDA:50,7,0,0
BRDA:50,7,1,0
BRDA:57,8,0,0
BRDA:57,8,1,0
BRDA:58,9,0,0
BRDA:58,9,1,0
BRDA:59,10,0,0
BRDA:59,10,1,0
BRDA:59,10,2,0
BRDA:60,11,0,0
BRDA:60,11,1,0
BRDA:61,12,0,0
BRDA:61,12,1,0
BRDA:63,13,0,0
BRDA:63,13,1,0
BRDA:63,13,2,0
BRDA:64,14,0,0
BRDA:64,14,1,0
BRDA:65,15,0,0
BRDA:65,15,1,0
BRDA:65,15,2,0
BRDA:66,16,0,0
BRDA:66,16,1,0
BRDA:67,17,0,0
BRDA:67,17,1,0
BRDA:75,18,0,0
BRDA:75,18,1,0
BRDA:83,19,0,0
BRDA:83,19,1,0
BRDA:100,20,0,0
BRDA:109,21,0,0
BRDA:109,21,1,0
BRDA:109,22,0,0
BRDA:109,22,1,0
BRDA:121,23,0,0
BRDA:121,23,1,0
BRDA:150,24,0,0
BRDA:150,24,1,0
BRDA:162,25,0,0
BRDA:171,26,0,0
BRDA:171,26,1,0
BRDA:177,27,0,0
BRDA:177,27,1,0
BRDA:181,28,0,0
BRDA:181,28,1,0
BRF:61
BRH:0
end_of_record
TN:
SF:backend/trpc/routes/sync/chats.ts
FN:11,(anonymous_0)
FN:15,(anonymous_1)
FN:20,(anonymous_2)
FN:58,(anonymous_3)
FN:62,(anonymous_4)
FN:67,(anonymous_5)
FN:75,(anonymous_6)
FN:79,(anonymous_7)
FN:98,(anonymous_8)
FN:132,(anonymous_9)
FN:138,(anonymous_10)
FN:171,(anonymous_11)
FN:176,(anonymous_12)
FN:201,(anonymous_13)
FN:220,(anonymous_14)
FN:234,(anonymous_15)
FN:237,(anonymous_16)
FN:243,(anonymous_17)
FN:256,(anonymous_18)
FN:270,(anonymous_19)
FN:288,(anonymous_20)
FN:307,(anonymous_21)
FN:311,(anonymous_22)
FN:350,(anonymous_23)
FN:373,(anonymous_24)
FN:388,(anonymous_25)
FN:390,(anonymous_26)
FN:423,(anonymous_27)
FN:425,(anonymous_28)
FN:468,(anonymous_29)
FN:475,(anonymous_30)
FN:479,(anonymous_31)
FNF:32
FNH:0
FNDA:0,(anonymous_0)
FNDA:0,(anonymous_1)
FNDA:0,(anonymous_2)
FNDA:0,(anonymous_3)
FNDA:0,(anonymous_4)
FNDA:0,(anonymous_5)
FNDA:0,(anonymous_6)
FNDA:0,(anonymous_7)
FNDA:0,(anonymous_8)
FNDA:0,(anonymous_9)
FNDA:0,(anonymous_10)
FNDA:0,(anonymous_11)
FNDA:0,(anonymous_12)
FNDA:0,(anonymous_13)
FNDA:0,(anonymous_14)
FNDA:0,(anonymous_15)
FNDA:0,(anonymous_16)
FNDA:0,(anonymous_17)
FNDA:0,(anonymous_18)
FNDA:0,(anonymous_19)
FNDA:0,(anonymous_20)
FNDA:0,(anonymous_21)
FNDA:0,(anonymous_22)
FNDA:0,(anonymous_23)
FNDA:0,(anonymous_24)
FNDA:0,(anonymous_25)
FNDA:0,(anonymous_26)
FNDA:0,(anonymous_27)
FNDA:0,(anonymous_28)
FNDA:0,(anonymous_29)
FNDA:0,(anonymous_30)
FNDA:0,(anonymous_31)
DA:11,0
DA:12,0
DA:15,0
DA:16,0
DA:20,0
DA:21,0
DA:23,0
DA:25,0
DA:29,0
DA:30,0
DA:32,0
DA:39,0
DA:46,0
DA:54,0
DA:58,0
DA:59,0
DA:62,0
DA:63,0
DA:67,0
DA:68,0
DA:69,0
DA:70,0
DA:75,0
DA:79,0
DA:80,0
DA:81,0
DA:84,0
DA:90,0
DA:91,0
DA:92,0
DA:95,0
DA:98,0
DA:99,0
DA:100,0
DA:101,0
DA:104,0
DA:109,0
DA:110,0
DA:113,0
DA:114,0
DA:115,0
DA:116,0
DA:118,0
DA:119,0
DA:120,0
DA:122,0
DA:123,0
DA:124,0
DA:128,0
DA:132,0
DA:133,0
DA:134,0
DA:137,0
DA:138,0
DA:153,0
DA:157,0
DA:158,0
DA:159,0
DA:163,0
DA:164,0
DA:165,0
DA:171,0
DA:172,0
DA:173,0
DA:176,0
DA:190,0
DA:194,0
DA:195,0
DA:201,0
DA:202,0
DA:203,0
DA:206,0
DA:212,0
DA:213,0
DA:214,0
DA:217,0
DA:220,0
DA:221,0
DA:222,0
DA:225,0
DA:230,0
DA:231,0
DA:234,0
DA:237,0
DA:238,0
DA:239,0
DA:242,0
DA:243,0
DA:251,0
DA:256,0
DA:257,0
DA:258,0
DA:260,0
DA:261,0
DA:263,0
DA:264,0
DA:266,0
DA:270,0
DA:271,0
DA:272,0
DA:275,0
DA:285,0
DA:289,0
DA:290,0
DA:292,0
DA:293,0
DA:294,0
DA:295,0
DA:297,0
DA:298,0
DA:299,0
DA:300,0
DA:302,0
DA:306,0
DA:307,0
DA:310,0
DA:312,0
DA:313,0
DA:331,0
DA:332,0
DA:333,0
DA:335,0
DA:336,0
DA:337,0
DA:339,0
DA:340,0
DA:341,0
DA:343,0
DA:346,0
DA:347,0
DA:350,0
DA:351,0
DA:354,0
DA:357,0
DA:358,0
DA:360,0
DA:361,0
DA:364,0
DA:365,0
DA:370,0
DA:373,0
DA:379,0
DA:383,0
DA:386,0
DA:387,0
DA:388,0
DA:389,0
DA:391,0
DA:392,0
DA:409,0
DA:411,0
DA:422,0
DA:423,0
DA:424,0
DA:426,0
DA:427,0
DA:445,0
DA:454,0
DA:455,0
DA:465,0
DA:469,0
DA:471,0
DA:472,0
DA:474,0
DA:475,0
DA:478,0
DA:480,0
DA:481,0
DA:500,0
DA:501,0
DA:502,0
DA:507,0
DA:511,0
DA:512,0
DA:513,0
DA:523,0
DA:531,0
DA:532,0
DA:542,0
LF:179
LH:0
BRDA:23,0,0,0
BRDA:23,0,1,0
BRDA:29,1,0,0
BRDA:29,1,1,0
BRDA:29,2,0,0
BRDA:29,2,1,0
BRDA:30,3,0,0
BRDA:30,3,1,0
BRDA:35,4,0,0
BRDA:35,4,1,0
BRDA:35,5,0,0
BRDA:35,5,1,0
BRDA:41,6,0,0
BRDA:41,6,1,0
BRDA:41,7,0,0
BRDA:41,7,1,0
BRDA:48,8,0,0
BRDA:48,8,1,0
BRDA:48,9,0,0
BRDA:48,9,1,0
BRDA:69,10,0,0
BRDA:69,10,1,0
BRDA:69,11,0,0
BRDA:69,11,1,0
BRDA:69,11,2,0
BRDA:69,11,3,0
BRDA:75,12,0,0
BRDA:75,12,1,0
BRDA:75,13,0,0
BRDA:75,13,1,0
BRDA:80,14,0,0
BRDA:80,14,1,0
BRDA:90,15,0,0
BRDA:90,15,1,0
BRDA:95,16,0,0
BRDA:95,16,1,0
BRDA:100,17,0,0
BRDA:100,17,1,0
BRDA:100,18,0,0
BRDA:100,18,1,0
BRDA:109,19,0,0
BRDA:109,19,1,0
BRDA:109,20,0,0
BRDA:109,20,1,0
BRDA:115,21,0,0
BRDA:115,21,1,0
BRDA:119,22,0,0
BRDA:119,22,1,0
BRDA:123,23,0,0
BRDA:123,23,1,0
BRDA:133,24,0,0
BRDA:133,24,1,0
BRDA:141,25,0,0
BRDA:141,25,1,0
BRDA:141,25,2,0
BRDA:141,25,3,0
BRDA:141,26,0,0
BRDA:141,26,1,0
BRDA:142,27,0,0
BRDA:142,27,1,0
BRDA:143,28,0,0
BRDA:143,28,1,0
BRDA:144,29,0,0
BRDA:144,29,1,0
BRDA:144,29,2,0
BRDA:145,30,0,0
BRDA:145,30,1,0
BRDA:145,30,2,0
BRDA:145,30,3,0
BRDA:146,31,0,0
BRDA:146,31,1,0
BRDA:146,31,2,0
BRDA:147,32,0,0
BRDA:147,32,1,0
BRDA:147,32,2,0
BRDA:147,32,3,0
BRDA:148,33,0,0
BRDA:148,33,1,0
BRDA:148,33,2,0
BRDA:148,33,3,0
BRDA:149,34,0,0
BRDA:149,34,1,0
BRDA:149,34,2,0
BRDA:157,35,0,0
BRDA:157,35,1,0
BRDA:164,36,0,0
BRDA:164,36,1,0
BRDA:164,37,0,0
BRDA:164,37,1,0
BRDA:164,37,2,0
BRDA:172,38,0,0
BRDA:172,38,1,0
BRDA:180,39,0,0
BRDA:180,39,1,0
BRDA:180,39,2,0
BRDA:180,39,3,0
BRDA:181,40,0,0
BRDA:181,40,1,0
BRDA:181,40,2,0
BRDA:182,41,0,0
BRDA:182,41,1,0
BRDA:183,42,0,0
BRDA:183,42,1,0
BRDA:183,42,2,0
BRDA:184,43,0,0
BRDA:184,43,1,0
BRDA:184,43,2,0
BRDA:185,44,0,0
BRDA:185,44,1,0
BRDA:185,44,2,0
BRDA:186,45,0,0
BRDA:186,45,1,0
BRDA:186,45,2,0
BRDA:187,46,0,0
BRDA:187,46,1,0
BRDA:187,46,2,0
BRDA:194,47,0,0
BRDA:194,47,1,0
BRDA:202,48,0,0
BRDA:202,48,1,0
BRDA:212,49,0,0
BRDA:212,49,1,0
BRDA:217,50,0,0
BRDA:217,50,1,0
BRDA:221,51,0,0
BRDA:221,51,1,0
BRDA:230,52,0,0
BRDA:230,52,1,0
BRDA:230,53,0,0
BRDA:230,53,1,0
BRDA:238,54,0,0
BRDA:238,54,1,0
BRDA:238,55,0,0
BRDA:238,55,1,0
BRDA:248,56,0,0
BRDA:248,56,1,0
BRDA:257,57,0,0
BRDA:257,57,1,0
BRDA:257,58,0,0
BRDA:257,58,1,0
BRDA:260,59,0,0
BRDA:260,59,1,0
BRDA:260,60,0,0
BRDA:260,60,1,0
BRDA:263,61,0,0
BRDA:263,61,1,0
BRDA:271,62,0,0
BRDA:271,62,1,0
BRDA:289,63,0,0
BRDA:297,64,0,0
BRDA:297,64,1,0
BRDA:299,65,0,0
BRDA:299,65,1,0
BRDA:299,66,0,0
BRDA:299,66,1,0
BRDA:324,67,0,0
BRDA:324,67,1,0
BRDA:325,68,0,0
BRDA:325,68,1,0
BRDA:326,69,0,0
BRDA:326,69,1,0
BRDA:331,70,0,0
BRDA:331,70,1,0
BRDA:331,71,0,0
BRDA:331,71,1,0
BRDA:332,72,0,0
BRDA:332,72,1,0
BRDA:339,73,0,0
BRDA:339,73,1,0
BRDA:340,74,0,0
BRDA:340,74,1,0
BRDA:346,75,0,0
BRDA:346,75,1,0
BRDA:351,76,0,0
BRDA:351,76,1,0
BRDA:360,77,0,0
BRDA:360,77,1,0
BRDA:364,78,0,0
BRDA:364,78,1,0
BRDA:375,79,0,0
BRDA:375,79,1,0
BRDA:386,80,0,0
BRDA:386,80,1,0
BRDA:403,81,0,0
BRDA:403,81,1,0
BRDA:404,82,0,0
BRDA:404,82,1,0
BRDA:405,83,0,0
BRDA:405,83,1,0
BRDA:438,84,0,0
BRDA:438,84,1,0
BRDA:439,85,0,0
BRDA:439,85,1,0
BRDA:440,86,0,0
BRDA:440,86,1,0
BRDA:457,87,0,0
BRDA:457,87,1,0
BRDA:469,88,0,0
BRDA:492,89,0,0
BRDA:492,89,1,0
BRDA:493,90,0,0
BRDA:493,90,1,0
BRDA:494,91,0,0
BRDA:494,91,1,0
BRDA:501,92,0,0
BRDA:501,92,1,0
BRDA:507,93,0,0
BRDA:507,93,1,0
BRDA:511,94,0,0
BRDA:511,94,1,0
BRF:210
BRH:0
end_of_record
TN:
SF:backend/trpc/routes/sync/settings.ts
FN:9,(anonymous_0)
FN:23,(anonymous_1)
FN:47,(anonymous_2)
FN:70,(anonymous_3)
FN:92,(anonymous_4)
FN:137,(anonymous_5)
FNF:6
FNH:0
FNDA:0,(anonymous_0)
FNDA:0,(anonymous_1)
FNDA:0,(anonymous_2)
FNDA:0,(anonymous_3)
FNDA:0,(anonymous_4)
FNDA:0,(anonymous_5)
DA:9,0
DA:10,0
DA:11,0
DA:14,0
DA:15,0
DA:19,0
DA:23,0
DA:24,0
DA:25,0
DA:28,0
DA:34,0
DA:35,0
DA:37,0
DA:39,0
DA:40,0
DA:43,0
DA:47,0
DA:48,0
DA:49,0
DA:52,0
DA:54,0
DA:63,0
DA:64,0
DA:65,0
DA:70,0
DA:71,0
DA:72,0
DA:75,0
DA:84,0
DA:93,0
DA:94,0
DA:96,0
DA:97,0
DA:100,0
DA:102,0
DA:105,0
DA:106,0
DA:107,0
DA:110,0
DA:114,0
DA:116,0
DA:123,0
DA:124,0
DA:134,0
DA:138,0
DA:139,0
DA:141,0
DA:142,0
DA:144,0
DA:147,0
DA:148,0
DA:149,0
DA:155,0
DA:156,0
DA:160,0
DA:166,0
DA:167,0
DA:175,0
LF:58
LH:0
BRDA:10,0,0,0
BRDA:10,0,1,0
BRDA:11,1,0,0
BRDA:11,1,1,0
BRDA:14,2,0,0
BRDA:14,2,1,0
BRDA:14,3,0,0
BRDA:14,3,1,0
BRDA:15,4,0,0
BRDA:15,4,1,0
BRDA:24,5,0,0
BRDA:24,5,1,0
BRDA:34,6,0,0
BRDA:34,6,1,0
BRDA:35,7,0,0
BRDA:35,7,1,0
BRDA:43,8,0,0
BRDA:43,8,1,0
BRDA:48,9,0,0
BRDA:48,9,1,0
BRDA:63,10,0,0
BRDA:63,10,1,0
BRDA:71,11,0,0
BRDA:71,11,1,0
BRDA:93,12,0,0
BRDA:102,13,0,0
BRDA:102,13,1,0
BRDA:105,14,0,0
BRDA:105,14,1,0
BRDA:126,15,0,0
BRDA:126,15,1,0
BRDA:148,16,0,0
BRDA:148,16,1,0
BRDA:155,17,0,0
BRDA:155,17,1,0
BRDA:161,18,0,0
BRDA:161,18,1,0
BRF:37
BRH:0
end_of_record
TN:
SF:backend/trpc/routes/test/db-check.ts
FN:8,(anonymous_0)
FNF:1
FNH:0
FNDA:0,(anonymous_0)
DA:8,0
DA:9,0
DA:10,0
DA:12,0
DA:13,0
DA:24,0
DA:25,0
DA:33,0
DA:38,0
DA:39,0
DA:48,0
DA:52,0
DA:58,0
DA:59,0
DA:67,0
DA:68,0
DA:70,0
DA:71,0
DA:77,0
DA:78,0
DA:79,0
DA:80,0
DA:82,0
DA:85,0
DA:88,0
DA:92,0
DA:105,0
DA:106,0
DA:108,0
LF:29
LH:0
BRDA:12,0,0,0
BRDA:12,0,1,0
BRDA:12,1,0,0
BRDA:12,1,1,0
BRDA:24,2,0,0
BRDA:24,2,1,0
BRDA:38,3,0,0
BRDA:38,3,1,0
BRDA:52,4,0,0
BRDA:52,4,1,0
BRDA:52,4,2,0
BRDA:52,4,3,0
BRDA:58,5,0,0
BRDA:58,5,1,0
BRDA:77,6,0,0
BRDA:77,6,1,0
BRDA:78,7,0,0
BRDA:78,7,1,0
BRDA:78,8,0,0
BRDA:78,8,1,0
BRDA:88,9,0,0
BRDA:88,9,1,0
BRDA:98,10,0,0
BRDA:98,10,1,0
BRDA:100,11,0,0
BRDA:100,11,1,0
BRDA:105,12,0,0
BRDA:105,12,1,0
BRDA:106,13,0,0
BRDA:106,13,1,0
BRF:30
BRH:0
end_of_record
TN:
SF:backend/utils/authToken.ts
FN:13,(anonymous_0)
FN:25,signAuthToken
FN:43,verifyAuthToken
FNF:3
FNH:0
FNDA:0,(anonymous_0)
FNDA:0,signAuthToken
FNDA:0,verifyAuthToken
DA:13,0
DA:14,0
DA:15,0
DA:16,0
DA:18,0
DA:21,0
DA:22,0
DA:23,0
DA:26,0
DA:28,0
DA:44,0
DA:45,0
DA:49,0
DA:50,0
DA:51,0
DA:55,0
DA:57,0
DA:60,0
DA:61,0
DA:64,0
DA:65,0
DA:66,0
DA:69,0
LF:23
LH:0
BRDA:15,0,0,0
BRDA:15,0,1,0
BRDA:44,1,0,0
BRDA:44,1,1,0
BRDA:60,2,0,0
BRDA:60,2,1,0
BRDA:60,3,0,0
BRDA:60,3,1,0
BRDA:65,4,0,0
BRDA:65,4,1,0
BRDA:65,5,0,0
BRDA:65,5,1,0
BRDA:72,6,0,0
BRDA:72,6,1,0
BRDA:73,7,0,0
BRDA:73,7,1,0
BRDA:74,8,0,0
BRDA:74,8,1,0
BRF:18
BRH:0
end_of_record
TN:
SF:backend/utils/authz.ts
FN:5,(anonymous_0)
FNF:1
FNH:0
FNDA:0,(anonymous_0)
DA:5,0
DA:6,0
DA:7,0
DA:10,0
DA:11,0
DA:12,0
DA:14,0
DA:17,0
DA:18,0
DA:19,0
DA:21,0
DA:22,0
DA:24,0
DA:30,0
DA:31,0
DA:33,0
DA:36,0
LF:17
LH:0
BRDA:6,0,0,0
BRDA:6,0,1,0
BRDA:10,1,0,0
BRDA:10,1,1,0
BRDA:11,2,0,0
BRDA:11,2,1,0
BRDA:11,3,0,0
BRDA:11,3,1,0
BRDA:17,4,0,0
BRDA:17,4,1,0
BRDA:18,5,0,0
BRDA:18,5,1,0
BRDA:21,6,0,0
BRDA:21,6,1,0
BRDA:30,7,0,0
BRDA:30,7,1,0
BRDA:30,8,0,0
BRDA:30,8,1,0
BRDA:30,8,2,0
BRF:19
BRH:0
end_of_record
TN:
SF:backend/utils/chatPolicy.ts
FN:8,(anonymous_0)
FN:26,(anonymous_1)
FN:49,(anonymous_2)
FN:65,(anonymous_3)
FN:65,(anonymous_4)
FN:74,(anonymous_5)
FN:104,(anonymous_6)
FN:121,(anonymous_7)
FN:134,(anonymous_8)
FNF:9
FNH:0
FNDA:0,(anonymous_0)
FNDA:0,(anonymous_1)
FNDA:0,(anonymous_2)
FNDA:0,(anonymous_3)
FNDA:0,(anonymous_4)
FNDA:0,(anonymous_5)
FNDA:0,(anonymous_6)
FNDA:0,(anonymous_7)
FNDA:0,(anonymous_8)
DA:6,0
DA:8,0
DA:9,0
DA:10,0
DA:13,0
DA:19,0
DA:20,0
DA:23,0
DA:26,0
DA:27,0
DA:28,0
DA:31,0
DA:37,0
DA:38,0
DA:41,0
DA:42,0
DA:43,0
DA:46,0
DA:49,0
DA:50,0
DA:51,0
DA:54,0
DA:56,0
DA:61,0
DA:62,0
DA:65,0
DA:67,0
DA:68,0
DA:69,0
DA:74,0
DA:75,0
DA:76,0
DA:79,0
DA:81,0
DA:86,0
DA:87,0
DA:90,0
DA:91,0
DA:92,0
DA:93,0
DA:94,0
DA:97,0
DA:98,0
DA:99,0
DA:104,0
DA:105,0
DA:106,0
DA:109,0
DA:111,0
DA:117,0
DA:118,0
DA:121,0
DA:123,0
DA:130,0
DA:131,0
DA:134,0
DA:136,0
DA:137,0
DA:138,0
LF:59
LH:0
BRDA:9,0,0,0
BRDA:9,0,1,0
BRDA:19,1,0,0
BRDA:19,1,1,0
BRDA:19,2,0,0
BRDA:19,2,1,0
BRDA:27,3,0,0
BRDA:27,3,1,0
BRDA:37,4,0,0
BRDA:37,4,1,0
BRDA:37,5,0,0
BRDA:37,5,1,0
BRDA:42,6,0,0
BRDA:42,6,1,0
BRDA:42,7,0,0
BRDA:42,7,1,0
BRDA:42,7,2,0
BRDA:50,8,0,0
BRDA:50,8,1,0
BRDA:54,9,0,0
BRDA:54,9,1,0
BRDA:61,10,0,0
BRDA:61,10,1,0
BRDA:61,11,0,0
BRDA:61,11,1,0
BRDA:68,12,0,0
BRDA:68,12,1,0
BRDA:75,13,0,0
BRDA:75,13,1,0
BRDA:79,14,0,0
BRDA:79,14,1,0
BRDA:86,15,0,0
BRDA:86,15,1,0
BRDA:91,16,0,0
BRDA:91,16,1,0
BRDA:92,17,0,0
BRDA:92,17,1,0
BRDA:93,18,0,0
BRDA:93,18,1,0
BRDA:94,19,0,0
BRDA:94,19,1,0
BRDA:98,20,0,0
BRDA:98,20,1,0
BRDA:105,21,0,0
BRDA:105,21,1,0
BRDA:109,22,0,0
BRDA:109,22,1,0
BRDA:117,23,0,0
BRDA:117,23,1,0
BRDA:117,24,0,0
BRDA:117,24,1,0
BRDA:117,24,2,0
BRDA:130,25,0,0
BRDA:130,25,1,0
BRDA:134,26,0,0
BRDA:134,26,1,0
BRDA:137,27,0,0
BRDA:137,27,1,0
BRF:58
BRH:0
end_of_record
TN:
SF:backend/utils/security.ts
FN:8,sanitizeString
FN:29,sanitizeDeviceId
FN:47,sanitizeJSON
FN:65,deepSanitize
FN:84,(anonymous_4)
FN:105,validateTimestamp
FN:124,validateArrayLength
FN:139,containsXSS
FN:154,(anonymous_8)
FN:160,sanitizeEmail
FN:178,sanitizePhone
FNF:11
FNH:0
FNDA:0,sanitizeString
FNDA:0,sanitizeDeviceId
FNDA:0,sanitizeJSON
FNDA:0,deepSanitize
FNDA:0,(anonymous_4)
FNDA:0,validateTimestamp
FNDA:0,validateArrayLength
FNDA:0,containsXSS
FNDA:0,(anonymous_8)
FNDA:0,sanitizeEmail
FNDA:0,sanitizePhone
DA:9,0
DA:10,0
DA:14,0
DA:17,0
DA:21,0
DA:23,0
DA:30,0
DA:31,0
DA:35,0
DA:37,0
DA:38,0
DA:41,0
DA:48,0
DA:49,0
DA:53,0
DA:54,0
DA:55,0
DA:59,0
DA:66,0
DA:68,0
DA:71,0
DA:72,0
DA:75,0
DA:76,0
DA:79,0
DA:80,0
DA:83,0
DA:84,0
DA:87,0
DA:88,0
DA:89,0
DA:91,0
DA:92,0
DA:93,0
DA:96,0
DA:99,0
DA:106,0
DA:107,0
DA:111,0
DA:112,0
DA:114,0
DA:115,0
DA:118,0
DA:125,0
DA:126,0
DA:129,0
DA:130,0
DA:133,0
DA:140,0
DA:141,0
DA:145,0
DA:154,0
DA:161,0
DA:162,0
DA:165,0
DA:166,0
DA:168,0
DA:169,0
DA:172,0
DA:179,0
DA:180,0
DA:184,0
DA:187,0
DA:188,0
DA:191,0
LF:65
LH:0
BRDA:8,0,0,0
BRDA:9,1,0,0
BRDA:9,1,1,0
BRDA:9,2,0,0
BRDA:9,2,1,0
BRDA:30,3,0,0
BRDA:30,3,1,0
BRDA:30,4,0,0
BRDA:30,4,1,0
BRDA:37,5,0,0
BRDA:37,5,1,0
BRDA:37,6,0,0
BRDA:37,6,1,0
BRDA:47,7,0,0
BRDA:48,8,0,0
BRDA:48,8,1,0
BRDA:54,9,0,0
BRDA:54,9,1,0
BRDA:65,10,0,0
BRDA:66,11,0,0
BRDA:66,11,1,0
BRDA:71,12,0,0
BRDA:71,12,1,0
BRDA:71,13,0,0
BRDA:71,13,1,0
BRDA:75,14,0,0
BRDA:75,14,1,0
BRDA:79,15,0,0
BRDA:79,15,1,0
BRDA:79,16,0,0
BRDA:79,16,1,0
BRDA:83,17,0,0
BRDA:83,17,1,0
BRDA:87,18,0,0
BRDA:87,18,1,0
BRDA:92,19,0,0
BRDA:92,19,1,0
BRDA:106,20,0,0
BRDA:106,20,1,0
BRDA:106,21,0,0
BRDA:106,21,1,0
BRDA:114,22,0,0
BRDA:114,22,1,0
BRDA:114,23,0,0
BRDA:114,23,1,0
BRDA:124,24,0,0
BRDA:125,25,0,0
BRDA:125,25,1,0
BRDA:129,26,0,0
BRDA:129,26,1,0
BRDA:140,27,0,0
BRDA:140,27,1,0
BRDA:140,28,0,0
BRDA:140,28,1,0
BRDA:161,29,0,0
BRDA:161,29,1,0
BRDA:161,30,0,0
BRDA:161,30,1,0
BRDA:168,31,0,0
BRDA:168,31,1,0
BRDA:168,32,0,0
BRDA:168,32,1,0
BRDA:179,33,0,0
BRDA:179,33,1,0
BRDA:179,34,0,0
BRDA:179,34,1,0
BRDA:187,35,0,0
BRDA:187,35,1,0
BRDA:187,36,0,0
BRDA:187,36,1,0
BRDA:187,36,2,0
BRF:71
BRH:0
end_of_record
TN:
SF:backend/utils/supabase.ts
FNF:0
FNH:0
DA:3,0
DA:5,0
DA:9,0
LF:3
LH:0
BRDA:3,0,0,0
BRDA:3,0,1,0
BRDA:5,1,0,0
BRDA:5,1,1,0
BRDA:5,1,2,0
BRDA:9,2,0,0
BRDA:9,2,1,0
BRDA:9,3,0,0
BRDA:9,3,1,0
BRF:9
BRH:0
end_of_record
TN:
SF:backend/utils/syncHelpers.ts
FN:3,getDeltaChats
FN:7,(anonymous_1)
FN:13,getDeltaAlerts
FN:17,(anonymous_3)
FNF:4
FNH:0
FNDA:0,getDeltaChats
FNDA:0,(anonymous_1)
FNDA:0,getDeltaAlerts
FNDA:0,(anonymous_3)
DA:7,0
DA:8,0
DA:9,0
DA:17,0
DA:18,0
DA:19,0
LF:6
LH:0
BRDA:8,0,0,0
BRDA:8,0,1,0
BRDA:8,0,2,0
BRDA:18,1,0,0
BRDA:18,1,1,0
BRDA:18,1,2,0
BRF:6
BRH:0
end_of_record
TN:
SF:backend/utils/validationSchemas.ts
FN:16,(anonymous_0)
FN:19,(anonymous_1)
FN:27,(anonymous_2)
FN:35,(anonymous_3)
FN:42,(anonymous_4)
FN:67,(anonymous_5)
FN:69,(anonymous_6)
FN:95,(anonymous_7)
FNF:8
FNH:0
FNDA:0,(anonymous_0)
FNDA:0,(anonymous_1)
FNDA:0,(anonymous_2)
FNDA:0,(anonymous_3)
FNDA:0,(anonymous_4)
FNDA:0,(anonymous_5)
FNDA:0,(anonymous_6)
FNDA:0,(anonymous_7)
DA:12,0
DA:16,0
DA:19,0
DA:24,0
DA:27,0
DA:32,0
DA:35,0
DA:40,0
DA:42,0
DA:47,0
DA:67,0
DA:70,0
DA:71,0
DA:72,0
DA:73,0
DA:84,0
DA:96,0
DA:97,0
DA:98,0
DA:99,0
DA:105,0
DA:106,0
DA:117,0
DA:135,0
DA:152,0
DA:161,0
DA:169,0
DA:178,0
DA:186,0
DA:195,0
LF:30
LH:0
BRDA:70,0,0,0
BRDA:70,0,1,0
BRDA:71,1,0,0
BRDA:71,1,1,0
BRDA:72,2,0,0
BRDA:72,2,1,0
BRDA:72,3,0,0
BRDA:72,3,1,0
BRDA:96,4,0,0
BRDA:96,4,1,0
BRDA:96,4,2,0
BRDA:97,5,0,0
BRDA:97,5,1,0
BRDA:98,6,0,0
BRDA:98,6,1,0
BRDA:105,7,0,0
BRDA:105,7,1,0
BRF:17
BRH:0
end_of_record
TN:
SF:components/ActivationTracker.tsx
FN:10,ActivationTracker
FN:13,(anonymous_1)
FN:18,(anonymous_2)
FNF:3
FNH:0
FNDA:0,ActivationTracker
FNDA:0,(anonymous_1)
FNDA:0,(anonymous_2)
DA:11,0
DA:13,0
DA:14,0
DA:15,0
DA:18,0
DA:19,0
DA:20,0
DA:21,0
DA:22,0
DA:25,0
DA:26,0
DA:29,0
DA:30,0
DA:31,0
DA:34,0
DA:37,0
DA:38,0
DA:39,0
DA:42,0
DA:46,0
DA:49,0
LF:21
LH:0
BRDA:14,0,0,0
BRDA:14,0,1,0
BRDA:25,1,0,0
BRDA:25,1,1,0
BRDA:30,2,0,0
BRDA:30,2,1,0
BRDA:30,3,0,0
BRDA:30,3,1,0
BRDA:38,4,0,0
BRDA:38,4,1,0
BRF:10
BRH:0
end_of_record
TN:
SF:components/BackgroundEffects.tsx
FN:16,(anonymous_0)
FN:23,(anonymous_1)
FN:86,(anonymous_2)
FN:153,(anonymous_3)
FNF:4
FNH:0
FNDA:0,(anonymous_0)
FNDA:0,(anonymous_1)
FNDA:0,(anonymous_2)
FNDA:0,(anonymous_3)
DA:16,0
DA:21,0
DA:23,0
DA:24,0
DA:26,0
DA:28,0
DA:30,0
DA:32,0
DA:36,0
DA:38,0
DA:86,0
DA:91,0
DA:93,0
DA:117,0
DA:153,0
DA:157,0
DA:159,0
DA:193,0
LF:18
LH:0
BRDA:19,0,0,0
BRDA:24,1,0,0
BRDA:24,1,1,0
BRDA:24,1,2,0
BRDA:24,1,3,0
BRDA:89,2,0,0
BRF:6
BRH:0
end_of_record
TN:
SF:components/ChatBackgroundPicker.tsx
FN:18,ChatBackgroundPicker
FN:23,(anonymous_1)
FN:35,(anonymous_2)
FN:39,(anonymous_3)
FN:58,(anonymous_4)
FNF:5
FNH:5
FNDA:8,ChatBackgroundPicker
FNDA:3,(anonymous_1)
FNDA:15,(anonymous_2)
FNDA:3,(anonymous_3)
FNDA:8,(anonymous_4)
DA:19,8
DA:20,8
DA:21,8
DA:23,8
DA:24,3
DA:25,3
DA:26,3
DA:29,8
DA:31,7
DA:36,15
DA:39,3
DA:58,8
LF:12
LH:12
BRDA:18,0,0,7
BRDA:29,1,0,1
BRDA:29,1,1,7
BRDA:44,2,0,15
BRDA:44,2,1,11
BRDA:45,3,0,15
BRDA:45,3,1,4
BRDA:46,4,0,4
BRDA:46,4,1,0
BRF:9
BRH:8
end_of_record
TN:
SF:components/CustomEmoji.tsx
FN:29,CustomEmoji
FN:30,(anonymous_1)
FNF:2
FNH:0
FNDA:0,CustomEmoji
FNDA:0,(anonymous_1)
DA:30,0
DA:31,0
DA:33,0
DA:42,0
DA:49,0
[...]
FN:67,(anonymous_2)
FN:71,(anonymous_3)
FN:75,(anonymous_4)
FN:79,(anonymous_5)
FN:83,(anonymous_6)
FN:87,(anonymous_7)
FNF:8
FNH:0
FNDA:0,(anonymous_0)
FNDA:0,(anonymous_1)
FNDA:0,(anonymous_2)
FNDA:0,(anonymous_3)
FNDA:0,(anonymous_4)
FNDA:0,(anonymous_5)
FNDA:0,(anonymous_6)
FNDA:0,(anonymous_7)
DA:22,0
DA:23,0
DA:26,0
DA:35,0
DA:36,0
DA:37,0
DA:41,0
DA:42,0
DA:44,0
DA:46,0
DA:47,0
DA:49,0
DA:51,0
DA:52,0
DA:54,0
DA:55,0
DA:58,0
DA:59,0
DA:64,0
DA:68,0
DA:72,0
DA:76,0
DA:80,0
DA:84,0
DA:88,0
DA:92,0
LF:26
LH:0
BRDA:36,0,0,0
BRDA:36,0,1,0
BRDA:42,1,0,0
BRDA:42,1,1,0
BRDA:42,2,0,0
BRDA:42,2,1,0
BRDA:44,3,0,0
BRDA:44,3,1,0
BRDA:44,3,2,0
BRDA:44,3,3,0
BRDA:44,3,4,0
BRDA:46,4,0,0
BRDA:46,4,1,0
BRDA:47,5,0,0
BRDA:47,5,1,0
BRDA:51,6,0,0
BRDA:51,6,1,0
BRDA:54,7,0,0
BRDA:54,7,1,0
BRDA:58,8,0,0
BRDA:58,8,1,0
BRDA:58,9,0,0
BRDA:58,9,1,0
BRDA:83,10,0,0
BRF:24
BRH:0
end_of_record
TN:
SF:utils/performance.ts
FN:10,measurePerformance
FN:28,measureAsyncPerformance
FN:46,debounce
FN:52,executedFunction
FN:53,(anonymous_4)
FN:68,throttle
FN:74,executedFunction
FN:78,(anonymous_7)
FN:86,createLazyComponent
FN:96,memoize
FN:99,(anonymous_10)
FN:115,withPerformanceMeasurement
FN:119,(anonymous_12)
FN:120,(anonymous_13)
FN:123,(anonymous_14)
FNF:15
FNH:0
FNDA:0,measurePerformance
FNDA:0,measureAsyncPerformance
FNDA:0,debounce
FNDA:0,executedFunction
FNDA:0,(anonymous_4)
FNDA:0,throttle
FNDA:0,executedFunction
FNDA:0,(anonymous_7)
FNDA:0,createLazyComponent
FNDA:0,memoize
FNDA:0,(anonymous_10)
FNDA:0,withPerformanceMeasurement
FNDA:0,(anonymous_12)
FNDA:0,(anonymous_13)
FNDA:0,(anonymous_14)
DA:15,0
DA:16,0
DA:17,0
DA:18,0
DA:19,0
DA:20,0
DA:22,0
DA:33,0
DA:34,0
DA:35,0
DA:36,0
DA:37,0
DA:38,0
DA:40,0
DA:50,0
DA:52,0
DA:53,0
DA:54,0
DA:55,0
DA:58,0
DA:59,0
DA:61,0
DA:74,0
DA:75,0
DA:76,0
DA:77,0
DA:78,0
DA:90,0
DA:97,0
DA:99,0
DA:100,0
DA:102,0
DA:103,0
DA:106,0
DA:107,0
DA:108,0
DA:119,0
DA:120,0
DA:121,0
DA:122,0
DA:123,0
DA:124,0
DA:125,0
DA:130,0
LF:44
LH:0
BRDA:13,0,0,0
BRDA:15,1,0,0
BRDA:15,1,1,0
BRDA:15,2,0,0
BRDA:15,2,1,0
BRDA:31,3,0,0
BRDA:33,4,0,0
BRDA:33,4,1,0
BRDA:33,5,0,0
BRDA:33,5,1,0
BRDA:58,6,0,0
BRDA:58,6,1,0
BRDA:75,7,0,0
BRDA:75,7,1,0
BRDA:102,8,0,0
BRDA:102,8,1,0
BRDA:121,9,0,0
BRDA:121,9,1,0
BRF:18
BRH:0
end_of_record
TN:
SF:utils/premiumStatus.ts
FN:12,isTrialExpired
FN:22,isSubscriptionExpired
FN:32,checkSubscriptionStatus
FNF:3
FNH:3
FNDA:8,isTrialExpired
FNDA:6,isSubscriptionExpired
FNDA:6,checkSubscriptionStatus
DA:13,8
DA:14,6
DA:15,4
DA:23,6
DA:24,4
DA:25,4
DA:36,6
DA:39,6
DA:40,4
DA:42,2
DA:43,2
DA:52,2
DA:53,2
DA:58,4
DA:59,2
DA:61,2
DA:62,2
DA:71,2
DA:72,2
DA:73,2
DA:74,2
DA:78,2
LF:22
LH:22
BRDA:13,0,0,2
BRDA:13,0,1,6
BRDA:14,1,0,2
BRDA:14,1,1,4
BRDA:23,2,0,2
BRDA:23,2,1,4
BRDA:24,3,0,0
BRDA:24,3,1,4
BRDA:39,4,0,4
BRDA:39,4,1,2
BRDA:39,5,0,6
BRDA:39,5,1,4
BRDA:40,6,0,2
BRDA:40,6,1,2
BRDA:58,7,0,2
BRDA:58,7,1,2
BRDA:58,8,0,4
BRDA:58,8,1,2
BRDA:59,9,0,2
BRDA:59,9,1,0
BRF:20
BRH:18
end_of_record
TN:
SF:utils/riskEvaluation.ts
FN:78,evaluateMessageRisk
FN:80,(anonymous_1)
FN:92,(anonymous_2)
FN:96,(anonymous_3)
FN:97,(anonymous_4)
FN:115,evaluateImageRisk
FN:117,(anonymous_6)
FNF:7
FNH:7
FNDA:72,evaluateMessageRisk
FNDA:576,(anonymous_1)
FNDA:58,(anonymous_2)
FNDA:58,(anonymous_3)
FNDA:58,(anonymous_4)
FNDA:38,evaluateImageRisk
FNDA:134,(anonymous_6)
DA:10,2
DA:19,2
DA:70,2
DA:79,72
DA:80,576
DA:82,72
DA:83,20
DA:84,20
DA:92,52
DA:93,58
DA:96,58
DA:97,58
DA:98,52
DA:99,52
DA:101,52
DA:116,38
DA:117,134
DA:118,38
DA:119,12
DA:122,26
LF:20
LH:20
BRDA:82,0,0,20
BRDA:82,0,1,52
BRDA:83,1,0,20
BRDA:83,1,1,10
BRDA:93,2,0,52
BRDA:93,2,1,6
BRDA:98,3,0,52
BRDA:98,3,1,48
BRDA:99,4,0,6
BRDA:99,4,1,46
BRDA:118,5,0,12
BRDA:118,5,1,26
BRF:12
BRH:12
end_of_record
TN:
SF:utils/sentry 2.ts
FN:23,initSentry
FN:60,(anonymous_1)
FN:83,setSentryUser
FN:87,clearSentryUser
FN:91,addSentryBreadcrumb
FN:100,captureException
FN:106,captureMessage
FN:117,startSentryTransaction
FN:127,(anonymous_8)
FNF:9
FNH:0
FNDA:0,initSentry
FNDA:0,(anonymous_1)
FNDA:0,setSentryUser
FNDA:0,clearSentryUser
FNDA:0,addSentryBreadcrumb
FNDA:0,captureException
FNDA:0,captureMessage
FNDA:0,startSentryTransaction
FNDA:0,(anonymous_8)
DA:9,0
DA:12,0
DA:13,0
DA:14,0
DA:16,0
DA:24,0
DA:25,0
DA:26,0
DA:28,0
DA:31,0
DA:32,0
DA:34,0
DA:35,0
DA:36,0
DA:39,0
DA:40,0
DA:41,0
DA:44,0
DA:64,0
DA:65,0
DA:66,0
DA:67,0
DA:68,0
DA:70,0
DA:80,0
DA:84,0
DA:88,0
DA:97,0
DA:101,0
DA:111,0
DA:121,0
DA:127,0
LF:32
LH:0
BRDA:9,0,0,0
BRDA:9,0,1,0
BRDA:24,1,0,0
BRDA:24,1,1,0
BRDA:25,2,0,0
BRDA:25,2,1,0
BRDA:34,3,0,0
BRDA:34,3,1,0
BRDA:34,4,0,0
BRDA:34,4,1,0
BRDA:39,5,0,0
BRDA:39,5,1,0
BRDA:46,6,0,0
BRDA:46,6,1,0
BRDA:47,7,0,0
BRDA:47,7,1,0
BRDA:49,8,0,0
BRDA:49,8,1,0
BRDA:49,8,2,0
BRDA:52,9,0,0
BRDA:52,9,1,0
BRDA:64,10,0,0
BRDA:64,10,1,0
BRDA:64,11,0,0
BRDA:64,11,1,0
BRDA:66,12,0,0
BRDA:66,12,1,0
BRDA:67,13,0,0
BRDA:67,13,1,0
BRDA:68,14,0,0
BRDA:68,14,1,0
BRDA:68,15,0,0
BRDA:68,15,1,0
BRDA:94,16,0,0
BRDA:102,17,0,0
BRDA:102,17,1,0
BRDA:108,18,0,0
BRDA:113,19,0,0
BRDA:113,19,1,0
BRDA:127,20,0,0
BRDA:127,20,1,0
BRF:41
BRH:0
end_of_record
TN:
SF:utils/sentry.ts
FN:23,initSentry
FN:60,(anonymous_1)
FN:83,setSentryUser
FN:87,clearSentryUser
FN:91,addSentryBreadcrumb
FN:100,captureException
FN:106,captureMessage
FN:117,startSentryTransaction
FN:127,(anonymous_8)
FNF:9
FNH:0
FNDA:0,initSentry
FNDA:0,(anonymous_1)
FNDA:0,setSentryUser
FNDA:0,clearSentryUser
FNDA:0,addSentryBreadcrumb
FNDA:0,captureException
FNDA:0,captureMessage
FNDA:0,startSentryTransaction
FNDA:0,(anonymous_8)
DA:9,0
DA:12,0
DA:13,0
DA:14,0
DA:16,0
DA:24,0
DA:25,0
DA:26,0
DA:28,0
DA:31,0
DA:32,0
DA:34,0
DA:35,0
DA:36,0
DA:39,0
DA:40,0
DA:41,0
DA:44,0
DA:64,0
DA:65,0
DA:66,0
DA:67,0
DA:68,0
DA:70,0
DA:80,0
DA:84,0
DA:88,0
DA:97,0
DA:101,0
DA:111,0
DA:121,0
DA:127,0
LF:32
LH:0
BRDA:9,0,0,0
BRDA:9,0,1,0
BRDA:24,1,0,0
BRDA:24,1,1,0
BRDA:25,2,0,0
BRDA:25,2,1,0
BRDA:34,3,0,0
BRDA:34,3,1,0
BRDA:34,4,0,0
BRDA:34,4,1,0
BRDA:39,5,0,0
BRDA:39,5,1,0
BRDA:46,6,0,0
BRDA:46,6,1,0
BRDA:47,7,0,0
BRDA:47,7,1,0
BRDA:49,8,0,0
BRDA:49,8,1,0
BRDA:49,8,2,0
BRDA:52,9,0,0
BRDA:52,9,1,0
BRDA:64,10,0,0
BRDA:64,10,1,0
BRDA:64,11,0,0
BRDA:64,11,1,0
BRDA:66,12,0,0
BRDA:66,12,1,0
BRDA:67,13,0,0
BRDA:67,13,1,0
BRDA:68,14,0,0
BRDA:68,14,1,0
BRDA:68,15,0,0
BRDA:68,15,1,0
BRDA:94,16,0,0
BRDA:102,17,0,0
BRDA:102,17,1,0
BRDA:108,18,0,0
BRDA:113,19,0,0
BRDA:113,19,1,0
BRDA:127,20,0,0
BRDA:127,20,1,0
BRF:41
BRH:0
end_of_record
TN:
SF:utils/soundNotifications.ts
FN:25,(anonymous_0)
FN:49,(anonymous_1)
FN:56,(anonymous_2)
FN:63,(anonymous_3)
FN:82,(anonymous_4)
FN:145,(anonymous_5)
FN:162,(anonymous_6)
FNF:7
FNH:6
FNDA:12,(anonymous_0)
FNDA:4,(anonymous_1)
FNDA:3,(anonymous_2)
FNDA:10,(anonymous_3)
FNDA:0,(anonymous_4)
FNDA:8,(anonymous_5)
FNDA:11,(anonymous_6)
DA:25,1
DA:26,12
DA:29,4
DA:32,2
DA:35,2
DA:38,2
DA:42,2
DA:49,1
DA:50,4
DA:56,1
DA:57,3
DA:63,1
DA:64,10
DA:66,2
DA:68,2
DA:70,2
DA:72,2
DA:75,2
DA:82,1
DA:83,0
DA:84,0
DA:87,0
DA:89,0
DA:101,0
DA:114,0
DA:126,0
DA:138,0
DA:145,1
DA:146,8
DA:148,4
DA:150,1
DA:155,3
DA:162,1
DA:169,11
LF:34
LH:26
BRDA:26,0,0,4
BRDA:26,0,1,2
BRDA:26,0,2,2
BRDA:26,0,3,2
BRDA:26,0,4,2
BRDA:26,0,5,2
BRDA:64,1,0,2
BRDA:64,1,1,2
BRDA:64,1,2,2
BRDA:64,1,3,2
BRDA:64,1,4,2
BRDA:64,1,5,2
BRDA:83,2,0,0
BRDA:83,2,1,0
BRDA:146,3,0,4
BRDA:146,3,1,1
BRDA:146,3,2,1
BRDA:146,3,3,2
BRDA:146,3,4,3
BRDA:146,3,5,3
BRDA:171,4,0,7
BRDA:171,4,1,4
BRDA:171,5,0,11
BRDA:171,5,1,10
BRF:24
BRH:22
end_of_record
TN:
SF:utils/syncHelpers.ts
FN:15,getDeltaAlerts
FN:16,(anonymous_1)
FN:26,getDeltaChats
FN:30,(anonymous_3)
FNF:4
FNH:4
FNDA:20,getDeltaAlerts
FNDA:48,(anonymous_1)
FNDA:22,getDeltaChats
FNDA:58,(anonymous_3)
DA:16,48
DA:30,22
DA:32,58
LF:3
LH:3
BRDA:16,0,0,48
BRDA:16,0,1,4
BRDA:32,1,0,58
BRDA:32,1,1,20
BRDA:32,1,2,4
BRF:5
BRH:5
end_of_record
TN:
SF:utils/syncService.ts
FN:21,getDeviceId
FN:35,getLastSyncTimestamp
FN:43,setLastSyncTimestamp
FN:50,isTimeoutError
FN:68,hasAuthToken
FN:76,isUnauthorizedError
FN:97,isRetryableError
FN:117,withRetry
FN:150,(anonymous_8)
FN:164,(anonymous_9)
FN:169,(anonymous_10)
FN:179,(anonymous_11)
FN:231,(anonymous_12)
FN:241,(anonymous_13)
FN:300,(anonymous_14)
FN:305,(anonymous_15)
FN:315,(anonymous_16)
FN:367,(anonymous_17)
FN:377,(anonymous_18)
FN:436,(anonymous_19)
FN:441,(anonymous_20)
FN:451,(anonymous_21)
FN:502,(anonymous_22)
FN:511,(anonymous_23)
FNF:24
FNH:24
FNDA:11,getDeviceId
FNDA:10,getLastSyncTimestamp
FNDA:6,setLastSyncTimestamp
FNDA:15,isTimeoutError
FNDA:11,hasAuthToken
FNDA:5,isUnauthorizedError
FNDA:10,isRetryableError
FNDA:11,withRetry
FNDA:10,(anonymous_8)
FNDA:5,(anonymous_9)
FNDA:3,(anonymous_10)
FNDA:7,(anonymous_11)
FNDA:2,(anonymous_12)
FNDA:4,(anonymous_13)
FNDA:3,(anonymous_14)
FNDA:2,(anonymous_15)
FNDA:4,(anonymous_16)
FNDA:1,(anonymous_17)
FNDA:1,(anonymous_18)
FNDA:3,(anonymous_19)
FNDA:2,(anonymous_20)
FNDA:4,(anonymous_21)
FNDA:1,(anonymous_22)
FNDA:1,(anonymous_23)
DA:22,11
DA:23,11
DA:24,11
DA:27,0
DA:28,0
DA:29,0
DA:36,10
DA:37,10
DA:44,6
DA:51,15
DA:52,15
DA:62,0
DA:69,11
DA:70,11
DA:77,5
DA:78,5
DA:79,5
DA:81,5
DA:82,0
DA:84,5
DA:85,0
DA:87,5
DA:88,5
DA:89,5
DA:91,0
DA:98,10
DA:100,10
DA:111,0
DA:125,11
DA:126,21
DA:127,21
DA:129,15
DA:132,15
DA:133,5
DA:137,10
DA:139,10
DA:150,10
DA:154,0
DA:161,1
DA:162,1
DA:165,5
DA:166,1
DA:170,3
DA:171,3
DA:172,3
DA:173,0
DA:175,3
DA:176,3
DA:178,3
DA:179,7
DA:189,1
DA:190,1
DA:191,1
DA:197,1
DA:200,0
DA:202,2
DA:203,2
DA:204,2
DA:206,2
DA:207,0
DA:212,0
DA:215,2
DA:222,2
DA:232,2
DA:233,2
DA:234,2
DA:235,0
DA:237,2
DA:238,2
DA:240,2
DA:241,4
DA:250,1
DA:251,1
DA:252,1
DA:258,1
DA:261,0
DA:263,1
DA:264,1
DA:265,1
DA:267,1
DA:268,0
DA:273,0
DA:276,1
DA:283,1
DA:297,1
DA:298,1
DA:301,3
DA:302,1
DA:306,2
DA:307,2
DA:308,2
DA:309,0
DA:311,2
DA:312,2
DA:314,2
DA:315,4
DA:325,1
DA:326,1
DA:327,1
DA:333,1
DA:336,0
DA:338,1
DA:339,1
DA:340,1
DA:342,1
DA:343,0
DA:348,0
DA:351,1
DA:358,1
DA:368,1
DA:369,1
DA:370,1
DA:371,0
DA:373,1
DA:374,1
DA:376,1
DA:377,1
DA:386,1
DA:387,1
DA:388,1
DA:394,1
DA:397,0
DA:399,0
DA:400,0
DA:401,0
DA:403,0
DA:404,0
DA:409,0
DA:412,0
DA:419,0
DA:433,1
DA:434,1
DA:437,3
DA:438,1
DA:442,2
DA:443,2
DA:444,2
DA:445,0
DA:447,2
DA:448,2
DA:450,2
DA:451,4
DA:461,1
DA:462,1
DA:463,1
DA:468,1
DA:471,0
DA:473,1
DA:474,1
DA:475,1
DA:477,1
DA:478,0
DA:483,0
DA:486,1
DA:493,1
DA:503,1
DA:504,1
DA:505,1
DA:506,0
DA:508,1
DA:510,1
DA:511,1
DA:519,1
DA:520,1
DA:521,1
DA:526,1
DA:529,0
DA:531,0
DA:532,0
DA:533,0
DA:535,0
DA:536,0
DA:541,0
DA:544,0
DA:551,0
DA:562,1
DA:563,1
DA:564,1
LF:178
LH:133
BRDA:23,0,0,11
BRDA:23,0,1,0
BRDA:37,1,0,5
BRDA:37,1,1,5
BRDA:51,2,0,15
BRDA:51,2,1,0
BRDA:53,3,0,15
BRDA:53,3,1,12
BRDA:53,3,2,12
BRDA:53,3,3,12
BRDA:53,3,4,12
BRDA:53,3,5,0
BRDA:53,3,6,0
BRDA:78,4,0,5
BRDA:78,4,1,5
BRDA:79,5,0,5
BRDA:79,5,1,5
BRDA:81,6,0,0
BRDA:81,6,1,5
BRDA:81,7,0,5
BRDA:81,7,1,5
BRDA:84,8,0,0
BRDA:84,8,1,5
BRDA:84,9,0,5
BRDA:84,9,1,5
BRDA:87,10,0,5
BRDA:87,10,1,0
BRDA:88,11,0,5
BRDA:88,11,1,0
BRDA:89,12,0,5
BRDA:89,12,1,5
BRDA:89,12,2,5
BRDA:89,12,3,5
BRDA:98,13,0,10
BRDA:98,13,1,0
BRDA:101,14,0,10
BRDA:101,14,1,0
BRDA:101,14,2,0
BRDA:101,14,3,0
BRDA:101,14,4,0
BRDA:101,14,5,0
BRDA:101,14,6,0
BRDA:101,14,7,0
BRDA:119,15,0,0
BRDA:120,16,0,0
BRDA:132,17,0,5
BRDA:132,17,1,10
BRDA:132,18,0,15
BRDA:132,18,1,10
BRDA:140,19,0,10
BRDA:140,19,1,0
BRDA:141,20,0,10
BRDA:141,20,1,0
BRDA:145,21,0,10
BRDA:145,21,1,0
BRDA:154,22,0,0
BRDA:154,22,1,0
BRDA:165,23,0,4
BRDA:165,23,1,1
BRDA:172,24,0,0
BRDA:172,24,1,3
BRDA:182,25,0,7
BRDA:182,25,1,7
BRDA:189,26,0,1
BRDA:189,26,1,0
BRDA:189,27,0,1
BRDA:189,27,1,1
BRDA:202,28,0,2
BRDA:202,28,1,0
BRDA:206,29,0,0
BRDA:206,29,1,2
BRDA:215,30,0,2
BRDA:215,30,1,0
BRDA:224,31,0,2
BRDA:224,31,1,0
BRDA:234,32,0,0
BRDA:234,32,1,2
BRDA:243,33,0,4
BRDA:243,33,1,4
BRDA:250,34,0,1
BRDA:250,34,1,0
BRDA:250,35,0,1
BRDA:250,35,1,1
BRDA:263,36,0,1
BRDA:263,36,1,0
BRDA:267,37,0,0
BRDA:267,37,1,1
BRDA:276,38,0,1
BRDA:276,38,1,0
BRDA:285,39,0,1
BRDA:285,39,1,0
BRDA:301,40,0,2
BRDA:301,40,1,1
BRDA:308,41,0,0
BRDA:308,41,1,2
BRDA:318,42,0,4
BRDA:318,42,1,4
BRDA:325,43,0,1
BRDA:325,43,1,0
BRDA:325,44,0,1
BRDA:325,44,1,1
BRDA:338,45,0,1
BRDA:338,45,1,0
BRDA:342,46,0,0
BRDA:342,46,1,1
BRDA:351,47,0,1
BRDA:351,47,1,0
BRDA:360,48,0,1
BRDA:360,48,1,0
BRDA:370,49,0,0
BRDA:370,49,1,1
BRDA:379,50,0,1
BRDA:379,50,1,1
BRDA:386,51,0,1
BRDA:386,51,1,0
BRDA:386,52,0,1
BRDA:386,52,1,1
BRDA:399,53,0,0
BRDA:399,53,1,0
BRDA:403,54,0,0
BRDA:403,54,1,0
BRDA:412,55,0,0
BRDA:412,55,1,0
BRDA:421,56,0,0
BRDA:421,56,1,0
BRDA:437,57,0,2
BRDA:437,57,1,1
BRDA:444,58,0,0
BRDA:444,58,1,2
BRDA:454,59,0,4
BRDA:454,59,1,4
BRDA:461,60,0,1
BRDA:461,60,1,0
BRDA:461,61,0,1
BRDA:461,61,1,1
BRDA:473,62,0,1
BRDA:473,62,1,0
BRDA:477,63,0,0
BRDA:477,63,1,1
BRDA:486,64,0,1
BRDA:486,64,1,0
BRDA:495,65,0,1
BRDA:495,65,1,0
BRDA:505,66,0,0
BRDA:505,66,1,1
BRDA:519,67,0,1
BRDA:519,67,1,0
BRDA:519,68,0,1
BRDA:519,68,1,1
BRDA:531,69,0,0
BRDA:531,69,1,0
BRDA:535,70,0,0
BRDA:535,70,1,0
BRDA:544,71,0,0
BRDA:544,71,1,0
BRDA:553,72,0,0
BRDA:553,72,1,0
BRF:157
BRH:90
end_of_record
TN:
SF:utils/timeRestrictions.ts
FN:28,isTimeRestricted
FN:40,(anonymous_1)
FN:48,(anonymous_2)
FNF:3
FNH:3
FNDA:30,isTimeRestricted
FNDA:34,(anonymous_1)
FNDA:24,(anonymous_2)
DA:32,30
DA:33,30
DA:34,30
DA:35,30
DA:36,30
DA:39,30
DA:40,34
DA:43,30
DA:44,10
DA:48,20
DA:49,24
DA:50,24
DA:53,24
DA:57,20
LF:14
LH:14
BRDA:32,0,0,28
BRDA:32,0,1,2
BRDA:40,1,0,34
BRDA:40,1,1,32
BRDA:43,2,0,10
BRDA:43,2,1,20
BRDA:53,3,0,24
BRDA:53,3,1,20
BRF:8
BRH:8
end_of_record
TN:
SF:utils/validation.ts
FN:13,isUuid
FNF:1
FNH:1
FNDA:98,isUuid
DA:14,98
DA:15,20
DA:18,78
LF:3
LH:3
BRDA:14,0,0,20
BRDA:14,0,1,78
BRF:2
BRH:2
end_of_record
TN:
SF:utils/versioning.ts
FN:21,getVersionInfo
FN:53,createVersionedData
FN:64,needsMigration
FN:71,getStoredVersion
FN:84,saveStoredVersion
FNF:5
FNH:5
FNDA:1,getVersionInfo
FNDA:2,createVersionedData
FNDA:5,needsMigration
FNDA:3,getStoredVersion
FNDA:2,saveStoredVersion
DA:7,1
DA:8,1
DA:9,1
DA:22,1
DA:23,1
DA:24,0
DA:31,1
DA:54,2
DA:65,5
DA:72,3
DA:73,3
DA:74,3
DA:75,2
DA:77,1
DA:85,2
DA:86,2
DA:87,2
DA:89,1
LF:18
LH:17
BRDA:25,0,0,0
BRDA:25,0,1,0
BRDA:53,1,0,1
BRDA:64,2,0,1
BRDA:75,3,0,1
BRDA:75,3,1,1
BRF:6
BRH:4
end_of_record
TN:
SF:utils/migrations/index.ts
FN:15,createMigrationManager
FN:34,getMigrationManager
FNF:2
FNH:0
FNDA:0,createMigrationManager
FNDA:0,getMigrationManager
DA:16,0
DA:19,0
DA:20,0
DA:21,0
DA:23,0
DA:29,0
DA:35,0
DA:36,0
DA:38,0
LF:9
LH:0
BRDA:35,0,0,0
BRDA:35,0,1,0
BRF:2
BRH:0
end_of_record
TN:
SF:utils/migrations/migrationManager.ts
FN:17,(anonymous_0)
FN:20,(anonymous_1)
FN:29,(anonymous_2)
FN:35,(anonymous_3)
FN:62,(anonymous_4)
FN:106,(anonymous_5)
FN:128,(anonymous_6)
FN:165,(anonymous_7)
FN:172,(anonymous_8)
FN:185,(anonymous_9)
FN:192,(anonymous_10)
FNF:11
FNH:9
FNDA:10,(anonymous_0)
FNDA:4,(anonymous_1)
FNDA:6,(anonymous_2)
FNDA:5,(anonymous_3)
FNDA:5,(anonymous_4)
FNDA:2,(anonymous_5)
FNDA:2,(anonymous_6)
FNDA:4,(anonymous_7)
FNDA:0,(anonymous_8)
FNDA:2,(anonymous_9)
FNDA:0,(anonymous_10)
DA:11,9
DA:12,9
DA:19,10
DA:20,4
DA:23,10
DA:24,0
DA:27,10
DA:29,10
DA:40,5
DA:41,1
DA:49,4
DA:50,4
DA:52,4
DA:54,4
DA:55,4
DA:59,4
DA:60,5
DA:61,5
DA:62,5
DA:65,5
DA:66,1
DA:71,4
DA:74,4
DA:75,3
DA:78,3
DA:79,3
DA:80,3
DA:81,3
DA:85,2
DA:92,2
DA:93,2
DA:111,2
DA:112,0
DA:120,2
DA:121,2
DA:123,2
DA:125,2
DA:126,2
DA:127,2
DA:128,2
DA:131,2
DA:132,1
DA:137,1
DA:140,1
DA:141,1
DA:144,1
DA:151,1
DA:152,1
DA:166,4
DA:167,4
DA:168,4
DA:171,4
DA:172,4
DA:173,4
DA:174,0
DA:175,0
DA:178,0
DA:186,2
DA:193,0
LF:59
LH:53
BRDA:20,0,0,4
BRDA:20,0,1,0
BRDA:23,1,0,0
BRDA:23,1,1,10
BRDA:40,2,0,1
BRDA:40,2,1,4
BRDA:54,3,0,4
BRDA:54,3,1,0
BRDA:62,4,0,5
BRDA:62,4,1,4
BRDA:65,5,0,1
BRDA:65,5,1,4
BRDA:78,6,0,3
BRDA:78,6,1,0
BRDA:78,7,0,3
BRDA:78,7,1,3
BRDA:98,8,0,2
BRDA:98,8,1,0
BRDA:111,9,0,0
BRDA:111,9,1,2
BRDA:128,10,0,2
BRDA:128,10,1,2
BRDA:131,11,0,1
BRDA:131,11,1,1
BRDA:131,12,0,2
BRDA:131,12,1,2
BRDA:157,13,0,1
BRDA:157,13,1,0
BRDA:173,14,0,0
BRDA:173,14,1,4
BRF:30
BRH:22
end_of_record
TN:
SF:utils/migrations/types.ts
FNF:0
FNH:0
LF:0
LH:0
BRF:0
BRH:0
end_of_record
TN:
SF:utils/migrations/analytics/v1-to-v2.ts
FN:18,(anonymous_0)
FN:20,(anonymous_1)
FN:25,(anonymous_2)
FN:42,(anonymous_3)
FN:85,(anonymous_4)
FN:88,(anonymous_5)
FNF:6
FNH:6
FNDA:5,(anonymous_0)
FNDA:4,(anonymous_1)
FNDA:4,(anonymous_2)
FNDA:4,(anonymous_3)
FNDA:1,(anonymous_4)
FNDA:1,(anonymous_5)
DA:12,1
DA:20,5
DA:21,4
DA:25,5
DA:26,4
DA:30,5
DA:31,5
DA:32,4
DA:33,4
DA:37,5
DA:38,4
DA:39,4
DA:40,4
DA:42,4
DA:44,4
DA:46,1
DA:47,1
DA:48,3
DA:50,0
DA:51,0
DA:52,3
DA:55,3
DA:57,3
DA:58,3
DA:62,4
DA:73,4
DA:78,5
DA:79,5
DA:80,5
DA:82,5
DA:87,1
DA:88,1
DA:89,1
DA:91,1
DA:92,1
DA:93,1
DA:94,0
DA:97,1
DA:102,1
DA:103,1
DA:106,1
DA:107,1
LF:42
LH:39
BRDA:31,0,0,4
BRDA:31,0,1,1
BRDA:37,1,0,4
BRDA:37,1,1,1
BRDA:37,2,0,5
BRDA:37,2,1,4
BRDA:44,3,0,1
BRDA:44,3,1,3
BRDA:48,4,0,0
BRDA:48,4,1,3
BRDA:52,5,0,0
BRDA:52,5,1,3
BRDA:52,6,0,3
BRDA:52,6,1,0
BRDA:55,7,0,3
BRDA:55,7,1,0
BRDA:55,8,0,3
BRDA:55,8,1,3
BRDA:64,9,0,4
BRDA:64,9,1,4
BRDA:64,9,2,0
BRDA:65,10,0,4
BRDA:65,10,1,4
BRDA:87,11,0,1
BRDA:87,11,1,0
BRDA:87,12,0,1
BRDA:87,12,1,1
BRDA:91,13,0,1
BRDA:91,13,1,0
BRDA:91,14,0,1
BRDA:91,14,1,1
BRDA:93,15,0,0
BRDA:93,15,1,1
BRDA:102,16,0,1
BRDA:102,16,1,0
BRDA:102,17,0,1
BRDA:102,17,1,1
BRF:37
BRH:28
end_of_record
TN:
SF:utils/migrations/messages/v1-to-v2.ts
FN:17,(anonymous_0)
FN:20,(anonymous_1)
FN:23,(anonymous_2)
FN:49,(anonymous_3)
FN:74,(anonymous_4)
FN:77,(anonymous_5)
FN:79,(anonymous_6)
FN:94,(anonymous_7)
FNF:8
FNH:0
FNDA:0,(anonymous_0)
FNDA:0,(anonymous_1)
FNDA:0,(anonymous_2)
FNDA:0,(anonymous_3)
FNDA:0,(anonymous_4)
FNDA:0,(anonymous_5)
FNDA:0,(anonymous_6)
FNDA:0,(anonymous_7)
DA:11,0
DA:19,0
DA:20,0
DA:22,0
DA:23,0
DA:25,0
DA:26,0
DA:36,0
DA:43,0
DA:48,0
DA:49,0
DA:50,0
DA:51,0
DA:59,0
DA:67,0
DA:68,0
DA:69,0
DA:71,0
DA:76,0
DA:77,0
DA:78,0
DA:79,0
DA:80,0
DA:82,0
DA:83,0
DA:86,0
DA:89,0
DA:93,0
DA:94,0
DA:95,0
DA:96,0
DA:97,0
DA:99,0
DA:103,0
DA:104,0
LF:35
LH:0
BRDA:19,0,0,0
BRDA:19,0,1,0
BRDA:19,1,0,0
BRDA:19,1,1,0
BRDA:22,2,0,0
BRDA:22,2,1,0
BRDA:22,3,0,0
BRDA:22,3,1,0
BRDA:25,4,0,0
BRDA:25,4,1,0
BRDA:48,5,0,0
BRDA:48,5,1,0
BRDA:48,6,0,0
BRDA:48,6,1,0
BRDA:50,7,0,0
BRDA:50,7,1,0
BRDA:76,8,0,0
BRDA:76,8,1,0
BRDA:76,9,0,0
BRDA:76,9,1,0
BRDA:78,10,0,0
BRDA:78,10,1,0
BRDA:78,11,0,0
BRDA:78,11,1,0
BRDA:82,12,0,0
BRDA:82,12,1,0
BRDA:82,13,0,0
BRDA:82,13,1,0
BRDA:82,13,2,0
BRDA:93,14,0,0
BRDA:93,14,1,0
BRDA:93,15,0,0
BRDA:93,15,1,0
BRDA:96,16,0,0
BRDA:96,16,1,0
BRDA:96,17,0,0
BRDA:96,17,1,0
BRDA:96,17,2,0
BRF:38
BRH:0
end_of_record
TN:
SF:utils/migrations/user/v1-to-v2.ts
FN:18,(anonymous_0)
FN:50,(anonymous_1)
FN:72,(anonymous_2)
FN:107,(anonymous_3)
FNF:4
FNH:0
FNDA:0,(anonymous_0)
FNDA:0,(anonymous_1)
FNDA:0,(anonymous_2)
FNDA:0,(anonymous_3)
DA:12,0
DA:20,0
DA:21,0
DA:24,0
DA:25,0
DA:29,0
DA:30,0
DA:38,0
DA:39,0
DA:41,0
DA:42,0
DA:45,0
DA:49,0
DA:50,0
DA:51,0
DA:52,0
DA:54,0
DA:55,0
DA:57,0
DA:58,0
DA:60,0
DA:65,0
DA:66,0
DA:67,0
DA:69,0
DA:74,0
DA:75,0
DA:78,0
DA:79,0
DA:83,0
DA:85,0
DA:90,0
DA:91,0
DA:96,0
DA:97,0
DA:99,0
DA:100,0
DA:103,0
DA:106,0
DA:107,0
DA:108,0
DA:109,0
DA:111,0
DA:112,0
DA:114,0
DA:115,0
DA:117,0
DA:121,0
DA:122,0
LF:49
LH:0
BRDA:20,0,0,0
BRDA:20,0,1,0
BRDA:24,1,0,0
BRDA:24,1,1,0
BRDA:29,2,0,0
BRDA:29,2,1,0
BRDA:38,3,0,0
BRDA:38,3,1,0
BRDA:39,4,0,0
BRDA:39,4,1,0
BRDA:41,5,0,0
BRDA:41,5,1,0
BRDA:49,6,0,0
BRDA:49,6,1,0
BRDA:49,7,0,0
BRDA:49,7,1,0
BRDA:51,8,0,0
BRDA:51,8,1,0
BRDA:54,9,0,0
BRDA:54,9,1,0
BRDA:55,10,0,0
BRDA:55,10,1,0
BRDA:57,11,0,0
BRDA:57,11,1,0
BRDA:74,12,0,0
BRDA:74,12,1,0
BRDA:78,13,0,0
BRDA:78,13,1,0
BRDA:83,14,0,0
BRDA:83,14,1,0
BRDA:85,15,0,0
BRDA:85,15,1,0
BRDA:85,15,2,0
BRDA:85,15,3,0
BRDA:90,16,0,0
BRDA:90,16,1,0
BRDA:96,17,0,0
BRDA:96,17,1,0
BRDA:96,18,0,0
BRDA:96,18,1,0
BRDA:96,18,2,0
BRDA:99,19,0,0
BRDA:99,19,1,0
BRDA:106,20,0,0
BRDA:106,20,1,0
BRDA:106,21,0,0
BRDA:106,21,1,0
BRDA:108,22,0,0
BRDA:108,22,1,0
BRDA:111,23,0,0
BRDA:111,23,1,0
BRDA:111,24,0,0
BRDA:111,24,1,0
BRDA:111,24,2,0
BRDA:114,25,0,0
BRDA:114,25,1,0
BRF:56
BRH:0
end_of_record
