TN:
SF:app/+not-found.tsx
FN:5,NotFoundScreen
FNF:1
FNH:0
FNDA:0,NotFoundScreen
DA:6,0
DA:20,0
LF:2
LH:0
BRF:0
BRH:0
end_of_record
TN:
SF:app/_layout.tsx
FN:73,HeaderBackButton
FN:76,(anonymous_1)
FN:79,(anonymous_2)
FN:109,(anonymous_3)
FN:113,(anonymous_4)
FN:115,(anonymous_5)
FN:120,(anonymous_6)
FN:124,(anonymous_7)
FN:145,RootLayoutNav
FN:154,(anonymous_9)
FN:155,(anonymous_10)
FN:156,(anonymous_11)
FN:159,(anonymous_12)
FN:169,(anonymous_13)
FN:176,(anonymous_14)
FN:184,(anonymous_15)
FN:191,(anonymous_16)
FN:195,(anonymous_17)
FN:196,(anonymous_18)
FN:265,AppProviders
FN:314,RootLayout
FN:317,(anonymous_21)
FN:320,(anonymous_22)
FN:324,(anonymous_23)
FN:345,(anonymous_24)
FN:346,(anonymous_25)
FN:350,(anonymous_26)
FN:356,(anonymous_27)
FNF:28
FNH:0
FNDA:0,HeaderBackButton
FNDA:0,(anonymous_1)
FNDA:0,(anonymous_2)
FNDA:0,(anonymous_3)
FNDA:0,(anonymous_4)
FNDA:0,(anonymous_5)
FNDA:0,(anonymous_6)
FNDA:0,(anonymous_7)
FNDA:0,RootLayoutNav
FNDA:0,(anonymous_9)
FNDA:0,(anonymous_10)
FNDA:0,(anonymous_11)
FNDA:0,(anonymous_12)
FNDA:0,(anonymous_13)
FNDA:0,(anonymous_14)
FNDA:0,(anonymous_15)
FNDA:0,(anonymous_16)
FNDA:0,(anonymous_17)
FNDA:0,(anonymous_18)
FNDA:0,AppProviders
FNDA:0,RootLayout
FNDA:0,(anonymous_21)
FNDA:0,(anonymous_22)
FNDA:0,(anonymous_23)
FNDA:0,(anonymous_24)
FNDA:0,(anonymous_25)
FNDA:0,(anonymous_26)
FNDA:0,(anonymous_27)
DA:33,0
DA:34,0
DA:35,0
DA:38,0
DA:41,0
DA:42,0
DA:45,0
DA:74,0
DA:76,0
DA:77,0
DA:79,0
DA:80,0
DA:83,0
DA:84,0
DA:85,0
DA:87,0
DA:90,0
DA:105,0
DA:110,0
DA:115,0
DA:116,0
DA:120,0
DA:121,0
DA:125,0
DA:126,0
DA:127,0
DA:128,0
DA:130,0
DA:141,0
DA:146,0
DA:148,0
DA:149,0
DA:150,0
DA:151,0
DA:152,0
DA:154,0
DA:155,0
DA:156,0
DA:159,0
DA:160,0
DA:162,0
DA:163,0
DA:164,0
DA:167,0
DA:168,0
DA:169,0
DA:170,0
DA:171,0
DA:173,0
DA:176,0
DA:178,0
DA:183,0
DA:184,0
DA:185,0
DA:186,0
DA:188,0
DA:191,0
DA:195,0
DA:196,0
DA:197,0
DA:198,0
DA:201,0
DA:266,0
DA:315,0
DA:317,0
DA:318,0
DA:320,0
DA:321,0
DA:324,0
DA:325,0
DA:328,0
DA:334,0
DA:335,0
DA:337,0
DA:338,0
DA:342,0
DA:344,0
DA:346,0
DA:347,0
DA:351,0
DA:352,0
DA:356,0
DA:357,0
DA:361,0
DA:362,0
DA:365,0
DA:374,0
LF:87
LH:0
BRDA:34,0,0,0
BRDA:34,0,1,0
BRDA:34,1,0,0
BRDA:34,1,1,0
BRDA:41,2,0,0
BRDA:41,2,1,0
BRDA:53,3,0,0
BRDA:53,3,1,0
BRDA:77,4,0,0
BRDA:77,4,1,0
BRDA:83,5,0,0
BRDA:83,5,1,0
BRDA:83,6,0,0
BRDA:83,6,1,0
BRDA:125,7,0,0
BRDA:125,7,1,0
BRDA:126,8,0,0
BRDA:126,8,1,0
BRDA:127,9,0,0
BRDA:127,9,1,0
BRDA:127,10,0,0
BRDA:127,10,1,0
BRDA:149,11,0,0
BRDA:149,11,1,0
BRDA:150,12,0,0
BRDA:150,12,1,0
BRDA:160,13,0,0
BRDA:160,13,1,0
BRDA:160,14,0,0
BRDA:160,14,1,0
BRDA:160,14,2,0
BRDA:160,14,3,0
BRDA:162,15,0,0
BRDA:162,15,1,0
BRDA:167,16,0,0
BRDA:167,16,1,0
BRDA:168,17,0,0
BRDA:168,17,1,0
BRDA:183,18,0,0
BRDA:183,18,1,0
BRDA:183,19,0,0
BRDA:183,19,1,0
BRDA:183,19,2,0
BRDA:334,20,0,0
BRDA:334,20,1,0
BRDA:347,21,0,0
BRDA:347,21,1,0
BRDA:351,22,0,0
BRDA:351,22,1,0
BRDA:361,23,0,0
BRDA:361,23,1,0
BRF:51
BRH:0
end_of_record
TN:
SF:app/ai-recommendations.tsx
FN:89,(anonymous_0)
FN:89,(anonymous_1)
FN:91,(anonymous_2)
FN:101,(anonymous_3)
FN:103,(anonymous_4)
FN:107,(anonymous_5)
FN:131,(anonymous_6)
FN:133,(anonymous_7)
FN:134,(anonymous_8)
FN:195,AIRecommendationsScreen
FN:198,(anonymous_10)
FN:206,(anonymous_11)
FN:207,(anonymous_12)
FN:208,(anonymous_13)
FN:212,(anonymous_14)
FN:227,(anonymous_15)
FN:237,(anonymous_16)
FN:238,(anonymous_17)
FN:239,(anonymous_18)
FN:240,(anonymous_19)
FN:241,(anonymous_20)
FN:256,(anonymous_21)
FN:308,(anonymous_22)
FN:375,(anonymous_23)
FN:398,(anonymous_24)
FN:409,(anonymous_25)
FN:426,(anonymous_26)
FN:433,(anonymous_27)
FN:451,(anonymous_28)
FNF:29
FNH:0
FNDA:0,(anonymous_0)
FNDA:0,(anonymous_1)
FNDA:0,(anonymous_2)
FNDA:0,(anonymous_3)
FNDA:0,(anonymous_4)
FNDA:0,(anonymous_5)
FNDA:0,(anonymous_6)
FNDA:0,(anonymous_7)
FNDA:0,(anonymous_8)
FNDA:0,AIRecommendationsScreen
FNDA:0,(anonymous_10)
FNDA:0,(anonymous_11)
FNDA:0,(anonymous_12)
FNDA:0,(anonymous_13)
FNDA:0,(anonymous_14)
FNDA:0,(anonymous_15)
FNDA:0,(anonymous_16)
FNDA:0,(anonymous_17)
FNDA:0,(anonymous_18)
FNDA:0,(anonymous_19)
FNDA:0,(anonymous_20)
FNDA:0,(anonymous_21)
FNDA:0,(anonymous_22)
FNDA:0,(anonymous_23)
FNDA:0,(anonymous_24)
FNDA:0,(anonymous_25)
FNDA:0,(anonymous_26)
FNDA:0,(anonymous_27)
FNDA:0,(anonymous_28)
DA:48,0
DA:75,0
DA:81,0
DA:87,0
DA:89,0
DA:91,0
DA:92,0
DA:93,0
DA:95,0
DA:96,0
DA:98,0
DA:101,0
DA:102,0
DA:103,0
DA:104,0
DA:105,0
DA:107,0
DA:108,0
DA:109,0
DA:110,0
DA:111,0
DA:113,0
DA:114,0
DA:115,0
DA:116,0
DA:118,0
DA:120,0
DA:131,0
DA:132,0
DA:133,0
DA:134,0
DA:135,0
DA:139,0
DA:140,0
DA:147,0
DA:148,0
DA:155,0
DA:156,0
DA:163,0
DA:164,0
DA:171,0
DA:172,0
DA:179,0
DA:182,0
DA:196,0
DA:197,0
DA:198,0
DA:199,0
DA:200,0
DA:201,0
DA:202,0
DA:203,0
DA:205,0
DA:207,0
DA:208,0
DA:212,0
DA:213,0
DA:214,0
DA:215,0
DA:216,0
DA:217,0
DA:219,0
DA:222,0
DA:223,0
DA:227,0
DA:228,0
DA:229,0
DA:232,0
DA:233,0
DA:234,0
DA:236,0
DA:237,0
DA:238,0
DA:239,0
DA:240,0
DA:241,0
DA:244,0
DA:246,0
DA:254,0
DA:256,0
DA:262,0
DA:263,0
DA:266,0
DA:267,0
DA:269,0
DA:270,0
DA:271,0
DA:273,0
DA:275,0
DA:276,0
DA:281,0
DA:309,0
DA:376,0
DA:399,0
DA:409,0
DA:427,0
DA:434,0
DA:451,0
LF:98
LH:0
BRDA:92,0,0,0
BRDA:92,0,1,0
BRDA:92,1,0,0
BRDA:92,1,1,0
BRDA:95,2,0,0
BRDA:95,2,1,0
BRDA:98,3,0,0
BRDA:98,3,1,0
BRDA:104,4,0,0
BRDA:104,4,1,0
BRDA:107,5,0,0
BRDA:107,5,1,0
BRDA:108,6,0,0
BRDA:108,6,1,0
BRDA:110,7,0,0
BRDA:110,7,1,0
BRDA:113,8,0,0
BRDA:113,8,1,0
BRDA:115,9,0,0
BRDA:115,9,1,0
BRDA:134,10,0,0
BRDA:134,10,1,0
BRDA:139,11,0,0
BRDA:139,11,1,0
BRDA:147,12,0,0
BRDA:147,12,1,0
BRDA:155,13,0,0
BRDA:155,13,1,0
BRDA:163,14,0,0
BRDA:163,14,1,0
BRDA:171,15,0,0
BRDA:171,15,1,0
BRDA:171,16,0,0
BRDA:171,16,1,0
BRDA:171,16,2,0
BRDA:207,17,0,0
BRDA:207,17,1,0
BRDA:208,18,0,0
BRDA:208,18,1,0
BRDA:216,19,0,0
BRDA:216,19,1,0
BRDA:228,20,0,0
BRDA:228,20,1,0
BRDA:238,21,0,0
BRDA:238,21,1,0
BRDA:241,22,0,0
BRDA:241,22,1,0
BRDA:254,23,0,0
BRDA:254,23,1,0
BRDA:262,24,0,0
BRDA:262,24,1,0
BRDA:270,25,0,0
BRDA:270,25,1,0
BRDA:275,26,0,0
BRDA:275,26,1,0
BRDA:301,27,0,0
BRDA:301,27,1,0
BRDA:314,28,0,0
BRDA:314,28,1,0
BRDA:321,29,0,0
BRDA:321,29,1,0
BRDA:321,29,2,0
BRDA:333,30,0,0
BRDA:333,30,1,0
BRDA:339,31,0,0
BRDA:339,31,1,0
BRDA:346,32,0,0
BRDA:346,32,1,0
BRDA:360,33,0,0
BRDA:360,33,1,0
BRDA:360,33,2,0
BRDA:423,34,0,0
BRDA:423,34,1,0
BRDA:488,35,0,0
BRDA:488,35,1,0
BRDA:552,36,0,0
BRDA:552,36,1,0
BRDA:582,37,0,0
BRDA:582,37,1,0
BRDA:646,38,0,0
BRDA:646,38,1,0
BRDA:665,39,0,0
BRDA:665,39,1,0
BRF:83
BRH:0
end_of_record
TN:
SF:app/call.tsx
FN:18,CallScreen
FN:43,(anonymous_1)
FN:45,(anonymous_2)
FN:50,(anonymous_3)
FN:52,(anonymous_4)
FN:53,(anonymous_5)
FN:60,(anonymous_6)
FN:67,(anonymous_7)
FN:95,(anonymous_8)
FN:117,(anonymous_9)
FN:123,(anonymous_10)
FN:129,(anonymous_11)
FN:146,(anonymous_12)
FN:230,(anonymous_13)
FNF:14
FNH:0
FNDA:0,CallScreen
FNDA:0,(anonymous_1)
FNDA:0,(anonymous_2)
FNDA:0,(anonymous_3)
FNDA:0,(anonymous_4)
FNDA:0,(anonymous_5)
FNDA:0,(anonymous_6)
FNDA:0,(anonymous_7)
FNDA:0,(anonymous_8)
FNDA:0,(anonymous_9)
FNDA:0,(anonymous_10)
FNDA:0,(anonymous_11)
FNDA:0,(anonymous_12)
FNDA:0,(anonymous_13)
DA:19,0
DA:20,0
DA:25,0
DA:27,0
DA:28,0
DA:29,0
DA:30,0
DA:31,0
DA:32,0
DA:34,0
DA:35,0
DA:37,0
DA:38,0
DA:39,0
DA:41,0
DA:43,0
DA:44,0
DA:45,0
DA:46,0
DA:50,0
DA:51,0
DA:52,0
DA:53,0
DA:56,0
DA:57,0
DA:60,0
DA:61,0
DA:62,0
DA:67,0
DA:68,0
DA:69,0
DA:72,0
DA:73,0
DA:74,0
DA:75,0
DA:76,0
DA:77,0
DA:83,0
DA:89,0
DA:90,0
DA:91,0
DA:95,0
DA:96,0
DA:97,0
DA:98,0
DA:100,0
DA:101,0
DA:102,0
DA:105,0
DA:106,0
DA:110,0
DA:112,0
DA:113,0
DA:117,0
DA:118,0
DA:119,0
DA:123,0
DA:124,0
DA:125,0
DA:129,0
DA:130,0
DA:132,0
DA:134,0
DA:135,0
DA:136,0
DA:137,0
DA:138,0
DA:142,0
DA:146,0
DA:147,0
DA:148,0
DA:149,0
DA:152,0
DA:230,0
LF:74
LH:0
BRDA:37,0,0,0
BRDA:37,0,1,0
BRDA:38,1,0,0
BRDA:38,1,1,0
BRDA:39,2,0,0
BRDA:39,2,1,0
BRDA:51,3,0,0
BRDA:51,3,1,0
BRDA:56,4,0,0
BRDA:56,4,1,0
BRDA:61,5,0,0
BRDA:61,5,1,0
BRDA:72,6,0,0
BRDA:72,6,1,0
BRDA:72,7,0,0
BRDA:72,7,1,0
BRDA:74,8,0,0
BRDA:74,8,1,0
BRDA:100,9,0,0
BRDA:100,9,1,0
BRDA:105,10,0,0
BRDA:105,10,1,0
BRDA:130,11,0,0
BRDA:130,11,1,0
BRDA:134,12,0,0
BRDA:134,12,1,0
BRDA:134,13,0,0
BRDA:134,13,1,0
BRDA:136,14,0,0
BRDA:136,14,1,0
BRDA:156,15,0,0
BRDA:156,15,1,0
BRDA:156,16,0,0
BRDA:156,16,1,0
BRDA:156,16,2,0
BRDA:178,17,0,0
BRDA:178,17,1,0
BRDA:185,18,0,0
BRDA:185,18,1,0
BRDA:188,19,0,0
BRDA:188,19,1,0
BRDA:195,20,0,0
BRDA:195,20,1,0
BRDA:197,21,0,0
BRDA:197,21,1,0
BRDA:200,22,0,0
BRDA:200,22,1,0
BRDA:209,23,0,0
BRDA:209,23,1,0
BRDA:212,24,0,0
BRDA:212,24,1,0
BRDA:245,25,0,0
BRDA:245,25,1,0
BRDA:303,26,0,0
BRDA:303,26,1,0
BRF:55
BRH:0
end_of_record
TN:
SF:app/modal.tsx
FN:14,ModalScreen
FN:20,(anonymous_1)
FN:22,(anonymous_2)
FN:32,(anonymous_3)
FNF:4
FNH:0
FNDA:0,ModalScreen
FNDA:0,(anonymous_1)
FNDA:0,(anonymous_2)
FNDA:0,(anonymous_3)
DA:15,0
DA:20,0
DA:22,0
DA:32,0
DA:45,0
LF:5
LH:0
BRDA:40,0,0,0
BRDA:40,0,1,0
BRF:2
BRH:0
end_of_record
TN:
SF:app/native-intent.tsx
FN:1,redirectSystemPath
FNF:1
FNH:0
FNDA:0,redirectSystemPath
DA:5,0
LF:1
LH:0
BRF:0
BRH:0
end_of_record
TN:
SF:app/notifications-diagnostics.tsx
FN:26,(anonymous_0)
FN:34,(anonymous_1)
FN:47,(anonymous_2)
FN:59,NotificationsDiagnosticsScreen
FN:75,(anonymous_4)
FN:84,(anonymous_5)
FN:92,(anonymous_6)
FN:98,(anonymous_7)
FN:225,(anonymous_8)
FNF:9
FNH:0
FNDA:0,(anonymous_0)
FNDA:0,(anonymous_1)
FNDA:0,(anonymous_2)
FNDA:0,NotificationsDiagnosticsScreen
FNDA:0,(anonymous_4)
FNDA:0,(anonymous_5)
FNDA:0,(anonymous_6)
FNDA:0,(anonymous_7)
FNDA:0,(anonymous_8)
DA:26,0
DA:27,0
DA:34,0
DA:35,0
DA:37,0
DA:39,0
DA:41,0
DA:43,0
DA:47,0
DA:48,0
DA:49,0
DA:60,0
DA:71,0
DA:73,0
DA:75,0
DA:76,0
DA:77,0
DA:78,0
DA:80,0
DA:84,0
DA:85,0
DA:86,0
DA:88,0
DA:92,0
DA:93,0
DA:94,0
DA:95,0
DA:96,0
DA:98,0
DA:99,0
DA:101,0
DA:104,0
DA:106,0
DA:226,0
DA:279,0
LF:35
LH:0
BRDA:27,0,0,0
BRDA:27,0,1,0
BRDA:35,1,0,0
BRDA:35,1,1,0
BRDA:35,1,2,0
BRDA:35,1,3,0
BRDA:93,2,0,0
BRDA:93,2,1,0
BRDA:94,3,0,0
BRDA:94,3,1,0
BRDA:95,4,0,0
BRDA:95,4,1,0
BRDA:96,5,0,0
BRDA:96,5,1,0
BRDA:99,6,0,0
BRDA:99,6,1,0
BRDA:126,7,0,0
BRDA:126,7,1,0
BRDA:127,8,0,0
BRDA:127,8,1,0
BRDA:128,9,0,0
BRDA:128,9,1,0
BRDA:131,10,0,0
BRDA:131,10,1,0
BRDA:132,11,0,0
BRDA:132,11,1,0
BRDA:133,12,0,0
BRDA:133,12,1,0
BRDA:136,13,0,0
BRDA:136,13,1,0
BRDA:137,14,0,0
BRDA:137,14,1,0
BRDA:138,15,0,0
BRDA:138,15,1,0
BRDA:152,16,0,0
BRDA:152,16,1,0
BRDA:158,17,0,0
BRDA:158,17,1,0
BRDA:161,18,0,0
BRDA:161,18,1,0
BRDA:177,19,0,0
BRDA:177,19,1,0
BRDA:177,20,0,0
BRDA:177,20,1,0
BRDA:181,21,0,0
BRDA:181,21,1,0
BRDA:181,22,0,0
BRDA:181,22,1,0
BRDA:187,23,0,0
BRDA:187,23,1,0
BRDA:187,24,0,0
BRDA:187,24,1,0
BRDA:191,25,0,0
BRDA:191,25,1,0
BRDA:197,26,0,0
BRDA:197,26,1,0
BRDA:197,27,0,0
BRDA:197,27,1,0
BRDA:201,28,0,0
BRDA:201,28,1,0
BRDA:205,29,0,0
BRDA:205,29,1,0
BRDA:215,30,0,0
BRDA:215,30,1,0
BRDA:222,31,0,0
BRDA:222,31,1,0
BRDA:230,32,0,0
BRDA:230,32,1,0
BRDA:248,33,0,0
BRDA:248,33,1,0
BRDA:251,34,0,0
BRDA:251,34,1,0
BRDA:253,35,0,0
BRDA:253,35,1,0
BRDA:266,36,0,0
BRDA:266,36,1,0
BRF:76
BRH:0
end_of_record
TN:
SF:app/register-child.tsx
FN:21,RegisterChildScreen
FN:36,(anonymous_1)
FN:54,(anonymous_2)
FN:66,(anonymous_3)
FN:219,(anonymous_4)
FN:229,(anonymous_5)
FNF:6
FNH:0
FNDA:0,RegisterChildScreen
FNDA:0,(anonymous_1)
FNDA:0,(anonymous_2)
FNDA:0,(anonymous_3)
FNDA:0,(anonymous_4)
FNDA:0,(anonymous_5)
DA:22,0
DA:23,0
DA:24,0
DA:25,0
DA:26,0
DA:27,0
DA:28,0
DA:29,0
DA:30,0
DA:31,0
DA:33,0
DA:36,0
DA:37,0
DA:38,0
DA:39,0
DA:42,0
DA:43,0
DA:44,0
DA:45,0
DA:46,0
DA:48,0
DA:50,0
DA:54,0
DA:56,0
DA:57,0
DA:59,0
DA:60,0
DA:62,0
DA:66,0
DA:67,0
DA:68,0
DA:69,0
DA:72,0
DA:73,0
DA:74,0
DA:77,0
DA:78,0
DA:79,0
DA:80,0
DA:83,0
DA:85,0
DA:86,0
DA:92,0
DA:94,0
DA:95,0
DA:96,0
DA:100,0
DA:103,0
DA:105,0
DA:111,0
DA:114,0
DA:115,0
DA:117,0
DA:121,0
DA:219,0
DA:229,0
LF:56
LH:0
BRDA:37,0,0,0
BRDA:37,0,1,0
BRDA:37,1,0,0
BRDA:37,1,1,0
BRDA:45,2,0,0
BRDA:45,2,1,0
BRDA:46,3,0,0
BRDA:46,3,1,0
BRDA:59,4,0,0
BRDA:59,4,1,0
BRDA:67,5,0,0
BRDA:67,5,1,0
BRDA:67,6,0,0
BRDA:67,6,1,0
BRDA:72,7,0,0
BRDA:72,7,1,0
BRDA:78,8,0,0
BRDA:78,8,1,0
BRDA:78,9,0,0
BRDA:78,9,1,0
BRDA:78,9,2,0
BRDA:78,9,3,0
BRDA:92,10,0,0
BRDA:92,10,1,0
BRDA:92,11,0,0
BRDA:92,11,1,0
BRDA:95,12,0,0
BRDA:95,12,1,0
BRDA:111,13,0,0
BRDA:111,13,1,0
BRDA:124,14,0,0
BRDA:124,14,1,0
BRDA:128,15,0,0
BRDA:128,15,1,0
BRDA:147,16,0,0
BRDA:147,16,1,0
BRDA:148,17,0,0
BRDA:148,17,1,0
BRDA:150,18,0,0
BRDA:150,18,1,0
BRDA:150,18,2,0
BRDA:155,19,0,0
BRDA:155,19,1,0
BRDA:155,19,2,0
BRDA:163,20,0,0
BRDA:163,20,1,0
BRDA:163,20,2,0
BRDA:163,20,3,0
BRDA:198,21,0,0
BRDA:198,21,1,0
BRDA:198,21,2,0
BRDA:201,22,0,0
BRDA:201,22,1,0
BRDA:204,23,0,0
BRDA:204,23,1,0
BRDA:298,24,0,0
BRDA:298,24,1,0
BRF:57
BRH:0
end_of_record
TN:
SF:app/register-parent.tsx
FN:22,RegisterParentScreen
FN:36,(anonymous_1)
FN:87,(anonymous_2)
FN:135,(anonymous_3)
FN:202,(anonymous_4)
FN:214,(anonymous_5)
FN:240,(anonymous_6)
FN:250,(anonymous_7)
FNF:8
FNH:0
FNDA:0,RegisterParentScreen
FNDA:0,(anonymous_1)
FNDA:0,(anonymous_2)
FNDA:0,(anonymous_3)
FNDA:0,(anonymous_4)
FNDA:0,(anonymous_5)
FNDA:0,(anonymous_6)
FNDA:0,(anonymous_7)
DA:23,0
DA:24,0
DA:25,0
DA:26,0
DA:27,0
DA:28,0
DA:29,0
DA:30,0
DA:31,0
DA:32,0
DA:34,0
DA:36,0
DA:37,0
DA:38,0
DA:39,0
DA:42,0
DA:43,0
DA:44,0
DA:47,0
DA:48,0
DA:49,0
DA:52,0
DA:53,0
DA:54,0
DA:57,0
DA:59,0
DA:60,0
DA:70,0
DA:71,0
DA:73,0
DA:75,0
DA:77,0
DA:80,0
DA:81,0
DA:83,0
DA:87,0
DA:88,0
DA:90,0
DA:91,0
DA:92,0
DA:94,0
DA:96,0
DA:98,0
DA:99,0
DA:104,0
DA:105,0
DA:135,0
DA:145,0
DA:202,0
DA:214,0
DA:240,0
DA:250,0
LF:52
LH:0
BRDA:37,0,0,0
BRDA:37,0,1,0
BRDA:42,1,0,0
BRDA:42,1,1,0
BRDA:42,2,0,0
BRDA:42,2,1,0
BRDA:47,3,0,0
BRDA:47,3,1,0
BRDA:52,4,0,0
BRDA:52,4,1,0
BRDA:63,5,0,0
BRDA:63,5,1,0
BRDA:70,6,0,0
BRDA:70,6,1,0
BRDA:70,7,0,0
BRDA:70,7,1,0
BRDA:70,7,2,0
BRDA:77,8,0,0
BRDA:77,8,1,0
BRDA:88,9,0,0
BRDA:88,9,1,0
BRDA:91,10,0,0
BRDA:91,10,1,0
BRDA:104,11,0,0
BRDA:104,11,1,0
BRDA:108,12,0,0
BRDA:108,12,1,0
BRDA:148,13,0,0
BRDA:148,13,1,0
BRDA:152,14,0,0
BRDA:152,14,1,0
BRDA:204,15,0,0
BRDA:204,15,1,0
BRDA:205,16,0,0
BRDA:205,16,1,0
BRDA:205,17,0,0
BRDA:205,17,1,0
BRDA:216,18,0,0
BRDA:216,18,1,0
BRDA:217,19,0,0
BRDA:217,19,1,0
BRDA:217,20,0,0
BRDA:217,20,1,0
BRDA:226,21,0,0
BRDA:226,21,1,0
BRDA:231,22,0,0
BRDA:231,22,1,0
BRDA:317,23,0,0
BRDA:317,23,1,0
BRDA:318,24,0,0
BRDA:318,24,1,0
BRDA:327,25,0,0
BRDA:327,25,1,0
BRDA:371,26,0,0
BRDA:371,26,1,0
BRDA:377,27,0,0
BRDA:377,27,1,0
BRDA:403,28,0,0
BRDA:403,28,1,0
BRF:59
BRH:0
end_of_record
TN:
SF:app/role-selection.tsx
FN:12,RoleSelectionScreen
FN:125,(anonymous_1)
FN:130,(anonymous_2)
FN:174,(anonymous_3)
FN:208,(anonymous_4)
FNF:5
FNH:0
FNDA:0,RoleSelectionScreen
FNDA:0,(anonymous_1)
FNDA:0,(anonymous_2)
FNDA:0,(anonymous_3)
FNDA:0,(anonymous_4)
DA:13,0
DA:14,0
DA:15,0
DA:16,0
DA:17,0
DA:18,0
DA:19,0
DA:21,0
DA:125,0
DA:126,0
DA:127,0
DA:130,0
DA:131,0
DA:132,0
DA:133,0
DA:136,0
DA:137,0
DA:139,0
DA:141,0
DA:142,0
DA:144,0
DA:147,0
DA:148,0
DA:150,0
DA:154,0
DA:174,0
DA:208,0
LF:27
LH:0
BRDA:131,0,0,0
BRDA:131,0,1,0
BRDA:141,1,0,0
BRDA:141,1,1,0
BRDA:163,2,0,0
BRDA:163,2,1,0
BRDA:163,2,2,0
BRDA:163,2,3,0
BRDA:173,3,0,0
BRDA:173,3,1,0
BRDA:207,4,0,0
BRDA:207,4,1,0
BRDA:240,5,0,0
BRDA:240,5,1,0
BRDA:240,5,2,0
BRDA:242,6,0,0
BRDA:242,6,1,0
BRDA:245,7,0,0
BRDA:245,7,1,0
BRF:19
BRH:0
end_of_record
TN:
SF:app/security-settings.tsx
FN:26,SecuritySettingsScreen
FN:30,(anonymous_1)
FN:32,(anonymous_2)
FN:33,(anonymous_3)
FN:35,(anonymous_4)
FN:35,(anonymous_5)
FN:55,(anonymous_6)
FN:56,(anonymous_7)
FN:65,(anonymous_8)
FN:127,(anonymous_9)
FN:150,(anonymous_10)
FN:189,(anonymous_11)
FNF:12
FNH:0
FNDA:0,SecuritySettingsScreen
FNDA:0,(anonymous_1)
FNDA:0,(anonymous_2)
FNDA:0,(anonymous_3)
FNDA:0,(anonymous_4)
FNDA:0,(anonymous_5)
FNDA:0,(anonymous_6)
FNDA:0,(anonymous_7)
FNDA:0,(anonymous_8)
FNDA:0,(anonymous_9)
FNDA:0,(anonymous_10)
FNDA:0,(anonymous_11)
DA:10,2
DA:18,2
DA:27,0
DA:28,0
DA:29,0
DA:30,0
DA:32,0
DA:33,0
DA:34,0
DA:35,0
DA:39,0
DA:47,0
DA:55,0
DA:56,0
DA:57,0
DA:58,0
DA:62,0
DA:65,0
DA:66,0
DA:68,0
DA:79,0
DA:81,0
DA:128,0
DA:129,0
DA:130,0
DA:132,0
DA:151,0
DA:189,2
LF:28
LH:3
BRDA:57,0,0,0
BRDA:57,0,1,0
BRDA:57,1,0,0
BRDA:57,1,1,0
BRDA:85,2,0,0
BRDA:85,2,1,0
BRDA:89,3,0,0
BRDA:89,3,1,0
BRDA:89,4,0,0
BRDA:89,4,1,0
BRDA:89,5,0,0
BRDA:89,5,1,0
BRDA:89,6,0,0
BRDA:89,6,1,0
BRDA:95,7,0,0
BRDA:95,7,1,0
BRDA:99,8,0,0
BRDA:99,8,1,0
BRDA:129,9,0,0
BRDA:129,9,1,0
BRDA:130,10,0,0
BRDA:130,10,1,0
BRDA:166,11,0,0
BRDA:166,11,1,0
BRDA:176,12,0,0
BRDA:176,12,1,0
BRDA:202,13,0,0
BRDA:202,13,1,0
BRDA:204,14,0,0
BRDA:204,14,1,0
BRDA:239,15,0,0
BRDA:239,15,1,0
BRDA:252,16,0,0
BRDA:252,16,1,0
BRDA:336,17,0,0
BRDA:336,17,1,0
BRF:36
BRH:0
end_of_record
TN:
SF:app/status.tsx
FN:32,StatusScreen
FN:42,(anonymous_1)
FN:62,(anonymous_2)
FN:66,(anonymous_3)
FN:80,(anonymous_4)
FN:88,(anonymous_5)
FN:89,(anonymous_6)
FN:92,(anonymous_7)
FN:122,(anonymous_8)
FN:125,(anonymous_9)
FN:136,(anonymous_10)
FN:141,(anonymous_11)
FN:142,(anonymous_12)
FN:149,(anonymous_13)
FN:163,(anonymous_14)
FNF:15
FNH:0
FNDA:0,StatusScreen
FNDA:0,(anonymous_1)
FNDA:0,(anonymous_2)
FNDA:0,(anonymous_3)
FNDA:0,(anonymous_4)
FNDA:0,(anonymous_5)
FNDA:0,(anonymous_6)
FNDA:0,(anonymous_7)
FNDA:0,(anonymous_8)
FNDA:0,(anonymous_9)
FNDA:0,(anonymous_10)
FNDA:0,(anonymous_11)
FNDA:0,(anonymous_12)
FNDA:0,(anonymous_13)
FNDA:0,(anonymous_14)
DA:33,0
DA:34,0
DA:35,0
DA:36,0
DA:37,0
DA:38,0
DA:40,0
DA:42,0
DA:43,0
DA:45,0
DA:56,0
DA:59,0
DA:62,0
DA:66,0
DA:80,0
DA:88,0
DA:90,0
DA:92,0
DA:122,0
DA:125,0
DA:136,0
DA:141,0
DA:143,0
DA:144,0
DA:146,0
DA:150,0
DA:151,0
DA:153,0
DA:163,0
LF:29
LH:0
BRDA:43,0,0,0
BRDA:43,0,1,0
BRDA:67,1,0,0
BRDA:67,1,1,0
BRDA:71,2,0,0
BRDA:71,2,1,0
BRDA:95,3,0,0
BRDA:95,3,1,0
BRDA:131,4,0,0
BRDA:131,4,1,0
BRDA:143,5,0,0
BRDA:143,5,1,0
BRDA:150,6,0,0
BRDA:150,6,1,0
BRDA:166,7,0,0
BRDA:166,7,1,0
BRDA:173,8,0,0
BRDA:173,8,1,0
BRDA:202,9,0,0
BRDA:202,9,1,0
BRF:20
BRH:0
end_of_record
TN:
SF:app/(tabs)/_layout.tsx
FN:8,TabLayout
FN:25,(anonymous_1)
FN:40,(anonymous_2)
FN:48,(anonymous_3)
FN:55,(anonymous_4)
FN:68,(anonymous_5)
FN:75,(anonymous_6)
FN:88,(anonymous_7)
FN:95,(anonymous_8)
FN:102,(anonymous_9)
FNF:10
FNH:0
FNDA:0,TabLayout
FNDA:0,(anonymous_1)
FNDA:0,(anonymous_2)
FNDA:0,(anonymous_3)
FNDA:0,(anonymous_4)
FNDA:0,(anonymous_5)
FNDA:0,(anonymous_6)
FNDA:0,(anonymous_7)
FNDA:0,(anonymous_8)
FNDA:0,(anonymous_9)
DA:9,0
DA:10,0
DA:25,0
DA:40,0
DA:48,0
DA:55,0
DA:68,0
DA:75,0
DA:88,0
DA:95,0
DA:102,0
DA:110,0
LF:12
LH:0
BRF:0
BRH:0
end_of_record
TN:
SF:app/(tabs)/about.tsx
FN:19,AboutScreen
FN:25,(anonymous_1)
FN:26,(anonymous_2)
FN:82,(anonymous_3)
FN:129,(anonymous_4)
FNF:5
FNH:0
FNDA:0,AboutScreen
FNDA:0,(anonymous_1)
FNDA:0,(anonymous_2)
FNDA:0,(anonymous_3)
FNDA:0,(anonymous_4)
DA:9,0
DA:20,0
DA:21,0
DA:22,0
DA:23,0
DA:25,0
DA:26,0
DA:27,0
DA:31,0
DA:52,0
DA:83,0
DA:129,0
DA:313,0
LF:13
LH:0
BRDA:27,0,0,0
BRDA:27,0,1,0
BRDA:81,1,0,0
BRDA:81,1,1,0
BRDA:87,2,0,0
BRDA:87,2,1,0
BRDA:88,3,0,0
BRDA:88,3,1,0
BRDA:129,4,0,0
BRDA:129,4,1,0
BRF:10
BRH:0
end_of_record
TN:
SF:app/(tabs)/achievements.tsx
FN:12,AchievementsScreen
FN:61,(anonymous_1)
FN:112,(anonymous_2)
FNF:3
FNH:0
FNDA:0,AchievementsScreen
FNDA:0,(anonymous_1)
FNDA:0,(anonymous_2)
DA:13,0
DA:14,0
DA:17,0
DA:50,0
DA:62,0
DA:63,0
DA:112,0
DA:113,0
LF:8
LH:0
BRDA:68,0,0,0
BRDA:68,0,1,0
BRDA:75,1,0,0
BRDA:75,1,1,0
BRDA:85,2,0,0
BRDA:85,2,1,0
BRDA:93,3,0,0
BRDA:93,3,1,0
BRDA:93,3,2,0
BRDA:99,4,0,0
BRDA:99,4,1,0
BRF:11
BRH:0
end_of_record
TN:
SF:app/(tabs)/alerts.tsx
FN:5,AlertsRedirect
FNF:1
FNH:0
FNDA:0,AlertsRedirect
DA:6,0
DA:7,0
LF:2
LH:0
BRF:0
BRH:0
end_of_record
TN:
SF:app/(tabs)/analytics.tsx
FN:23,AnalyticsScreen
FN:26,(anonymous_1)
FN:29,(anonymous_2)
FN:34,(anonymous_3)
FN:50,(anonymous_4)
FN:55,(anonymous_5)
FN:62,(anonymous_6)
FN:85,(anonymous_7)
FN:99,(anonymous_8)
FN:126,(anonymous_9)
FN:139,(anonymous_10)
FN:155,(anonymous_11)
FN:161,(anonymous_12)
FN:177,(anonymous_13)
FN:191,(anonymous_14)
FN:198,(anonymous_15)
FN:256,(anonymous_16)
FN:266,(anonymous_17)
FN:330,(anonymous_18)
FN:383,(anonymous_19)
FN:461,(anonymous_20)
FN:469,(anonymous_21)
FN:477,(anonymous_22)
FN:485,(anonymous_23)
FN:501,(anonymous_24)
FNF:25
FNH:0
FNDA:0,AnalyticsScreen
FNDA:0,(anonymous_1)
FNDA:0,(anonymous_2)
FNDA:0,(anonymous_3)
FNDA:0,(anonymous_4)
FNDA:0,(anonymous_5)
FNDA:0,(anonymous_6)
FNDA:0,(anonymous_7)
FNDA:0,(anonymous_8)
FNDA:0,(anonymous_9)
FNDA:0,(anonymous_10)
FNDA:0,(anonymous_11)
FNDA:0,(anonymous_12)
FNDA:0,(anonymous_13)
FNDA:0,(anonymous_14)
FNDA:0,(anonymous_15)
FNDA:0,(anonymous_16)
FNDA:0,(anonymous_17)
FNDA:0,(anonymous_18)
FNDA:0,(anonymous_19)
FNDA:0,(anonymous_20)
FNDA:0,(anonymous_21)
FNDA:0,(anonymous_22)
FNDA:0,(anonymous_23)
FNDA:0,(anonymous_24)
DA:24,0
DA:25,0
DA:26,0
DA:27,0
DA:29,0
DA:30,0
DA:31,0
DA:35,0
DA:50,0
DA:51,0
DA:52,0
DA:56,0
DA:60,0
DA:62,0
DA:69,0
DA:85,0
DA:91,0
DA:92,0
DA:93,0
DA:94,0
DA:96,0
DA:100,0
DA:101,0
DA:102,0
DA:103,0
DA:105,0
DA:127,0
DA:139,0
DA:144,0
DA:145,0
DA:146,0
DA:147,0
DA:149,0
DA:151,0
DA:152,0
DA:153,0
DA:155,0
DA:156,0
DA:157,0
DA:158,0
DA:161,0
DA:162,0
DA:163,0
DA:166,0
DA:178,0
DA:191,0
DA:192,0
DA:198,0
DA:200,0
DA:256,0
DA:257,0
DA:263,0
DA:266,0
DA:267,0
DA:270,0
DA:330,0
DA:332,0
DA:383,0
DA:385,0
DA:436,0
DA:461,0
DA:469,0
DA:477,0
DA:485,0
DA:501,0
LF:65
LH:0
BRDA:79,0,0,0
BRDA:79,0,1,0
BRDA:85,1,0,0
BRDA:100,2,0,0
BRDA:100,2,1,0
BRDA:128,3,0,0
BRDA:128,3,1,0
BRDA:128,4,0,0
BRDA:128,4,1,0
BRDA:139,5,0,0
BRDA:149,6,0,0
BRDA:149,6,1,0
BRDA:153,7,0,0
BRDA:153,7,1,0
BRDA:156,8,0,0
BRDA:156,8,1,0
BRDA:162,9,0,0
BRDA:162,9,1,0
BRDA:460,10,0,0
BRDA:460,10,1,0
BRDA:463,11,0,0
BRDA:463,11,1,0
BRDA:468,12,0,0
BRDA:468,12,1,0
BRDA:471,13,0,0
BRDA:471,13,1,0
BRDA:476,14,0,0
BRDA:476,14,1,0
BRDA:479,15,0,0
BRDA:479,15,1,0
BRDA:484,16,0,0
BRDA:484,16,1,0
BRDA:487,17,0,0
BRDA:487,17,1,0
BRDA:493,18,0,0
BRDA:493,18,1,0
BRDA:494,19,0,0
BRDA:494,19,1,0
BRDA:495,20,0,0
BRDA:495,20,1,0
BRDA:496,21,0,0
BRDA:496,21,1,0
BRF:42
BRH:0
end_of_record
TN:
SF:app/(tabs)/calls.tsx
FN:25,CallsScreen
FN:32,(anonymous_1)
FN:43,(anonymous_2)
FN:50,(anonymous_3)
FN:67,(anonymous_4)
FN:79,(anonymous_5)
FN:82,(anonymous_6)
FN:103,(anonymous_7)
FN:112,(anonymous_8)
FN:137,(anonymous_9)
FN:146,(anonymous_10)
FNF:11
FNH:0
FNDA:0,CallsScreen
FNDA:0,(anonymous_1)
FNDA:0,(anonymous_2)
FNDA:0,(anonymous_3)
FNDA:0,(anonymous_4)
FNDA:0,(anonymous_5)
FNDA:0,(anonymous_6)
FNDA:0,(anonymous_7)
FNDA:0,(anonymous_8)
FNDA:0,(anonymous_9)
FNDA:0,(anonymous_10)
DA:26,0
DA:27,0
DA:28,0
DA:30,0
DA:32,0
DA:33,0
DA:34,0
DA:43,0
DA:44,0
DA:45,0
DA:46,0
DA:47,0
DA:50,0
DA:51,0
DA:52,0
DA:53,0
DA:54,0
DA:56,0
DA:57,0
DA:58,0
DA:59,0
DA:60,0
DA:61,0
DA:63,0
DA:67,0
DA:68,0
DA:69,0
DA:70,0
DA:71,0
DA:72,0
DA:73,0
DA:75,0
DA:79,0
DA:80,0
DA:82,0
DA:104,0
DA:105,0
DA:113,0
DA:114,0
DA:124,0
DA:137,0
DA:146,0
LF:42
LH:0
BRDA:44,0,0,0
BRDA:44,0,1,0
BRDA:56,1,0,0
BRDA:56,1,1,0
BRDA:58,2,0,0
BRDA:58,2,1,0
BRDA:60,3,0,0
BRDA:60,3,1,0
BRDA:68,4,0,0
BRDA:68,4,1,0
BRDA:70,5,0,0
BRDA:70,5,1,0
BRDA:72,6,0,0
BRDA:72,6,1,0
BRDA:75,7,0,0
BRDA:75,7,1,0
BRDA:91,8,0,0
BRDA:91,8,1,0
BRDA:95,9,0,0
BRDA:95,9,1,0
BRDA:96,10,0,0
BRDA:96,10,1,0
BRDA:108,11,0,0
BRDA:108,11,1,0
BRDA:117,12,0,0
BRDA:117,12,1,0
BRDA:126,13,0,0
BRDA:126,13,1,0
BRDA:196,14,0,0
BRDA:196,14,1,0
BRF:30
BRH:0
end_of_record
TN:
SF:app/(tabs)/contacts.tsx
FN:25,ContactsScreen
FN:35,(anonymous_1)
FN:39,(anonymous_2)
FN:42,(anonymous_3)
FN:44,(anonymous_4)
FN:52,(anonymous_5)
FN:64,(anonymous_6)
FN:71,(anonymous_7)
FN:72,(anonymous_8)
FN:75,(anonymous_9)
FN:75,(anonymous_10)
FN:79,(anonymous_11)
FN:88,(anonymous_12)
FN:102,(anonymous_13)
FN:116,(anonymous_14)
FN:137,(anonymous_15)
FN:146,(anonymous_16)
FN:183,(anonymous_17)
FN:199,(anonymous_18)
FN:208,(anonymous_19)
FNF:20
FNH:0
FNDA:0,ContactsScreen
FNDA:0,(anonymous_1)
FNDA:0,(anonymous_2)
FNDA:0,(anonymous_3)
FNDA:0,(anonymous_4)
FNDA:0,(anonymous_5)
FNDA:0,(anonymous_6)
FNDA:0,(anonymous_7)
FNDA:0,(anonymous_8)
FNDA:0,(anonymous_9)
FNDA:0,(anonymous_10)
FNDA:0,(anonymous_11)
FNDA:0,(anonymous_12)
FNDA:0,(anonymous_13)
FNDA:0,(anonymous_14)
FNDA:0,(anonymous_15)
FNDA:0,(anonymous_16)
FNDA:0,(anonymous_17)
FNDA:0,(anonymous_18)
FNDA:0,(anonymous_19)
DA:26,0
DA:27,0
DA:28,0
DA:29,0
DA:30,0
DA:31,0
DA:33,0
DA:35,0
DA:36,0
DA:39,0
DA:40,0
DA:41,0
DA:43,0
DA:44,0
DA:46,0
DA:48,0
DA:52,0
DA:53,0
DA:54,0
DA:55,0
DA:56,0
DA:57,0
DA:60,0
DA:64,0
DA:65,0
DA:66,0
DA:70,0
DA:71,0
DA:72,0
DA:75,0
DA:79,0
DA:81,0
DA:82,0
DA:84,0
DA:88,0
DA:89,0
DA:90,0
DA:91,0
DA:102,0
DA:103,0
DA:104,0
DA:105,0
DA:116,0
DA:117,0
DA:138,0
DA:139,0
DA:147,0
DA:148,0
DA:157,0
DA:158,0
DA:171,0
DA:183,0
DA:199,0
DA:208,1
LF:54
LH:1
BRDA:40,0,0,0
BRDA:40,0,1,0
BRDA:43,1,0,0
BRDA:43,1,1,0
BRDA:55,2,0,0
BRDA:55,2,1,0
BRDA:71,3,0,0
BRDA:71,3,1,0
BRDA:71,3,2,0
BRDA:74,4,0,0
BRDA:74,4,1,0
BRDA:76,5,0,0
BRDA:76,5,1,0
BRDA:90,6,0,0
BRDA:90,6,1,0
BRDA:90,7,0,0
BRDA:90,7,1,0
BRDA:104,8,0,0
BRDA:104,8,1,0
BRDA:104,9,0,0
BRDA:104,9,1,0
BRDA:119,10,0,0
BRDA:119,10,1,0
BRDA:122,11,0,0
BRDA:122,11,1,0
BRDA:130,12,0,0
BRDA:130,12,1,0
BRDA:130,12,2,0
BRDA:142,13,0,0
BRDA:142,13,1,0
BRDA:151,14,0,0
BRDA:151,14,1,0
BRDA:157,15,0,0
BRDA:157,15,1,0
BRDA:182,16,0,0
BRDA:182,16,1,0
BRDA:189,17,0,0
BRDA:189,17,1,0
BRDA:193,18,0,0
BRDA:193,18,1,0
BRDA:263,19,0,0
BRDA:263,19,1,0
BRDA:269,20,0,0
BRDA:269,20,1,0
BRDA:294,21,0,0
BRDA:294,21,1,0
BRDA:312,22,0,0
BRDA:312,22,1,0
BRF:48
BRH:0
end_of_record
TN:
SF:app/(tabs)/custom-emojis.tsx
FN:32,CustomEmojisScreen
FN:34,(anonymous_1)
FN:42,(anonymous_2)
FN:54,(anonymous_3)
FN:59,(anonymous_4)
FN:63,(anonymous_5)
FN:65,(anonymous_6)
FN:71,(anonymous_7)
FN:80,(anonymous_8)
FN:95,(anonymous_9)
FN:101,(anonymous_10)
FN:113,(anonymous_11)
FN:123,(anonymous_12)
FN:137,(anonymous_13)
FN:157,(anonymous_14)
FN:186,(anonymous_15)
FN:197,(anonymous_16)
FN:198,(anonymous_17)
FN:206,createStyles
FNF:19
FNH:0
FNDA:0,CustomEmojisScreen
FNDA:0,(anonymous_1)
FNDA:0,(anonymous_2)
FNDA:0,(anonymous_3)
FNDA:0,(anonymous_4)
FNDA:0,(anonymous_5)
FNDA:0,(anonymous_6)
FNDA:0,(anonymous_7)
FNDA:0,(anonymous_8)
FNDA:0,(anonymous_9)
FNDA:0,(anonymous_10)
FNDA:0,(anonymous_11)
FNDA:0,(anonymous_12)
FNDA:0,(anonymous_13)
FNDA:0,(anonymous_14)
FNDA:0,(anonymous_15)
FNDA:0,(anonymous_16)
FNDA:0,(anonymous_17)
FNDA:0,createStyles
DA:33,0
DA:34,0
DA:36,0
DA:37,0
DA:38,0
DA:39,0
DA:42,0
DA:43,0
DA:45,0
DA:47,0
DA:48,0
DA:50,0
DA:54,0
DA:55,0
DA:59,0
DA:60,0
DA:61,0
DA:63,0
DA:64,0
DA:65,0
DA:71,0
DA:72,0
DA:81,0
DA:82,0
DA:83,0
DA:84,0
DA:86,0
DA:87,0
DA:95,0
DA:96,0
DA:97,0
DA:98,0
DA:101,0
DA:102,0
DA:114,0
DA:123,0
DA:130,0
DA:138,0
DA:139,0
DA:157,0
DA:186,0
DA:197,0
DA:199,0
DA:207,0
LF:44
LH:0
BRDA:50,0,0,0
BRDA:50,0,1,0
BRDA:60,1,0,0
BRDA:60,1,1,0
BRDA:64,2,0,0
BRDA:64,2,1,0
BRDA:64,2,2,0
BRDA:86,3,0,0
BRDA:86,3,1,0
BRDA:108,4,0,0
BRDA:108,4,1,0
BRDA:111,5,0,0
BRDA:111,5,1,0
BRDA:111,5,2,0
BRDA:156,6,0,0
BRDA:156,6,1,0
BRDA:171,7,0,0
BRDA:171,7,1,0
BRDA:174,8,0,0
BRDA:174,8,1,0
BRDA:177,9,0,0
BRDA:177,9,1,0
BRF:22
BRH:0
end_of_record
TN:
SF:app/(tabs)/index.tsx
FN:40,MonitoringScreen
FN:52,(anonymous_1)
FN:56,(anonymous_2)
FN:59,(anonymous_3)
FN:62,(anonymous_4)
FN:64,(anonymous_5)
FN:67,(anonymous_6)
FN:73,(anonymous_7)
FN:80,(anonymous_8)
FN:84,(anonymous_9)
FN:87,(anonymous_10)
FN:97,(anonymous_11)
FN:120,(anonymous_12)
FN:125,(anonymous_13)
FN:134,(anonymous_14)
FN:144,(anonymous_15)
FN:149,(anonymous_16)
FN:178,(anonymous_17)
FN:244,(anonymous_18)
FN:250,(anonymous_19)
FN:268,(anonymous_20)
FN:272,(anonymous_21)
FN:294,(anonymous_22)
FN:301,(anonymous_23)
FN:305,(anonymous_24)
FN:324,(anonymous_25)
FN:330,(anonymous_26)
FN:336,(anonymous_27)
FN:342,(anonymous_28)
FN:370,(anonymous_29)
FN:378,(anonymous_30)
FN:394,(anonymous_31)
FNF:32
FNH:0
FNDA:0,MonitoringScreen
FNDA:0,(anonymous_1)
FNDA:0,(anonymous_2)
FNDA:0,(anonymous_3)
FNDA:0,(anonymous_4)
FNDA:0,(anonymous_5)
FNDA:0,(anonymous_6)
FNDA:0,(anonymous_7)
FNDA:0,(anonymous_8)
FNDA:0,(anonymous_9)
FNDA:0,(anonymous_10)
FNDA:0,(anonymous_11)
FNDA:0,(anonymous_12)
FNDA:0,(anonymous_13)
FNDA:0,(anonymous_14)
FNDA:0,(anonymous_15)
FNDA:0,(anonymous_16)
FNDA:0,(anonymous_17)
FNDA:0,(anonymous_18)
FNDA:0,(anonymous_19)
FNDA:0,(anonymous_20)
FNDA:0,(anonymous_21)
FNDA:0,(anonymous_22)
FNDA:0,(anonymous_23)
FNDA:0,(anonymous_24)
FNDA:0,(anonymous_25)
FNDA:0,(anonymous_26)
FNDA:0,(anonymous_27)
FNDA:0,(anonymous_28)
FNDA:0,(anonymous_29)
FNDA:0,(anonymous_30)
FNDA:0,(anonymous_31)
DA:22,2
DA:30,2
DA:41,0
DA:42,0
DA:43,0
DA:44,0
DA:45,0
DA:46,0
DA:47,0
DA:48,0
DA:49,0
DA:50,0
DA:52,0
DA:55,0
DA:56,0
DA:59,0
DA:60,0
DA:61,0
DA:62,0
DA:63,0
DA:64,0
DA:66,0
DA:67,0
DA:70,0
DA:73,0
DA:74,0
DA:75,0
DA:78,0
DA:79,0
DA:80,0
DA:82,0
DA:84,0
DA:87,0
DA:88,0
DA:91,0
DA:96,0
DA:97,0
DA:101,0
DA:102,0
DA:103,0
DA:106,0
DA:108,0
DA:109,0
DA:111,0
DA:112,0
DA:114,0
DA:115,0
DA:117,0
DA:120,0
DA:124,0
DA:125,0
DA:126,0
DA:131,0
DA:134,0
DA:135,0
DA:136,0
DA:137,0
DA:144,0
DA:145,0
DA:146,0
DA:149,0
DA:150,0
DA:151,0
DA:152,0
DA:153,0
DA:160,0
DA:163,0
DA:167,0
DA:173,0
DA:175,0
DA:179,0
DA:180,0
DA:210,0
DA:244,0
DA:251,0
DA:252,0
DA:269,0
DA:273,0
DA:274,0
DA:295,0
DA:296,0
DA:302,0
DA:306,0
DA:307,0
DA:324,0
DA:330,0
DA:336,0
DA:342,0
DA:370,0
DA:378,0
DA:394,2
LF:91
LH:3
BRDA:55,0,0,0
BRDA:55,0,1,0
BRDA:56,1,0,0
BRDA:56,1,1,0
BRDA:56,2,0,0
BRDA:56,2,1,0
BRDA:60,3,0,0
BRDA:60,3,1,0
BRDA:60,4,0,0
BRDA:60,4,1,0
BRDA:63,5,0,0
BRDA:63,5,1,0
BRDA:66,6,0,0
BRDA:66,6,1,0
BRDA:74,7,0,0
BRDA:74,7,1,0
BRDA:74,8,0,0
BRDA:74,8,1,0
BRDA:78,9,0,0
BRDA:78,9,1,0
BRDA:82,10,0,0
BRDA:82,10,1,0
BRDA:82,11,0,0
BRDA:82,11,1,0
BRDA:91,12,0,0
BRDA:91,12,1,0
BRDA:96,13,0,0
BRDA:96,13,1,0
BRDA:101,14,0,0
BRDA:101,14,1,0
BRDA:106,15,0,0
BRDA:106,15,1,0
BRDA:106,15,2,0
BRDA:106,15,3,0
BRDA:124,16,0,0
BRDA:124,16,1,0
BRDA:126,17,0,0
BRDA:126,17,1,0
BRDA:138,18,0,0
BRDA:138,18,1,0
BRDA:150,19,0,0
BRDA:150,19,1,0
BRDA:151,20,0,0
BRDA:151,20,1,0
BRDA:152,21,0,0
BRDA:152,21,1,0
BRDA:160,22,0,0
BRDA:160,22,1,0
BRDA:161,23,0,0
BRDA:161,23,1,0
BRDA:162,24,0,0
BRDA:162,24,1,0
BRDA:163,25,0,0
BRDA:163,25,1,0
BRDA:164,26,0,0
BRDA:164,26,1,0
BRDA:165,27,0,0
BRDA:165,27,1,0
BRDA:173,28,0,0
BRDA:173,28,1,0
BRDA:173,29,0,0
BRDA:173,29,1,0
BRDA:184,30,0,0
BRDA:184,30,1,0
BRDA:190,31,0,0
BRDA:190,31,1,0
BRDA:198,32,0,0
BRDA:198,32,1,0
BRDA:199,33,0,0
BRDA:199,33,1,0
BRDA:201,34,0,0
BRDA:201,34,1,0
BRDA:221,35,0,0
BRDA:221,35,1,0
BRDA:224,36,0,0
BRDA:224,36,1,0
BRDA:224,36,2,0
BRDA:243,37,0,0
BRDA:243,37,1,0
BRDA:245,38,0,0
BRDA:245,38,1,0
BRDA:249,39,0,0
BRDA:249,39,1,0
BRDA:255,40,0,0
BRDA:255,40,1,0
BRDA:255,41,0,0
BRDA:255,41,1,0
BRDA:260,42,0,0
BRDA:260,42,1,0
BRDA:271,43,0,0
BRDA:271,43,1,0
BRDA:277,44,0,0
BRDA:277,44,1,0
BRDA:278,45,0,0
BRDA:278,45,1,0
BRDA:278,46,0,0
BRDA:278,46,1,0
BRDA:278,47,0,0
BRDA:278,47,1,0
BRDA:285,48,0,0
BRDA:285,48,1,0
BRDA:288,49,0,0
BRDA:288,49,1,0
BRDA:293,50,0,0
BRDA:293,50,1,0
BRDA:299,51,0,0
BRDA:299,51,1,0
BRDA:304,52,0,0
BRDA:304,52,1,0
BRDA:310,53,0,0
BRDA:310,53,1,0
BRDA:311,54,0,0
BRDA:311,54,1,0
BRDA:323,55,0,0
BRDA:323,55,1,0
BRDA:326,56,0,0
BRDA:326,56,1,0
BRDA:329,57,0,0
BRDA:329,57,1,0
BRDA:332,58,0,0
BRDA:332,58,1,0
BRDA:335,59,0,0
BRDA:335,59,1,0
BRDA:338,60,0,0
BRDA:338,60,1,0
BRDA:341,61,0,0
BRDA:341,61,1,0
BRDA:344,62,0,0
BRDA:344,62,1,0
BRDA:385,63,0,0
BRDA:385,63,1,0
BRDA:550,64,0,0
BRDA:550,64,1,0
BRDA:566,65,0,0
BRDA:566,65,1,0
BRDA:569,66,0,0
BRDA:569,66,1,0
BRDA:612,67,0,0
BRDA:612,67,1,0
BRF:139
BRH:0
end_of_record
TN:
SF:app/(tabs)/lessons.tsx
FN:12,LessonsScreen
FN:63,(anonymous_1)
FN:123,(anonymous_2)
FNF:3
FNH:0
FNDA:0,LessonsScreen
FNDA:0,(anonymous_1)
FNDA:0,(anonymous_2)
DA:13,0
DA:14,0
DA:17,0
DA:52,0
DA:64,0
DA:123,0
DA:124,0
LF:7
LH:0
BRDA:68,0,0,0
BRDA:68,0,1,0
BRDA:72,1,0,0
BRDA:72,1,1,0
BRDA:83,2,0,0
BRDA:83,2,1,0
BRDA:88,3,0,0
BRDA:88,3,1,0
BRDA:99,4,0,0
BRDA:99,4,1,0
BRDA:99,4,2,0
BRDA:111,5,0,0
BRDA:111,5,1,0
BRF:13
BRH:0
end_of_record
TN:
SF:app/(tabs)/messenger-settings.tsx
FN:8,MessengerSettingsScreen
FN:59,(anonymous_1)
FNF:2
FNH:0
FNDA:0,MessengerSettingsScreen
FNDA:0,(anonymous_1)
DA:9,0
DA:10,0
DA:12,0
DA:59,0
DA:60,0
LF:5
LH:0
BRDA:20,0,0,0
BRDA:20,0,1,0
BRDA:30,1,0,0
BRDA:30,1,1,0
BRDA:41,2,0,0
BRDA:41,2,1,0
BRF:6
BRH:0
end_of_record
TN:
SF:app/(tabs)/profile.tsx
FN:179,ProfileScreen
FN:185,(anonymous_1)
FN:186,(anonymous_2)
FN:201,(anonymous_3)
FN:230,(anonymous_4)
FN:232,(anonymous_5)
FN:235,(anonymous_6)
FN:236,(anonymous_7)
FN:309,(anonymous_8)
FN:311,(anonymous_9)
FN:312,(anonymous_10)
FN:322,(anonymous_11)
FN:338,(anonymous_12)
FN:343,(anonymous_13)
FN:354,(anonymous_14)
FN:364,(anonymous_15)
FN:380,(anonymous_16)
FN:386,(anonymous_17)
FN:427,(anonymous_18)
FN:439,(anonymous_19)
FN:441,(anonymous_20)
FN:445,(anonymous_21)
FN:447,(anonymous_22)
FN:463,(anonymous_23)
FN:594,(anonymous_24)
FN:669,(anonymous_25)
FN:693,(anonymous_26)
FN:697,(anonymous_27)
FN:814,(anonymous_28)
FN:872,(anonymous_29)
FN:881,(anonymous_30)
FN:883,(anonymous_31)
FN:910,(anonymous_32)
FN:920,(anonymous_33)
FN:934,(anonymous_34)
FN:944,(anonymous_35)
FN:971,(anonymous_36)
FN:975,(anonymous_37)
FN:995,(anonymous_38)
FN:999,(anonymous_39)
FN:1056,(anonymous_40)
FN:1115,(anonymous_41)
FNF:42
FNH:0
FNDA:0,ProfileScreen
FNDA:0,(anonymous_1)
FNDA:0,(anonymous_2)
FNDA:0,(anonymous_3)
FNDA:0,(anonymous_4)
FNDA:0,(anonymous_5)
FNDA:0,(anonymous_6)
FNDA:0,(anonymous_7)
FNDA:0,(anonymous_8)
FNDA:0,(anonymous_9)
FNDA:0,(anonymous_10)
FNDA:0,(anonymous_11)
FNDA:0,(anonymous_12)
FNDA:0,(anonymous_13)
FNDA:0,(anonymous_14)
FNDA:0,(anonymous_15)
FNDA:0,(anonymous_16)
FNDA:0,(anonymous_17)
FNDA:0,(anonymous_18)
FNDA:0,(anonymous_19)
FNDA:0,(anonymous_20)
FNDA:0,(anonymous_21)
FNDA:0,(anonymous_22)
FNDA:0,(anonymous_23)
FNDA:0,(anonymous_24)
FNDA:0,(anonymous_25)
FNDA:0,(anonymous_26)
FNDA:0,(anonymous_27)
FNDA:0,(anonymous_28)
FNDA:0,(anonymous_29)
FNDA:0,(anonymous_30)
FNDA:0,(anonymous_31)
FNDA:0,(anonymous_32)
FNDA:0,(anonymous_33)
FNDA:0,(anonymous_34)
FNDA:0,(anonymous_35)
FNDA:0,(anonymous_36)
FNDA:0,(anonymous_37)
FNDA:0,(anonymous_38)
FNDA:0,(anonymous_39)
FNDA:0,(anonymous_40)
FNDA:0,(anonymous_41)
DA:53,1
DA:68,1
DA:82,1
DA:101,1
DA:143,1
DA:164,1
DA:172,1
DA:180,0
DA:181,0
DA:182,0
DA:185,0
DA:186,0
DA:187,0
DA:188,0
DA:189,0
DA:191,0
DA:192,0
DA:193,0
DA:194,0
DA:195,0
DA:196,0
DA:197,0
DA:198,0
DA:199,0
DA:200,0
DA:201,0
DA:202,0
DA:203,0
DA:218,0
DA:220,0
DA:221,0
DA:222,0
DA:230,0
DA:232,0
DA:233,0
DA:234,0
DA:235,0
DA:236,0
DA:237,0
DA:238,0
DA:247,0
DA:253,0
DA:259,0
DA:261,0
DA:263,0
DA:265,0
DA:309,0
DA:310,0
DA:311,0
DA:312,0
DA:313,0
DA:314,0
DA:322,0
DA:323,0
DA:324,0
DA:325,0
DA:327,0
DA:328,0
DA:329,0
DA:330,0
DA:331,0
DA:333,0
DA:334,0
DA:338,0
DA:339,0
DA:340,0
DA:341,0
DA:342,0
DA:343,0
DA:344,0
DA:349,0
DA:350,0
DA:354,0
DA:355,0
DA:356,0
DA:357,0
DA:358,0
DA:360,0
DA:364,0
DA:365,0
DA:366,0
DA:367,0
DA:369,0
DA:370,0
DA:371,0
DA:372,0
DA:373,0
DA:375,0
DA:380,0
DA:381,0
DA:382,0
DA:383,0
DA:386,0
DA:387,0
DA:388,0
DA:389,0
DA:390,0
DA:393,0
DA:394,0
DA:396,0
DA:397,0
DA:399,0
DA:402,0
DA:403,0
DA:406,0
DA:409,0
DA:410,0
DA:412,0
DA:413,0
DA:415,0
DA:416,0
DA:417,0
DA:419,0
DA:421,0
DA:422,0
DA:427,0
DA:428,0
DA:429,0
DA:430,0
DA:431,0
DA:432,0
DA:434,0
DA:435,0
DA:439,0
DA:440,0
DA:441,0
DA:442,0
DA:445,0
DA:446,0
DA:447,0
DA:448,0
DA:451,0
DA:452,0
DA:461,0
DA:462,0
DA:463,0
DA:465,0
DA:554,0
DA:595,0
DA:596,0
DA:597,0
DA:599,0
DA:600,0
DA:601,0
DA:602,0
DA:605,0
DA:606,0
DA:610,0
DA:611,0
DA:612,0
DA:613,0
DA:614,0
DA:615,0
DA:617,0
DA:618,0
DA:619,0
DA:626,0
DA:628,0
DA:629,0
DA:670,0
DA:671,0
DA:694,0
DA:698,0
DA:699,0
DA:815,0
DA:873,0
DA:874,0
DA:882,0
DA:883,0
DA:884,0
DA:885,0
DA:893,0
DA:895,0
DA:911,0
DA:921,0
DA:922,0
DA:923,0
DA:924,0
DA:926,0
DA:935,0
DA:936,0
DA:945,0
DA:946,0
DA:947,0
DA:949,0
DA:972,0
DA:976,0
DA:977,0
DA:978,0
DA:996,0
DA:1000,0
DA:1001,0
DA:1003,0
DA:1004,0
DA:1005,0
DA:1006,0
DA:1007,0
DA:1009,0
DA:1013,0
DA:1056,0
DA:1115,1
LF:201
LH:8
BRDA:185,0,0,0
BRDA:185,0,1,0
BRDA:185,1,0,0
BRDA:185,1,1,0
BRDA:186,2,0,0
BRDA:186,2,1,0
BRDA:186,3,0,0
BRDA:186,3,1,0
BRDA:194,4,0,0
BRDA:194,4,1,0
BRDA:203,5,0,0
BRDA:203,5,1,0
BRDA:220,6,0,0
BRDA:220,6,1,0
BRDA:221,7,0,0
BRDA:221,7,1,0
BRDA:222,8,0,0
BRDA:222,8,1,0
BRDA:233,9,0,0
BRDA:233,9,1,0
BRDA:235,10,0,0
BRDA:235,10,1,0
BRDA:237,11,0,0
BRDA:237,11,1,0
BRDA:238,12,0,0
BRDA:238,12,1,0
BRDA:247,13,0,0
BRDA:247,13,1,0
BRDA:249,14,0,0
BRDA:249,14,1,0
BRDA:253,15,0,0
BRDA:253,15,1,0
BRDA:255,16,0,0
BRDA:255,16,1,0
BRDA:259,17,0,0
BRDA:259,17,1,0
BRDA:261,18,0,0
BRDA:261,18,1,0
BRDA:261,19,0,0
BRDA:261,19,1,0
BRDA:263,20,0,0
BRDA:263,20,1,0
BRDA:278,21,0,0
BRDA:278,21,1,0
BRDA:286,22,0,0
BRDA:286,22,1,0
BRDA:302,23,0,0
BRDA:302,23,1,0
BRDA:313,24,0,0
BRDA:313,24,1,0
BRDA:323,25,0,0
BRDA:323,25,1,0
BRDA:333,26,0,0
BRDA:333,26,1,0
BRDA:334,27,0,0
BRDA:334,27,1,0
BRDA:345,28,0,0
BRDA:345,28,1,0
BRDA:346,29,0,0
BRDA:346,29,1,0
BRDA:349,30,0,0
BRDA:349,30,1,0
BRDA:350,31,0,0
BRDA:350,31,1,0
BRDA:360,32,0,0
BRDA:360,32,1,0
BRDA:365,33,0,0
BRDA:365,33,1,0
BRDA:366,34,0,0
BRDA:366,34,1,0
BRDA:367,35,0,0
BRDA:367,35,1,0
BRDA:369,36,0,0
BRDA:369,36,1,0
BRDA:369,37,0,0
BRDA:369,37,1,0
BRDA:370,38,0,0
BRDA:370,38,1,0
BRDA:370,38,2,0
BRDA:372,39,0,0
BRDA:372,39,1,0
BRDA:387,40,0,0
BRDA:387,40,1,0
BRDA:397,41,0,0
BRDA:397,41,1,0
BRDA:399,42,0,0
BRDA:399,42,1,0
BRDA:401,43,0,0
BRDA:401,43,1,0
BRDA:406,44,0,0
BRDA:406,44,1,0
BRDA:407,45,0,0
BRDA:407,45,1,0
BRDA:415,46,0,0
BRDA:415,46,1,0
BRDA:416,47,0,0
BRDA:416,47,1,0
BRDA:421,48,0,0
BRDA:421,48,1,0
BRDA:434,49,0,0
BRDA:434,49,1,0
BRDA:451,50,0,0
BRDA:451,50,1,0
BRDA:461,51,0,0
BRDA:461,51,1,0
BRDA:463,52,0,0
BRDA:463,52,1,0
BRDA:486,53,0,0
BRDA:486,53,1,0
BRDA:534,54,0,0
BRDA:534,54,1,0
BRDA:562,55,0,0
BRDA:562,55,1,0
BRDA:567,56,0,0
BRDA:567,56,1,0
BRDA:567,57,0,0
BRDA:567,57,1,0
BRDA:583,58,0,0
BRDA:583,58,1,0
BRDA:589,59,0,0
BRDA:589,59,1,0
BRDA:597,60,0,0
BRDA:597,60,1,0
BRDA:599,61,0,0
BRDA:599,61,1,0
BRDA:601,62,0,0
BRDA:601,62,1,0
BRDA:610,63,0,0
BRDA:610,63,1,0
BRDA:610,64,0,0
BRDA:610,64,1,0
BRDA:613,65,0,0
BRDA:613,65,1,0
BRDA:617,66,0,0
BRDA:617,66,1,0
BRDA:632,67,0,0
BRDA:632,67,1,0
BRDA:633,68,0,0
BRDA:633,68,1,0
BRDA:639,69,0,0
BRDA:639,69,1,0
BRDA:704,70,0,0
BRDA:704,70,1,0
BRDA:744,71,0,0
BRDA:744,71,1,0
BRDA:758,72,0,0
BRDA:758,72,1,0
BRDA:765,73,0,0
BRDA:765,73,1,0
BRDA:772,74,0,0
BRDA:772,74,1,0
BRDA:772,74,2,0
BRDA:774,75,0,0
BRDA:774,75,1,0
BRDA:777,76,0,0
BRDA:777,76,1,0
BRDA:783,77,0,0
BRDA:783,77,1,0
BRDA:789,78,0,0
BRDA:789,78,1,0
BRDA:794,79,0,0
BRDA:794,79,1,0
BRDA:808,80,0,0
BRDA:808,80,1,0
BRDA:809,81,0,0
BRDA:809,81,1,0
BRDA:813,82,0,0
BRDA:813,82,1,0
BRDA:816,83,0,0
BRDA:816,83,1,0
BRDA:866,84,0,0
BRDA:866,84,1,0
BRDA:882,85,0,0
BRDA:882,85,1,0
BRDA:882,86,0,0
BRDA:882,86,1,0
BRDA:895,87,0,0
BRDA:895,87,1,0
BRDA:909,88,0,0
BRDA:909,88,1,0
BRDA:909,89,0,0
BRDA:909,89,1,0
BRDA:915,90,0,0
BRDA:915,90,1,0
BRDA:923,91,0,0
BRDA:923,91,1,0
BRDA:949,92,0,0
BRDA:949,92,1,0
BRDA:974,93,0,0
BRDA:974,93,1,0
BRDA:998,94,0,0
BRDA:998,94,1,0
BRDA:1003,95,0,0
BRDA:1003,95,1,0
BRDA:1009,96,0,0
BRDA:1009,96,1,0
BRDA:1021,97,0,0
BRDA:1021,97,1,0
BRDA:1044,98,0,0
BRDA:1044,98,1,0
BRDA:1068,99,0,0
BRDA:1068,99,1,0
BRDA:1071,100,0,0
BRDA:1071,100,1,0
BRDA:1075,101,0,0
BRDA:1075,101,1,0
BRDA:1082,102,0,0
BRDA:1082,102,1,0
BRDA:1087,103,0,0
BRDA:1087,103,1,0
BRDA:1131,104,0,0
BRDA:1131,104,1,0
BRDA:1227,105,0,0
BRDA:1227,105,1,0
BRDA:1227,106,0,0
BRDA:1227,106,1,0
BRDA:1280,107,0,0
BRDA:1280,107,1,0
BRDA:1281,108,0,0
BRDA:1281,108,1,0
BRDA:1410,109,0,0
BRDA:1410,109,1,0
BRDA:1412,110,0,0
BRDA:1412,110,1,0
BRDA:1416,111,0,0
BRDA:1416,111,1,0
BRDA:1436,112,0,0
BRDA:1436,112,1,0
BRDA:1511,113,0,0
BRDA:1511,113,1,0
BRDA:1558,114,0,0
BRDA:1558,114,1,0
BRDA:1664,115,0,0
BRDA:1664,115,1,0
BRDA:1673,116,0,0
BRDA:1673,116,1,0
BRDA:1703,117,0,0
BRDA:1703,117,1,0
BRDA:1707,118,0,0
BRDA:1707,118,1,0
BRDA:1734,119,0,0
BRDA:1734,119,1,0
BRDA:2014,120,0,0
BRDA:2014,120,1,0
BRF:244
BRH:0
end_of_record
TN:
SF:app/chat/[chatId].tsx
FN:33,(anonymous_0)
FN:34,(anonymous_1)
FN:36,(anonymous_2)
FN:37,(anonymous_3)
FN:59,ChatScreen
FN:77,(anonymous_5)
FN:88,(anonymous_6)
FN:140,(anonymous_7)
FN:170,(anonymous_8)
FN:192,(anonymous_9)
FN:243,(anonymous_10)
FN:260,(anonymous_11)
FN:290,(anonymous_12)
FN:291,(anonymous_13)
FN:295,(anonymous_14)
FN:372,(anonymous_15)
FN:409,(anonymous_16)
FN:434,(anonymous_17)
FN:441,(anonymous_18)
FN:457,(anonymous_19)
FN:476,(anonymous_20)
FN:520,(anonymous_21)
FN:563,(anonymous_22)
FN:611,(anonymous_23)
FN:622,(anonymous_24)
FN:624,(anonymous_25)
FNF:26
FNH:0
FNDA:0,(anonymous_0)
FNDA:0,(anonymous_1)
FNDA:0,(anonymous_2)
FNDA:0,(anonymous_3)
FNDA:0,ChatScreen
FNDA:0,(anonymous_5)
FNDA:0,(anonymous_6)
FNDA:0,(anonymous_7)
FNDA:0,(anonymous_8)
FNDA:0,(anonymous_9)
FNDA:0,(anonymous_10)
FNDA:0,(anonymous_11)
FNDA:0,(anonymous_12)
FNDA:0,(anonymous_13)
FNDA:0,(anonymous_14)
FNDA:0,(anonymous_15)
FNDA:0,(anonymous_16)
FNDA:0,(anonymous_17)
FNDA:0,(anonymous_18)
FNDA:0,(anonymous_19)
FNDA:0,(anonymous_20)
FNDA:0,(anonymous_21)
FNDA:0,(anonymous_22)
FNDA:0,(anonymous_23)
FNDA:0,(anonymous_24)
FNDA:0,(anonymous_25)
DA:33,1
DA:34,0
DA:36,1
DA:37,0
DA:40,1
DA:48,1
DA:57,1
DA:60,0
DA:61,0
DA:62,0
DA:63,0
DA:64,0
DA:65,0
DA:66,0
DA:67,0
DA:68,0
DA:69,0
DA:70,0
DA:71,0
DA:72,0
DA:73,0
DA:74,0
DA:75,0
DA:77,0
DA:78,0
DA:80,0
DA:81,0
DA:88,0
DA:89,0
DA:90,0
DA:91,0
DA:94,0
DA:95,0
DA:96,0
DA:98,0
DA:99,0
DA:100,0
DA:103,0
DA:108,0
DA:112,0
DA:113,0
DA:114,0
DA:117,0
DA:118,0
DA:120,0
DA:135,0
DA:136,0
DA:140,0
DA:141,0
DA:143,0
DA:144,0
DA:145,0
DA:146,0
DA:148,0
DA:150,0
DA:151,0
DA:154,0
DA:155,0
DA:156,0
DA:159,0
DA:161,0
DA:162,0
DA:165,0
DA:166,0
DA:170,0
DA:171,0
DA:173,0
DA:174,0
DA:175,0
DA:176,0
DA:178,0
DA:180,0
DA:181,0
DA:184,0
DA:185,0
DA:188,0
DA:192,0
DA:193,0
DA:194,0
DA:197,0
DA:199,0
DA:200,0
DA:202,0
DA:203,0
DA:205,0
DA:206,0
DA:207,0
DA:208,0
DA:210,0
DA:217,0
DA:222,0
DA:223,0
DA:226,0
DA:227,0
DA:228,0
DA:231,0
DA:232,0
DA:234,0
DA:235,0
DA:237,0
DA:238,0
DA:243,0
DA:244,0
DA:246,0
DA:247,0
DA:248,0
DA:249,0
DA:255,0
DA:256,0
DA:260,0
DA:261,0
DA:263,0
DA:276,0
DA:277,0
DA:278,0
DA:281,0
DA:283,0
DA:284,0
DA:285,0
DA:286,0
DA:290,0
DA:291,0
DA:292,0
DA:295,0
DA:296,0
DA:299,0
DA:300,0
DA:301,0
DA:304,0
DA:312,0
DA:313,0
DA:317,0
DA:323,0
DA:331,0
DA:332,0
DA:334,0
DA:373,0
DA:410,0
DA:429,0
DA:435,0
DA:442,0
DA:443,0
DA:458,0
DA:459,0
DA:477,0
DA:478,0
DA:520,0
DA:564,0
DA:565,0
DA:611,0
DA:622,0
DA:625,0
DA:634,1
LF:153
LH:6
BRDA:78,0,0,0
BRDA:78,0,1,0
BRDA:80,1,0,0
BRDA:80,1,1,0
BRDA:89,2,0,0
BRDA:89,2,1,0
BRDA:98,3,0,0
BRDA:98,3,1,0
BRDA:112,4,0,0
BRDA:112,4,1,0
BRDA:135,5,0,0
BRDA:135,5,1,0
BRDA:141,6,0,0
BRDA:141,6,1,0
BRDA:150,7,0,0
BRDA:150,7,1,0
BRDA:155,8,0,0
BRDA:155,8,1,0
BRDA:161,9,0,0
BRDA:161,9,1,0
BRDA:171,10,0,0
BRDA:171,10,1,0
BRDA:180,11,0,0
BRDA:180,11,1,0
BRDA:184,12,0,0
BRDA:184,12,1,0
BRDA:188,13,0,0
BRDA:188,13,1,0
BRDA:193,14,0,0
BRDA:193,14,1,0
BRDA:205,15,0,0
BRDA:205,15,1,0
BRDA:222,16,0,0
BRDA:222,16,1,0
BRDA:227,17,0,0
BRDA:227,17,1,0
BRDA:237,18,0,0
BRDA:237,18,1,0
BRDA:244,19,0,0
BRDA:244,19,1,0
BRDA:255,20,0,0
BRDA:255,20,1,0
BRDA:261,21,0,0
BRDA:261,21,1,0
BRDA:277,22,0,0
BRDA:277,22,1,0
BRDA:278,23,0,0
BRDA:278,23,1,0
BRDA:284,24,0,0
BRDA:284,24,1,0
BRDA:299,25,0,0
BRDA:299,25,1,0
BRDA:312,26,0,0
BRDA:312,26,1,0
BRDA:323,27,0,0
BRDA:323,27,1,0
BRDA:338,28,0,0
BRDA:338,28,1,0
BRDA:345,29,0,0
BRDA:345,29,1,0
BRDA:353,30,0,0
BRDA:353,30,1,0
BRDA:357,31,0,0
BRDA:357,31,1,0
BRDA:363,32,0,0
BRDA:363,32,1,0
BRDA:363,32,2,0
BRDA:363,32,3,0
BRDA:370,33,0,0
BRDA:370,33,1,0
BRDA:370,33,2,0
BRDA:390,34,0,0
BRDA:390,34,1,0
BRDA:394,35,0,0
BRDA:394,35,1,0
BRDA:400,36,0,0
BRDA:400,36,1,0
BRDA:400,36,2,0
BRDA:400,36,3,0
BRDA:407,37,0,0
BRDA:407,37,1,0
BRDA:407,37,2,0
BRDA:433,38,0,0
BRDA:433,38,1,0
BRDA:436,39,0,0
BRDA:436,39,1,0
BRDA:436,39,2,0
BRDA:436,39,3,0
BRDA:446,40,0,0
BRDA:446,40,1,0
BRDA:447,41,0,0
BRDA:447,41,1,0
BRDA:462,42,0,0
BRDA:462,42,1,0
BRDA:463,43,0,0
BRDA:463,43,1,0
BRDA:473,44,0,0
BRDA:473,44,1,0
BRDA:500,45,0,0
BRDA:500,45,1,0
BRDA:500,46,0,0
BRDA:500,46,1,0
BRDA:504,47,0,0
BRDA:504,47,1,0
BRDA:507,48,0,0
BRDA:507,48,1,0
BRDA:507,49,0,0
BRDA:507,49,1,0
BRDA:507,49,2,0
BRDA:510,50,0,0
BRDA:510,50,1,0
BRDA:511,51,0,0
BRDA:511,51,1,0
BRDA:531,52,0,0
BRDA:531,52,1,0
BRDA:538,53,0,0
BRDA:538,53,1,0
BRDA:579,54,0,0
BRDA:579,54,1,0
BRDA:594,55,0,0
BRDA:594,55,1,0
BRDA:598,56,0,0
BRDA:598,56,1,0
BRDA:607,57,0,0
BRDA:607,57,1,0
BRDA:618,58,0,0
BRDA:618,58,1,0
BRF:127
BRH:0
end_of_record
TN:
SF:backend/index.ts
FN:12,(anonymous_0)
FN:41,(anonymous_1)
FN:47,(anonymous_2)
FN:51,(anonymous_3)
FN:80,(anonymous_4)
FNF:5
FNH:0
FNDA:0,(anonymous_0)
FNDA:0,(anonymous_1)
FNDA:0,(anonymous_2)
FNDA:0,(anonymous_3)
FNDA:0,(anonymous_4)
DA:8,0
DA:11,0
DA:14,0
DA:24,0
DA:25,0
DA:28,0
DA:36,0
DA:42,0
DA:47,0
DA:48,0
DA:51,0
DA:53,0
DA:60,0
DA:61,0
DA:65,0
DA:66,0
DA:69,0
DA:80,0
DA:81,0
DA:97,0
LF:20
LH:0
BRDA:24,0,0,0
BRDA:24,0,1,0
BRDA:24,1,0,0
BRDA:24,1,1,0
BRDA:24,1,2,0
BRDA:28,2,0,0
BRDA:28,2,1,0
BRDA:28,3,0,0
BRDA:28,3,1,0
BRDA:61,4,0,0
BRDA:61,4,1,0
BRDA:65,5,0,0
BRDA:65,5,1,0
BRF:13
BRH:0
end_of_record
TN:
SF:backend/test-alerts.ts
FN:22,testSyncAlerts
FN:58,testGetAlerts
FN:80,runTests
FNF:3
FNH:0
FNDA:0,testSyncAlerts
FNDA:0,testGetAlerts
FNDA:0,runTests
DA:11,0
DA:13,0
DA:23,0
DA:25,0
DA:41,0
DA:42,0
DA:44,0
DA:45,0
DA:46,0
DA:47,0
DA:49,0
DA:50,0
DA:53,0
DA:54,0
DA:59,0
DA:61,0
DA:62,0
DA:66,0
DA:67,0
DA:68,0
DA:69,0
DA:71,0
DA:72,0
DA:75,0
DA:76,0
DA:81,0
DA:82,0
DA:84,0
DA:85,0
DA:86,0
DA:88,0
DA:89,0
DA:93,0
LF:33
LH:0
BRDA:44,0,0,0
BRDA:44,0,1,0
BRDA:66,1,0,0
BRDA:66,1,1,0
BRDA:85,2,0,0
BRDA:85,2,1,0
BRDA:86,3,0,0
BRDA:86,3,1,0
BRDA:88,4,0,0
BRDA:88,4,1,0
BRDA:88,5,0,0
BRDA:88,5,1,0
BRF:12
BRH:0
end_of_record
TN:
SF:backend/test-db-check.ts
FN:22,checkDatabase
FNF:1
FNH:0
FNDA:0,checkDatabase
DA:11,0
DA:13,0
DA:23,0
DA:25,0
DA:26,0
DA:27,0
DA:28,0
DA:30,0
DA:31,0
DA:32,0
DA:37,0
LF:11
LH:0
BRDA:11,0,0,0
BRDA:11,0,1,0
BRDA:31,1,0,0
BRDA:31,1,1,0
BRF:4
BRH:0
end_of_record
TN:
SF:backend/test-registration.ts
FN:22,testRegistration
FNF:1
FNH:0
FNDA:0,testRegistration
DA:11,0
DA:13,0
DA:23,0
DA:26,0
DA:27,0
DA:28,0
DA:37,0
DA:40,0
DA:41,0
DA:42,0
DA:44,0
DA:45,0
DA:47,0
DA:48,0
DA:50,0
DA:51,0
DA:55,0
DA:56,0
DA:57,0
DA:58,0
DA:60,0
DA:63,0
DA:64,0
DA:66,0
DA:67,0
DA:68,0
DA:69,0
DA:72,0
DA:73,0
DA:79,0
DA:80,0
DA:81,0
DA:82,0
DA:83,0
DA:84,0
DA:85,0
DA:87,0
DA:90,0
DA:93,0
DA:96,0
DA:97,0
DA:98,0
DA:103,0
LF:43
LH:0
BRDA:40,0,0,0
BRDA:40,0,1,0
BRDA:41,1,0,0
BRDA:41,1,1,0
BRDA:44,2,0,0
BRDA:44,2,1,0
BRDA:47,3,0,0
BRDA:47,3,1,0
BRDA:50,4,0,0
BRDA:50,4,1,0
BRDA:50,5,0,0
BRDA:50,5,1,0
BRDA:55,6,0,0
BRDA:55,6,1,0
BRDA:55,7,0,0
BRDA:55,7,1,0
BRDA:66,8,0,0
BRDA:66,8,1,0
BRDA:79,9,0,0
BRDA:79,9,1,0
BRDA:97,10,0,0
BRDA:97,10,1,0
BRF:22
BRH:0
end_of_record
TN:
SF:backend/test-settings.ts
FN:25,testConnection
FN:45,testSyncSettings
FN:88,testGetSettings
FN:115,testUpdateSettings
FN:158,runTests
FN:174,(anonymous_5)
FNF:6
FNH:0
FNDA:0,testConnection
FNDA:0,testSyncSettings
FNDA:0,testGetSettings
FNDA:0,testUpdateSettings
FNDA:0,runTests
FNDA:0,(anonymous_5)
DA:12,0
DA:15,0
DA:26,0
DA:28,0
DA:29,0
DA:31,0
DA:32,0
DA:33,0
DA:35,0
DA:36,0
DA:39,0
DA:40,0
DA:46,0
DA:48,0
DA:61,0
DA:67,0
DA:68,0
DA:70,0
DA:71,0
DA:72,0
DA:73,0
DA:75,0
DA:76,0
DA:79,0
DA:80,0
DA:81,0
DA:83,0
DA:89,0
DA:91,0
DA:92,0
DA:96,0
DA:97,0
DA:98,0
DA:99,0
DA:100,0
DA:102,0
DA:103,0
DA:106,0
DA:107,0
DA:108,0
DA:110,0
DA:116,0
DA:118,0
DA:131,0
DA:137,0
DA:138,0
DA:140,0
DA:141,0
DA:142,0
DA:143,0
DA:145,0
DA:146,0
DA:149,0
DA:150,0
DA:151,0
DA:153,0
DA:159,0
DA:161,0
DA:168,0
DA:169,0
DA:170,0
DA:171,0
DA:172,0
DA:174,0
DA:176,0
DA:177,0
DA:179,0
DA:183,0
LF:68
LH:0
BRDA:31,0,0,0
BRDA:31,0,1,0
BRDA:70,1,0,0
BRDA:70,1,1,0
BRDA:80,2,0,0
BRDA:80,2,1,0
BRDA:96,3,0,0
BRDA:96,3,1,0
BRDA:107,4,0,0
BRDA:107,4,1,0
BRDA:140,5,0,0
BRDA:140,5,1,0
BRDA:150,6,0,0
BRDA:150,6,1,0
BRDA:169,7,0,0
BRDA:169,7,1,0
BRDA:170,8,0,0
BRDA:170,8,1,0
BRDA:171,9,0,0
BRDA:171,9,1,0
BRDA:172,10,0,0
BRDA:172,10,1,0
BRDA:176,11,0,0
BRDA:176,11,1,0
BRF:24
BRH:0
end_of_record
TN:
SF:backend/test-sync-v2.ts
FN:25,testConnection
FN:46,testSyncChats
FN:93,testGetChats
FN:116,runTests
FN:130,(anonymous_4)
FNF:5
FNH:0
FNDA:0,testConnection
FNDA:0,testSyncChats
FNDA:0,testGetChats
FNDA:0,runTests
FNDA:0,(anonymous_4)
DA:12,0
DA:15,0
DA:26,0
DA:28,0
DA:29,0
DA:31,0
DA:32,0
DA:33,0
DA:34,0
DA:36,0
DA:37,0
DA:40,0
DA:41,0
DA:47,0
DA:49,0
DA:75,0
DA:76,0
DA:78,0
DA:79,0
DA:80,0
DA:81,0
DA:83,0
DA:84,0
DA:87,0
DA:88,0
DA:94,0
DA:96,0
DA:97,0
DA:101,0
DA:102,0
DA:103,0
DA:104,0
DA:106,0
DA:107,0
DA:110,0
DA:111,0
DA:117,0
DA:119,0
DA:125,0
DA:126,0
DA:127,0
DA:128,0
DA:130,0
DA:132,0
DA:133,0
DA:135,0
DA:139,0
LF:47
LH:0
BRDA:31,0,0,0
BRDA:31,0,1,0
BRDA:78,1,0,0
BRDA:78,1,1,0
BRDA:101,2,0,0
BRDA:101,2,1,0
BRDA:126,3,0,0
BRDA:126,3,1,0
BRDA:127,4,0,0
BRDA:127,4,1,0
BRDA:128,5,0,0
BRDA:128,5,1,0
BRDA:132,6,0,0
BRDA:132,6,1,0
BRF:14
BRH:0
end_of_record
TN:
SF:backend/test-sync.ts
FN:26,testConnection
FN:47,testSyncChats
FN:85,testGetChats
FN:108,runTests
FN:122,(anonymous_4)
FNF:5
FNH:0
FNDA:0,testConnection
FNDA:0,testSyncChats
FNDA:0,testGetChats
FNDA:0,runTests
FNDA:0,(anonymous_4)
DA:13,0
DA:16,0
DA:27,0
DA:29,0
DA:30,0
DA:32,0
DA:33,0
DA:34,0
DA:35,0
DA:37,0
DA:38,0
DA:41,0
DA:42,0
DA:48,0
DA:50,0
DA:67,0
DA:68,0
DA:70,0
DA:71,0
DA:72,0
DA:73,0
DA:75,0
DA:76,0
DA:79,0
DA:80,0
DA:86,0
DA:88,0
DA:89,0
DA:93,0
DA:94,0
DA:95,0
DA:96,0
DA:98,0
DA:99,0
DA:102,0
DA:103,0
DA:109,0
DA:111,0
DA:117,0
DA:118,0
DA:119,0
DA:120,0
DA:122,0
DA:124,0
DA:125,0
DA:127,0
DA:131,0
LF:47
LH:0
BRDA:13,0,0,0
BRDA:13,0,1,0
BRDA:32,1,0,0
BRDA:32,1,1,0
BRDA:70,2,0,0
BRDA:70,2,1,0
BRDA:93,3,0,0
BRDA:93,3,1,0
BRDA:118,4,0,0
BRDA:118,4,1,0
BRDA:119,5,0,0
BRDA:119,5,1,0
BRDA:120,6,0,0
BRDA:120,6,1,0
BRDA:124,7,0,0
BRDA:124,7,1,0
BRF:16
BRH:0
end_of_record
TN:
SF:backend/trpc/app-router.ts
FNF:0
FNH:0
DA:15,0
LF:1
LH:0
BRF:0
BRH:0
end_of_record
TN:
SF:backend/trpc/create-context.ts
FN:5,(anonymous_0)
FN:15,(anonymous_1)
FNF:2
FNH:0
FNDA:0,(anonymous_0)
FNDA:0,(anonymous_1)
DA:5,0
DA:6,0
DA:13,0
DA:17,0
DA:19,0
DA:36,0
DA:37,0
DA:38,0
LF:8
LH:0
BRDA:24,0,0,0
BRDA:24,0,1,0
BRDA:26,1,0,0
BRDA:26,1,1,0
BRDA:28,2,0,0
BRDA:28,2,1,0
BRDA:28,3,0,0
BRDA:28,3,1,0
BRF:8
BRH:0
end_of_record
TN:
SF:backend/trpc/middleware/rateLimit.ts
FN:21,(anonymous_0)
FN:24,(anonymous_1)
FNF:2
FNH:0
FNDA:0,(anonymous_0)
FNDA:0,(anonymous_1)
DA:9,0
DA:21,0
DA:22,0
DA:24,0
DA:26,0
DA:30,0
DA:31,0
DA:32,0
DA:35,0
DA:36,0
DA:40,0
DA:44,0
DA:45,0
DA:46,0
DA:54,0
DA:55,0
DA:58,0
DA:59,0
DA:60,0
DA:61,0
DA:62,0
DA:67,0
DA:74,0
LF:23
LH:0
BRDA:22,0,0,0
BRDA:26,1,0,0
BRDA:26,1,1,0
BRDA:26,1,2,0
BRDA:35,2,0,0
BRDA:35,2,1,0
BRDA:35,3,0,0
BRDA:35,3,1,0
BRDA:44,4,0,0
BRDA:44,4,1,0
BRDA:58,5,0,0
BRDA:58,5,1,0
BRDA:61,6,0,0
BRDA:61,6,1,0
BRF:14
BRH:0
end_of_record
TN:
SF:backend/trpc/routes/auth/register-child.ts
FN:10,validateParentCode
FN:52,getUIVersion
FN:68,(anonymous_2)
FNF:3
FNH:0
FNDA:0,validateParentCode
FNDA:0,getUIVersion
FNDA:0,(anonymous_2)
DA:11,0
DA:12,0
DA:16,0
DA:17,0
DA:20,0
DA:27,0
DA:28,0
DA:32,0
DA:33,0
DA:37,0
DA:38,0
DA:41,0
DA:53,0
DA:54,0
DA:55,0
DA:58,0
DA:69,0
DA:70,0
DA:73,0
DA:74,0
DA:75,0
DA:77,0
DA:79,0
DA:81,0
DA:82,0
DA:88,0
DA:89,0
DA:92,0
DA:108,0
DA:109,0
DA:110,0
DA:114,0
DA:120,0
DA:123,0
DA:131,0
DA:132,0
DA:137,0
DA:148,0
DA:158,0
DA:168,0
DA:169,0
LF:41
LH:0
BRDA:11,0,0,0
BRDA:11,0,1,0
BRDA:16,1,0,0
BRDA:16,1,1,0
BRDA:27,2,0,0
BRDA:27,2,1,0
BRDA:27,3,0,0
BRDA:27,3,1,0
BRDA:32,4,0,0
BRDA:32,4,1,0
BRDA:32,5,0,0
BRDA:32,5,1,0
BRDA:37,6,0,0
BRDA:37,6,1,0
BRDA:44,7,0,0
BRDA:44,7,1,0
BRDA:53,8,0,0
BRDA:53,8,1,0
BRDA:53,9,0,0
BRDA:53,9,1,0
BRDA:54,10,0,0
BRDA:54,10,1,0
BRDA:54,11,0,0
BRDA:54,11,1,0
BRDA:69,12,0,0
BRDA:69,12,1,0
BRDA:81,13,0,0
BRDA:81,13,1,0
BRDA:81,14,0,0
BRDA:81,14,1,0
BRDA:84,15,0,0
BRDA:84,15,1,0
BRDA:99,16,0,0
BRDA:99,16,1,0
BRDA:108,17,0,0
BRDA:108,17,1,0
BRDA:120,18,0,0
BRDA:120,18,1,0
BRDA:131,19,0,0
BRDA:131,19,1,0
BRDA:171,20,0,0
BRDA:171,20,1,0
BRF:42
BRH:0
end_of_record
TN:
SF:backend/trpc/routes/auth/register-parent.ts
FN:11,generateParentCode
FN:23,isCodeUnique
FN:38,createUniqueCode
FN:64,(anonymous_3)
FN:67,(anonymous_4)
FN:72,(anonymous_5)
FNF:6
FNH:0
FNDA:0,generateParentCode
FNDA:0,isCodeUnique
FNDA:0,createUniqueCode
FNDA:0,(anonymous_3)
FNDA:0,(anonymous_4)
FNDA:0,(anonymous_5)
DA:12,0
DA:13,0
DA:14,0
DA:15,0
DA:17,0
DA:24,0
DA:26,0
DA:32,0
DA:39,0
DA:40,0
DA:41,0
DA:43,0
DA:44,0
DA:45,0
DA:48,0
DA:49,0
DA:52,0
DA:55,0
DA:64,0
DA:67,0
DA:73,0
DA:74,0
DA:77,0
DA:78,0
DA:80,0
DA:82,0
DA:85,0
DA:91,0
DA:92,0
DA:99,0
DA:120,0
DA:121,0
DA:122,0
DA:123,0
DA:124,0
DA:125,0
DA:128,0
DA:139,0
DA:142,0
DA:154,0
DA:155,0
DA:156,0
DA:165,0
DA:172,0
DA:175,0
DA:176,0
DA:177,0
DA:178,0
DA:179,0
DA:181,0
DA:191,0
LF:51
LH:0
BRDA:24,0,0,0
BRDA:24,0,1,0
BRDA:43,1,0,0
BRDA:43,1,1,0
BRDA:48,2,0,0
BRDA:48,2,1,0
BRDA:73,3,0,0
BRDA:73,3,1,0
BRDA:91,4,0,0
BRDA:91,4,1,0
BRDA:106,5,0,0
BRDA:106,5,1,0
BRDA:110,6,0,0
BRDA:110,6,1,0
BRDA:111,7,0,0
BRDA:111,7,1,0
BRDA:113,8,0,0
BRDA:113,8,1,0
BRDA:115,9,0,0
BRDA:115,9,1,0
BRDA:120,10,0,0
BRDA:120,10,1,0
BRDA:130,11,0,0
BRDA:130,11,1,0
BRDA:130,11,2,0
BRDA:134,12,0,0
BRDA:134,12,1,0
BRDA:154,13,0,0
BRDA:154,13,1,0
BRDA:158,14,0,0
BRDA:158,14,1,0
BRDA:158,14,2,0
BRDA:175,15,0,0
BRDA:175,15,1,0
BRDA:175,16,0,0
BRDA:175,16,1,0
BRDA:175,16,2,0
BRDA:177,17,0,0
BRDA:177,17,1,0
BRDA:178,18,0,0
BRDA:178,18,1,0
BRDA:179,19,0,0
BRDA:179,19,1,0
BRDA:187,20,0,0
BRDA:187,20,1,0
BRDA:193,21,0,0
BRDA:193,21,1,0
BRDA:194,22,0,0
BRDA:194,22,1,0
BRF:49
BRH:0
end_of_record
TN:
SF:backend/trpc/routes/auth/validate-code.ts
FN:9,validateParentCode
FN:55,(anonymous_1)
FNF:2
FNH:0
FNDA:0,validateParentCode
FNDA:0,(anonymous_1)
DA:10,0
DA:11,0
DA:15,0
DA:16,0
DA:19,0
DA:26,0
DA:27,0
DA:31,0
DA:32,0
DA:36,0
DA:37,0
DA:40,0
DA:48,0
DA:56,0
DA:57,0
DA:59,0
DA:66,0
DA:67,0
LF:18
LH:0
BRDA:10,0,0,0
BRDA:10,0,1,0
BRDA:15,1,0,0
BRDA:15,1,1,0
BRDA:26,2,0,0
BRDA:26,2,1,0
BRDA:26,3,0,0
BRDA:26,3,1,0
BRDA:31,4,0,0
BRDA:31,4,1,0
BRDA:31,5,0,0
BRDA:31,5,1,0
BRDA:36,6,0,0
BRDA:36,6,1,0
BRDA:43,7,0,0
BRDA:43,7,1,0
BRDA:69,8,0,0
BRDA:69,8,1,0
BRF:18
BRH:0
end_of_record
TN:
SF:backend/trpc/routes/example/hi/route.ts
FN:6,(anonymous_0)
FNF:1
FNH:0
FNDA:0,(anonymous_0)
DA:7,0
DA:8,0
LF:2
LH:0
BRDA:7,0,0,0
BRDA:7,0,1,0
BRF:2
BRH:0
end_of_record
TN:
SF:backend/trpc/routes/notifications/get-sync-status.ts
FN:7,(anonymous_0)
FNF:1
FNH:0
FNDA:0,(anonymous_0)
DA:5,0
DA:8,0
DA:9,0
DA:10,0
DA:16,0
LF:5
LH:0
BRDA:8,0,0,0
BRDA:8,0,1,0
BRDA:11,1,0,0
BRDA:11,1,1,0
BRDA:12,2,0,0
BRDA:12,2,1,0
BRF:6
BRH:0
end_of_record
TN:
SF:backend/trpc/routes/notifications/log-device-test.ts
FN:22,(anonymous_0)
FNF:1
FNH:0
FNDA:0,(anonymous_0)
DA:6,0
DA:15,0
DA:23,0
DA:24,0
DA:25,0
DA:28,0
LF:6
LH:0
BRDA:24,0,0,0
BRDA:24,0,1,0
BRF:2
BRH:0
end_of_record
TN:
SF:backend/trpc/routes/notifications/register-device.ts
FN:16,(anonymous_0)
FNF:1
FNH:0
FNDA:0,(anonymous_0)
DA:5,0
DA:17,0
DA:18,0
LF:3
LH:0
BRF:0
BRH:0
end_of_record
TN:
SF:backend/trpc/routes/notifications/send-push.ts
FN:18,(anonymous_0)
FN:56,(anonymous_1)
FN:116,(anonymous_2)
FN:121,(anonymous_3)
FN:134,(anonymous_4)
FN:148,(anonymous_5)
FN:156,(anonymous_6)
FN:176,(anonymous_7)
FN:199,(anonymous_8)
FN:210,(anonymous_9)
FN:229,(anonymous_10)
FNF:11
FNH:0
FNDA:0,(anonymous_0)
FNDA:0,(anonymous_1)
FNDA:0,(anonymous_2)
FNDA:0,(anonymous_3)
FNDA:0,(anonymous_4)
FNDA:0,(anonymous_5)
FNDA:0,(anonymous_6)
FNDA:0,(anonymous_7)
FNDA:0,(anonymous_8)
FNDA:0,(anonymous_9)
FNDA:0,(anonymous_10)
DA:18,0
DA:19,0
DA:20,0
DA:30,0
DA:32,0
DA:33,0
DA:35,0
DA:38,0
DA:39,0
DA:44,0
DA:57,0
DA:60,0
DA:61,0
DA:62,0
DA:68,0
DA:69,0
DA:76,0
DA:87,0
DA:89,0
DA:90,0
DA:96,0
DA:104,0
DA:117,0
DA:120,0
DA:121,0
DA:123,0
DA:124,0
DA:133,0
DA:135,0
DA:144,0
DA:148,0
DA:149,0
DA:151,0
DA:156,0
DA:165,0
DA:177,0
DA:179,0
DA:186,0
DA:190,0
DA:194,0
DA:195,0
DA:198,0
DA:199,0
DA:201,0
DA:202,0
DA:209,0
DA:211,0
DA:225,0
DA:229,0
DA:231,0
LF:50
LH:0
BRDA:32,0,0,0
BRDA:32,0,1,0
BRDA:35,1,0,0
BRDA:35,1,1,0
BRDA:39,2,0,0
BRDA:39,2,1,0
BRDA:61,3,0,0
BRDA:61,3,1,0
BRDA:68,4,0,0
BRDA:68,4,1,0
BRDA:80,5,0,0
BRDA:80,5,1,0
BRDA:81,6,0,0
BRDA:81,6,1,0
BRDA:82,7,0,0
BRDA:82,7,1,0
BRDA:83,8,0,0
BRDA:83,8,1,0
BRDA:89,9,0,0
BRDA:89,9,1,0
BRDA:98,10,0,0
BRDA:98,10,1,0
BRDA:121,11,0,0
BRDA:121,11,1,0
BRDA:123,12,0,0
BRDA:123,12,1,0
BRDA:139,13,0,0
BRDA:139,13,1,0
BRDA:140,14,0,0
BRDA:140,14,1,0
BRDA:141,15,0,0
BRDA:141,15,1,0
BRDA:142,16,0,0
BRDA:142,16,1,0
BRDA:148,17,0,0
BRDA:148,17,1,0
BRDA:158,18,0,0
BRDA:158,18,1,0
BRDA:159,19,0,0
BRDA:159,19,1,0
BRDA:159,20,0,0
BRDA:159,20,1,0
BRDA:159,21,0,0
BRDA:159,21,1,0
BRDA:186,22,0,0
BRDA:186,22,1,0
BRDA:190,23,0,0
BRDA:190,23,1,0
BRDA:191,24,0,0
BRDA:191,24,1,0
BRDA:192,25,0,0
BRDA:192,25,1,0
BRDA:194,26,0,0
BRDA:194,26,1,0
BRDA:195,27,0,0
BRDA:195,27,1,0
BRDA:199,28,0,0
BRDA:199,28,1,0
BRDA:201,29,0,0
BRDA:201,29,1,0
BRDA:222,30,0,0
BRDA:222,30,1,0
BRDA:229,31,0,0
BRDA:229,31,1,0
BRF:64
BRH:0
end_of_record
TN:
SF:backend/trpc/routes/notifications/store.ts
FN:36,(anonymous_0)
FN:56,(anonymous_1)
FN:57,(anonymous_2)
FN:60,(anonymous_3)
FN:64,(anonymous_4)
FNF:5
FNH:0
FNDA:0,(anonymous_0)
FNDA:0,(anonymous_1)
FNDA:0,(anonymous_2)
FNDA:0,(anonymous_3)
FNDA:0,(anonymous_4)
DA:23,0
DA:25,0
DA:36,0
DA:37,0
DA:38,0
DA:40,0
DA:52,0
DA:53,0
DA:56,0
DA:57,0
DA:60,0
DA:61,0
DA:64,0
DA:68,0
DA:69,0
DA:70,0
DA:73,0
DA:74,0
DA:80,0
DA:81,0
LF:20
LH:0
BRDA:44,0,0,0
BRDA:44,0,1,0
BRDA:45,1,0,0
BRDA:45,1,1,0
BRDA:46,2,0,0
BRDA:46,2,1,0
BRDA:49,3,0,0
BRDA:49,3,1,0
BRDA:69,4,0,0
BRDA:69,4,1,0
BRDA:76,5,0,0
BRDA:76,5,1,0
BRF:12
BRH:0
end_of_record
TN:
SF:backend/trpc/routes/sync/alerts.ts
FN:8,(anonymous_0)
FN:12,(anonymous_1)
FN:17,(anonymous_2)
FN:24,(anonymous_3)
FN:28,(anonymous_4)
FN:48,(anonymous_5)
FN:53,(anonymous_6)
FN:81,(anonymous_7)
FN:98,(anonymous_8)
FN:158,(anonymous_9)
FNF:10
FNH:0
FNDA:0,(anonymous_0)
FNDA:0,(anonymous_1)
FNDA:0,(anonymous_2)
FNDA:0,(anonymous_3)
FNDA:0,(anonymous_4)
FNDA:0,(anonymous_5)
FNDA:0,(anonymous_6)
FNDA:0,(anonymous_7)
FNDA:0,(anonymous_8)
FNDA:0,(anonymous_9)
DA:8,0
DA:9,0
DA:12,0
DA:13,0
DA:17,0
DA:18,0
DA:19,0
DA:20,0
DA:24,0
DA:28,0
DA:29,0
DA:30,0
DA:33,0
DA:39,0
DA:40,0
DA:41,0
DA:44,0
DA:48,0
DA:49,0
DA:50,0
DA:53,0
DA:70,0
DA:74,0
DA:75,0
DA:76,0
DA:81,0
DA:82,0
DA:83,0
DA:86,0
DA:95,0
DA:99,0
DA:100,0
DA:102,0
DA:104,0
DA:106,0
DA:108,0
DA:111,0
DA:115,0
DA:118,0
DA:119,0
DA:120,0
DA:122,0
DA:133,0
DA:135,0
DA:144,0
DA:145,0
DA:155,0
DA:159,0
DA:161,0
DA:162,0
DA:165,0
DA:166,0
DA:167,0
DA:172,0
DA:176,0
DA:177,0
DA:178,0
DA:188,0
DA:196,0
DA:197,0
DA:207,0
LF:61
LH:0
BRDA:19,0,0,0
BRDA:19,0,1,0
BRDA:19,1,0,0
BRDA:19,1,1,0
BRDA:19,1,2,0
BRDA:19,1,3,0
BRDA:24,2,0,0
BRDA:24,2,1,0
BRDA:24,3,0,0
BRDA:24,3,1,0
BRDA:29,4,0,0
BRDA:29,4,1,0
BRDA:39,5,0,0
BRDA:39,5,1,0
BRDA:44,6,0,0
BRDA:44,6,1,0
BRDA:49,7,0,0
BRDA:49,7,1,0
BRDA:56,8,0,0
BRDA:56,8,1,0
BRDA:57,9,0,0
BRDA:57,9,1,0
BRDA:58,10,0,0
BRDA:58,10,1,0
BRDA:58,10,2,0
BRDA:59,11,0,0
BRDA:59,11,1,0
BRDA:60,12,0,0
BRDA:60,12,1,0
BRDA:62,13,0,0
BRDA:62,13,1,0
BRDA:62,13,2,0
BRDA:63,14,0,0
BRDA:63,14,1,0
BRDA:64,15,0,0
BRDA:64,15,1,0
BRDA:64,15,2,0
BRDA:65,16,0,0
BRDA:65,16,1,0
BRDA:66,17,0,0
BRDA:66,17,1,0
BRDA:74,18,0,0
BRDA:74,18,1,0
BRDA:82,19,0,0
BRDA:82,19,1,0
BRDA:99,20,0,0
BRDA:106,21,0,0
BRDA:106,21,1,0
BRDA:106,22,0,0
BRDA:106,22,1,0
BRDA:118,23,0,0
BRDA:118,23,1,0
BRDA:147,24,0,0
BRDA:147,24,1,0
BRDA:159,25,0,0
BRDA:166,26,0,0
BRDA:166,26,1,0
BRDA:172,27,0,0
BRDA:172,27,1,0
BRDA:176,28,0,0
BRDA:176,28,1,0
BRF:61
BRH:0
end_of_record
TN:
SF:backend/trpc/routes/sync/chats.ts
FN:9,(anonymous_0)
FN:13,(anonymous_1)
FN:18,(anonymous_2)
FN:56,(anonymous_3)
FN:60,(anonymous_4)
FN:65,(anonymous_5)
FN:73,(anonymous_6)
FN:77,(anonymous_7)
FN:97,(anonymous_8)
FN:103,(anonymous_9)
FN:135,(anonymous_10)
FN:140,(anonymous_11)
FN:164,(anonymous_12)
FN:184,(anonymous_13)
FN:202,(anonymous_14)
FN:212,(anonymous_15)
FN:234,(anonymous_16)
FN:250,(anonymous_17)
FN:281,(anonymous_18)
FN:321,(anonymous_19)
FN:329,(anonymous_20)
FNF:21
FNH:0
FNDA:0,(anonymous_0)
FNDA:0,(anonymous_1)
FNDA:0,(anonymous_2)
FNDA:0,(anonymous_3)
FNDA:0,(anonymous_4)
FNDA:0,(anonymous_5)
FNDA:0,(anonymous_6)
FNDA:0,(anonymous_7)
FNDA:0,(anonymous_8)
FNDA:0,(anonymous_9)
FNDA:0,(anonymous_10)
FNDA:0,(anonymous_11)
FNDA:0,(anonymous_12)
FNDA:0,(anonymous_13)
FNDA:0,(anonymous_14)
FNDA:0,(anonymous_15)
FNDA:0,(anonymous_16)
FNDA:0,(anonymous_17)
FNDA:0,(anonymous_18)
FNDA:0,(anonymous_19)
FNDA:0,(anonymous_20)
DA:9,0
DA:10,0
DA:13,0
DA:14,0
DA:18,0
DA:19,0
DA:21,0
DA:23,0
DA:27,0
DA:28,0
DA:30,0
DA:37,0
DA:44,0
DA:52,0
DA:56,0
DA:57,0
DA:60,0
DA:61,0
DA:65,0
DA:66,0
DA:67,0
DA:68,0
DA:73,0
DA:77,0
DA:78,0
DA:79,0
DA:82,0
DA:88,0
DA:89,0
DA:90,0
DA:93,0
DA:97,0
DA:98,0
DA:99,0
DA:102,0
DA:103,0
DA:117,0
DA:121,0
DA:122,0
DA:123,0
DA:127,0
DA:128,0
DA:129,0
DA:135,0
DA:136,0
DA:137,0
DA:140,0
DA:153,0
DA:157,0
DA:158,0
DA:164,0
DA:165,0
DA:166,0
DA:169,0
DA:175,0
DA:176,0
DA:177,0
DA:180,0
DA:184,0
DA:185,0
DA:186,0
DA:189,0
DA:199,0
DA:203,0
DA:204,0
DA:206,0
DA:208,0
DA:211,0
DA:213,0
DA:214,0
DA:229,0
DA:231,0
DA:234,0
DA:240,0
DA:244,0
DA:247,0
DA:248,0
DA:249,0
DA:251,0
DA:252,0
DA:266,0
DA:268,0
DA:279,0
DA:280,0
DA:282,0
DA:283,0
DA:298,0
DA:307,0
DA:308,0
DA:318,0
DA:322,0
DA:324,0
DA:325,0
DA:328,0
DA:330,0
DA:331,0
DA:347,0
DA:348,0
DA:349,0
DA:354,0
DA:358,0
DA:359,0
DA:360,0
DA:370,0
DA:378,0
DA:379,0
DA:389,0
LF:107
LH:0
BRDA:21,0,0,0
BRDA:21,0,1,0
BRDA:27,1,0,0
BRDA:27,1,1,0
BRDA:27,2,0,0
BRDA:27,2,1,0
BRDA:28,3,0,0
BRDA:28,3,1,0
BRDA:33,4,0,0
BRDA:33,4,1,0
BRDA:33,5,0,0
BRDA:33,5,1,0
BRDA:39,6,0,0
BRDA:39,6,1,0
BRDA:39,7,0,0
BRDA:39,7,1,0
BRDA:46,8,0,0
BRDA:46,8,1,0
BRDA:46,9,0,0
BRDA:46,9,1,0
BRDA:67,10,0,0
BRDA:67,10,1,0
BRDA:67,11,0,0
BRDA:67,11,1,0
BRDA:67,11,2,0
BRDA:67,11,3,0
BRDA:73,12,0,0
BRDA:73,12,1,0
BRDA:73,13,0,0
BRDA:73,13,1,0
BRDA:78,14,0,0
BRDA:78,14,1,0
BRDA:88,15,0,0
BRDA:88,15,1,0
BRDA:93,16,0,0
BRDA:93,16,1,0
BRDA:98,17,0,0
BRDA:98,17,1,0
BRDA:106,18,0,0
BRDA:106,18,1,0
BRDA:106,18,2,0
BRDA:107,19,0,0
BRDA:107,19,1,0
BRDA:108,20,0,0
BRDA:108,20,1,0
BRDA:109,21,0,0
BRDA:109,21,1,0
BRDA:110,22,0,0
BRDA:110,22,1,0
BRDA:110,22,2,0
BRDA:111,23,0,0
BRDA:111,23,1,0
BRDA:111,23,2,0
BRDA:112,24,0,0
BRDA:112,24,1,0
BRDA:112,24,2,0
BRDA:113,25,0,0
BRDA:113,25,1,0
BRDA:113,25,2,0
BRDA:121,26,0,0
BRDA:121,26,1,0
BRDA:128,27,0,0
BRDA:128,27,1,0
BRDA:128,28,0,0
BRDA:128,28,1,0
BRDA:128,28,2,0
BRDA:136,29,0,0
BRDA:136,29,1,0
BRDA:144,30,0,0
BRDA:144,30,1,0
BRDA:145,31,0,0
BRDA:145,31,1,0
BRDA:145,31,2,0
BRDA:146,32,0,0
BRDA:146,32,1,0
BRDA:147,33,0,0
BRDA:147,33,1,0
BRDA:147,33,2,0
BRDA:148,34,0,0
BRDA:148,34,1,0
BRDA:148,34,2,0
BRDA:149,35,0,0
BRDA:149,35,1,0
BRDA:149,35,2,0
BRDA:150,36,0,0
BRDA:150,36,1,0
BRDA:150,36,2,0
BRDA:157,37,0,0
BRDA:157,37,1,0
BRDA:165,38,0,0
BRDA:165,38,1,0
BRDA:175,39,0,0
BRDA:175,39,1,0
BRDA:180,40,0,0
BRDA:180,40,1,0
BRDA:185,41,0,0
BRDA:185,41,1,0
BRDA:203,42,0,0
BRDA:229,43,0,0
BRDA:229,43,1,0
BRDA:229,44,0,0
BRDA:229,44,1,0
BRDA:236,45,0,0
BRDA:236,45,1,0
BRDA:247,46,0,0
BRDA:247,46,1,0
BRDA:310,47,0,0
BRDA:310,47,1,0
BRDA:322,48,0,0
BRDA:348,49,0,0
BRDA:348,49,1,0
BRDA:354,50,0,0
BRDA:354,50,1,0
BRDA:358,51,0,0
BRDA:358,51,1,0
BRF:115
BRH:0
end_of_record
TN:
SF:backend/trpc/routes/sync/settings.ts
FN:8,(anonymous_0)
FN:22,(anonymous_1)
FN:46,(anonymous_2)
FN:69,(anonymous_3)
FN:91,(anonymous_4)
FN:134,(anonymous_5)
FNF:6
FNH:0
FNDA:0,(anonymous_0)
FNDA:0,(anonymous_1)
FNDA:0,(anonymous_2)
FNDA:0,(anonymous_3)
FNDA:0,(anonymous_4)
FNDA:0,(anonymous_5)
DA:8,0
DA:9,0
DA:10,0
DA:13,0
DA:14,0
DA:18,0
DA:22,0
DA:23,0
DA:24,0
DA:27,0
DA:33,0
DA:34,0
DA:36,0
DA:38,0
DA:39,0
DA:42,0
DA:46,0
DA:47,0
DA:48,0
DA:51,0
DA:53,0
DA:62,0
DA:63,0
DA:64,0
DA:69,0
DA:70,0
DA:71,0
DA:74,0
DA:83,0
DA:92,0
DA:93,0
DA:95,0
DA:97,0
DA:99,0
DA:102,0
DA:103,0
DA:104,0
DA:107,0
DA:111,0
DA:113,0
DA:120,0
DA:121,0
DA:131,0
DA:135,0
DA:136,0
DA:138,0
DA:139,0
DA:142,0
DA:143,0
DA:144,0
DA:150,0
DA:151,0
DA:155,0
DA:161,0
DA:162,0
DA:170,0
LF:56
LH:0
BRDA:9,0,0,0
BRDA:9,0,1,0
BRDA:10,1,0,0
BRDA:10,1,1,0
BRDA:13,2,0,0
BRDA:13,2,1,0
BRDA:13,3,0,0
BRDA:13,3,1,0
BRDA:14,4,0,0
BRDA:14,4,1,0
BRDA:23,5,0,0
BRDA:23,5,1,0
BRDA:33,6,0,0
BRDA:33,6,1,0
BRDA:34,7,0,0
BRDA:34,7,1,0
BRDA:42,8,0,0
BRDA:42,8,1,0
BRDA:47,9,0,0
BRDA:47,9,1,0
BRDA:62,10,0,0
BRDA:62,10,1,0
BRDA:70,11,0,0
BRDA:70,11,1,0
BRDA:92,12,0,0
BRDA:99,13,0,0
BRDA:99,13,1,0
BRDA:102,14,0,0
BRDA:102,14,1,0
BRDA:123,15,0,0
BRDA:123,15,1,0
BRDA:143,16,0,0
BRDA:143,16,1,0
BRDA:150,17,0,0
BRDA:150,17,1,0
BRDA:156,18,0,0
BRDA:156,18,1,0
BRF:37
BRH:0
end_of_record
TN:
SF:backend/trpc/routes/test/db-check.ts
FN:8,(anonymous_0)
FNF:1
FNH:0
FNDA:0,(anonymous_0)
DA:8,0
DA:9,0
DA:10,0
DA:12,0
DA:13,0
DA:24,0
DA:25,0
DA:33,0
DA:38,0
DA:39,0
DA:48,0
DA:52,0
DA:58,0
DA:59,0
DA:67,0
DA:68,0
DA:70,0
DA:71,0
DA:77,0
DA:78,0
DA:79,0
DA:80,0
DA:82,0
DA:85,0
DA:88,0
DA:92,0
DA:105,0
DA:106,0
DA:108,0
LF:29
LH:0
BRDA:12,0,0,0
BRDA:12,0,1,0
BRDA:12,1,0,0
BRDA:12,1,1,0
BRDA:24,2,0,0
BRDA:24,2,1,0
BRDA:38,3,0,0
BRDA:38,3,1,0
BRDA:52,4,0,0
BRDA:52,4,1,0
BRDA:52,4,2,0
BRDA:52,4,3,0
BRDA:58,5,0,0
BRDA:58,5,1,0
BRDA:77,6,0,0
BRDA:77,6,1,0
BRDA:78,7,0,0
BRDA:78,7,1,0
BRDA:78,8,0,0
BRDA:78,8,1,0
BRDA:88,9,0,0
BRDA:88,9,1,0
BRDA:98,10,0,0
BRDA:98,10,1,0
BRDA:100,11,0,0
BRDA:100,11,1,0
BRDA:105,12,0,0
BRDA:105,12,1,0
BRDA:106,13,0,0
BRDA:106,13,1,0
BRF:30
BRH:0
end_of_record
TN:
SF:backend/utils/security.ts
FN:8,sanitizeString
FN:29,sanitizeDeviceId
FN:47,sanitizeJSON
FN:65,deepSanitize
FN:84,(anonymous_4)
FN:105,validateTimestamp
FN:124,validateArrayLength
FN:139,containsXSS
FN:154,(anonymous_8)
FN:160,sanitizeEmail
FN:178,sanitizePhone
FNF:11
FNH:0
FNDA:0,sanitizeString
FNDA:0,sanitizeDeviceId
FNDA:0,sanitizeJSON
FNDA:0,deepSanitize
FNDA:0,(anonymous_4)
FNDA:0,validateTimestamp
FNDA:0,validateArrayLength
FNDA:0,containsXSS
FNDA:0,(anonymous_8)
FNDA:0,sanitizeEmail
FNDA:0,sanitizePhone
DA:9,0
DA:10,0
DA:14,0
DA:17,0
DA:21,0
DA:23,0
DA:30,0
DA:31,0
DA:35,0
DA:37,0
DA:38,0
DA:41,0
DA:48,0
DA:49,0
DA:53,0
DA:54,0
DA:55,0
DA:59,0
DA:66,0
DA:68,0
DA:71,0
DA:72,0
DA:75,0
DA:76,0
DA:79,0
DA:80,0
DA:83,0
DA:84,0
DA:87,0
DA:88,0
DA:89,0
DA:91,0
DA:92,0
DA:93,0
DA:96,0
DA:99,0
DA:106,0
DA:107,0
DA:111,0
DA:112,0
DA:114,0
DA:115,0
DA:118,0
DA:125,0
DA:126,0
DA:129,0
DA:130,0
DA:133,0
DA:140,0
DA:141,0
DA:145,0
DA:154,0
DA:161,0
DA:162,0
DA:165,0
DA:166,0
DA:168,0
DA:169,0
DA:172,0
DA:179,0
DA:180,0
DA:184,0
DA:187,0
DA:188,0
DA:191,0
LF:65
LH:0
BRDA:8,0,0,0
BRDA:9,1,0,0
BRDA:9,1,1,0
BRDA:9,2,0,0
BRDA:9,2,1,0
BRDA:30,3,0,0
BRDA:30,3,1,0
BRDA:30,4,0,0
BRDA:30,4,1,0
BRDA:37,5,0,0
BRDA:37,5,1,0
BRDA:37,6,0,0
BRDA:37,6,1,0
BRDA:47,7,0,0
BRDA:48,8,0,0
BRDA:48,8,1,0
BRDA:54,9,0,0
BRDA:54,9,1,0
BRDA:65,10,0,0
BRDA:66,11,0,0
BRDA:66,11,1,0
BRDA:71,12,0,0
BRDA:71,12,1,0
BRDA:71,13,0,0
BRDA:71,13,1,0
BRDA:75,14,0,0
BRDA:75,14,1,0
BRDA:79,15,0,0
BRDA:79,15,1,0
BRDA:79,16,0,0
BRDA:79,16,1,0
BRDA:83,17,0,0
BRDA:83,17,1,0
BRDA:87,18,0,0
BRDA:87,18,1,0
BRDA:92,19,0,0
BRDA:92,19,1,0
BRDA:106,20,0,0
BRDA:106,20,1,0
BRDA:106,21,0,0
BRDA:106,21,1,0
BRDA:114,22,0,0
BRDA:114,22,1,0
BRDA:114,23,0,0
BRDA:114,23,1,0
BRDA:124,24,0,0
BRDA:125,25,0,0
BRDA:125,25,1,0
BRDA:129,26,0,0
BRDA:129,26,1,0
BRDA:140,27,0,0
BRDA:140,27,1,0
BRDA:140,28,0,0
BRDA:140,28,1,0
BRDA:161,29,0,0
BRDA:161,29,1,0
BRDA:161,30,0,0
BRDA:161,30,1,0
BRDA:168,31,0,0
BRDA:168,31,1,0
BRDA:168,32,0,0
BRDA:168,32,1,0
BRDA:179,33,0,0
BRDA:179,33,1,0
BRDA:179,34,0,0
BRDA:179,34,1,0
BRDA:187,35,0,0
BRDA:187,35,1,0
BRDA:187,36,0,0
BRDA:187,36,1,0
BRDA:187,36,2,0
BRF:71
BRH:0
end_of_record
TN:
SF:backend/utils/supabase.ts
FNF:0
FNH:0
DA:3,0
DA:5,0
DA:9,0
LF:3
LH:0
BRDA:3,0,0,0
BRDA:3,0,1,0
BRDA:5,1,0,0
BRDA:5,1,1,0
BRDA:5,1,2,0
BRDA:9,2,0,0
BRDA:9,2,1,0
BRDA:9,3,0,0
BRDA:9,3,1,0
BRF:9
BRH:0
end_of_record
TN:
SF:backend/utils/syncHelpers.ts
FN:3,getDeltaChats
FN:7,(anonymous_1)
FN:13,getDeltaAlerts
FN:17,(anonymous_3)
FNF:4
FNH:0
FNDA:0,getDeltaChats
FNDA:0,(anonymous_1)
FNDA:0,getDeltaAlerts
FNDA:0,(anonymous_3)
DA:7,0
DA:8,0
DA:9,0
DA:17,0
DA:18,0
DA:19,0
LF:6
LH:0
BRDA:8,0,0,0
BRDA:8,0,1,0
BRDA:8,0,2,0
BRDA:18,1,0,0
BRDA:18,1,1,0
BRDA:18,1,2,0
BRF:6
BRH:0
end_of_record
TN:
SF:backend/utils/validationSchemas.ts
FN:16,(anonymous_0)
FN:19,(anonymous_1)
FN:27,(anonymous_2)
FN:35,(anonymous_3)
FN:42,(anonymous_4)
FNF:5
FNH:0
FNDA:0,(anonymous_0)
FNDA:0,(anonymous_1)
FNDA:0,(anonymous_2)
FNDA:0,(anonymous_3)
FNDA:0,(anonymous_4)
DA:12,0
DA:16,0
DA:19,0
DA:24,0
DA:27,0
DA:32,0
DA:35,0
DA:40,0
DA:42,0
DA:47,0
DA:62,0
DA:75,0
DA:93,0
DA:109,0
DA:118,0
DA:126,0
DA:135,0
DA:143,0
DA:152,0
LF:19
LH:0
BRF:0
BRH:0
end_of_record
TN:
SF:components/ActivationTracker.tsx
FN:10,ActivationTracker
FN:13,(anonymous_1)
FN:18,(anonymous_2)
FNF:3
FNH:0
FNDA:0,ActivationTracker
FNDA:0,(anonymous_1)
FNDA:0,(anonymous_2)
DA:11,0
DA:13,0
DA:14,0
DA:15,0
DA:18,0
DA:19,0
DA:20,0
DA:21,0
DA:22,0
DA:25,0
DA:26,0
DA:29,0
DA:30,0
DA:31,0
DA:34,0
DA:37,0
DA:38,0
DA:39,0
DA:42,0
DA:46,0
DA:49,0
LF:21
LH:0
BRDA:14,0,0,0
BRDA:14,0,1,0
BRDA:25,1,0,0
BRDA:25,1,1,0
BRDA:30,2,0,0
BRDA:30,2,1,0
BRDA:30,3,0,0
BRDA:30,3,1,0
BRDA:38,4,0,0
BRDA:38,4,1,0
BRF:10
BRH:0
end_of_record
TN:
SF:components/BackgroundEffects.tsx
FN:16,(anonymous_0)
FN:23,(anonymous_1)
FN:86,(anonymous_2)
FN:153,(anonymous_3)
FNF:4
FNH:0
FNDA:0,(anonymous_0)
FNDA:0,(anonymous_1)
FNDA:0,(anonymous_2)
FNDA:0,(anonymous_3)
DA:16,0
DA:21,0
DA:23,0
DA:24,0
DA:26,0
DA:28,0
DA:30,0
DA:32,0
DA:36,0
DA:38,0
DA:86,0
DA:91,0
DA:93,0
DA:117,0
DA:153,0
DA:157,0
DA:159,0
DA:193,0
LF:18
LH:0
BRDA:19,0,0,0
BRDA:24,1,0,0
BRDA:24,1,1,0
BRDA:24,1,2,0
BRDA:24,1,3,0
BRDA:89,2,0,0
BRF:6
BRH:0
end_of_record
TN:
SF:components/ChatBackgroundPicker.tsx
FN:18,ChatBackgroundPicker
FN:23,(anonymous_1)
FN:35,(anonymous_2)
FN:39,(anonymous_3)
FN:58,(anonymous_4)
FNF:5
FNH:0
FNDA:0,ChatBackgroundPicker
FNDA:0,(anonymous_1)
FNDA:0,(anonymous_2)
FNDA:0,(anonymous_3)
FNDA:0,(anonymous_4)
DA:19,0
DA:20,0
DA:21,0
DA:23,0
DA:24,0
DA:25,0
DA:26,0
DA:29,0
DA:31,0
DA:36,0
DA:39,0
DA:58,1
LF:12
LH:1
BRDA:18,0,0,0
BRDA:29,1,0,0
BRDA:29,1,1,0
BRDA:44,2,0,0
BRDA:44,2,1,0
BRDA:45,3,0,0
BRDA:45,3,1,0
BRDA:46,4,0,0
BRDA:46,4,1,0
BRF:9
BRH:0
end_of_record
TN:
SF:components/CustomEmoji.tsx
FN:29,CustomEmoji
FN:30,(anonymous_1)
FNF:2
FNH:0
FNDA:0,CustomEmoji
FNDA:0,(anonymous_1)
DA:30,0
DA:31,0
DA:33,0
DA:42,0
DA:49,0
DA:56,0
DA:60,0
DA:61,0
DA:72,0
DA:79,0
LF:10
LH:0
BRDA:29,0,0,0
BRDA:31,1,0,0
BRDA:31,1,1,0
BRDA:31,1,2,0
BRDA:31,1,3,0
BRDA:60,2,0,0
BRDA:60,2,1,0
BRF:7
BRH:0
end_of_record
TN:
SF:components/CustomEmojiCreator.tsx
FN:40,CustomEmojiCreator
FN:46,(anonymous_1)
FN:54,(anonymous_2)
FN:79,(anonymous_3)
FN:97,(anonymous_4)
FN:97,(anonymous_5)
FN:202,(anonymous_6)
FN:219,(anonymous_7)
FN:235,(anonymous_8)
FN:265,createStyles
FNF:10
FNH:0
FNDA:0,CustomEmojiCreator
FNDA:0,(anonymous_1)
FNDA:0,(anonymous_2)
FNDA:0,(anonymous_3)
FNDA:0,(anonymous_4)
FNDA:0,(anonymous_5)
FNDA:0,(anonymous_6)
FNDA:0,(anonymous_7)
FNDA:0,(anonymous_8)
FNDA:0,createStyles
DA:45,0
DA:46,0
DA:48,0
DA:49,0
DA:50,0
DA:51,0
DA:52,0
DA:54,0
DA:55,0
DA:56,0
DA:57,0
DA:58,0
DA:59,0
DA:62,0
DA:69,0
DA:70,0
DA:71,0
DA:74,0
DA:75,0
DA:79,0
DA:80,0
DA:81,0
DA:82,0
DA:85,0
DA:86,0
DA:87,0
DA:90,0
DA:91,0
DA:97,0
DA:100,0
DA:102,0
DA:103,0
DA:106,0
DA:107,0
DA:108,0
DA:109,0
DA:111,0
DA:112,0
DA:114,0
DA:115,0
DA:119,0
DA:202,0
DA:219,0
DA:235,0
DA:266,0
LF:45
LH:0
BRDA:57,0,0,0
BRDA:57,0,1,0
BRDA:69,1,0,0
BRDA:69,1,1,0
BRDA:69,2,0,0
BRDA:69,2,1,0
BRDA:80,3,0,0
BRDA:80,3,1,0
BRDA:85,4,0,0
BRDA:85,4,1,0
BRDA:85,5,0,0
BRDA:85,5,1,0
BRDA:95,6,0,0
BRDA:95,6,1,0
BRDA:96,7,0,0
BRDA:96,7,1,0
BRDA:138,8,0,0
BRDA:138,8,1,0
BRDA:181,9,0,0
BRDA:181,9,1,0
BRDA:188,10,0,0
BRDA:188,10,1,0
BRDA:200,11,0,0
BRDA:200,11,1,0
BRDA:204,12,0,0
BRDA:204,12,1,0
BRDA:208,13,0,0
BRDA:208,13,1,0
BRDA:217,14,0,0
BRDA:217,14,1,0
BRDA:224,15,0,0
BRDA:224,15,1,0
BRDA:233,16,0,0
BRDA:233,16,1,0
BRDA:240,17,0,0
BRDA:240,17,1,0
BRDA:251,18,0,0
BRDA:251,18,1,0
BRF:38
BRH:0
end_of_record
TN:
SF:components/DepthContainer.tsx
FN:23,(anonymous_0)
FN:63,(anonymous_1)
FN:78,(anonymous_2)
FN:93,(anonymous_3)
FN:110,(anonymous_4)
FNF:5
FNH:0
FNDA:0,(anonymous_0)
FNDA:0,(anonymous_1)
FNDA:0,(anonymous_2)
FNDA:0,(anonymous_3)
FNDA:0,(anonymous_4)
DA:23,0
DA:33,0
DA:34,0
DA:41,0
DA:42,0
DA:49,0
DA:63,0
DA:64,0
DA:66,0
DA:78,0
DA:79,0
DA:93,0
DA:96,0
DA:110,0
DA:111,0
LF:15
LH:0
BRDA:26,0,0,0
BRDA:27,1,0,0
BRDA:28,2,0,0
BRDA:29,3,0,0
BRDA:30,4,0,0
BRDA:31,5,0,0
BRDA:33,6,0,0
BRDA:33,6,1,0
BRDA:41,7,0,0
BRDA:41,7,1,0
BRDA:51,8,0,0
BRDA:51,8,1,0
BRDA:52,9,0,0
BRDA:52,9,1,0
BRDA:53,10,0,0
BRDA:53,10,1,0
BRDA:54,11,0,0
BRDA:54,11,1,0
BRF:18
BRH:0
end_of_record
TN:
SF:components/EmojiPicker.tsx
FN:67,EmojiPicker
FN:71,(anonymous_1)
FN:74,(anonymous_2)
FN:83,(anonymous_3)
FN:84,(anonymous_4)
FN:92,(anonymous_5)
FN:95,(anonymous_6)
FN:100,(anonymous_7)
FN:103,(anonymous_8)
FN:150,(anonymous_9)
FN:157,(anonymous_10)
FN:169,(anonymous_11)
FN:180,createStyles
FNF:13
FNH:0
FNDA:0,EmojiPicker
FNDA:0,(anonymous_1)
FNDA:0,(anonymous_2)
FNDA:0,(anonymous_3)
FNDA:0,(anonymous_4)
FNDA:0,(anonymous_5)
FNDA:0,(anonymous_6)
FNDA:0,(anonymous_7)
FNDA:0,(anonymous_8)
FNDA:0,(anonymous_9)
FNDA:0,(anonymous_10)
FNDA:0,(anonymous_11)
FNDA:0,createStyles
DA:26,1
DA:68,0
DA:69,0
DA:70,0
DA:71,0
DA:74,0
DA:75,0
DA:76,0
DA:80,0
DA:81,0
DA:83,0
DA:84,0
DA:85,0
DA:86,0
DA:92,0
DA:95,0
DA:96,0
DA:100,0
DA:101,0
DA:103,0
DA:110,0
DA:151,0
DA:157,0
DA:169,0
DA:181,0
LF:25
LH:1
BRDA:75,0,0,0
BRDA:75,0,1,0
BRDA:85,1,0,0
BRDA:85,1,1,0
BRDA:143,2,0,0
BRDA:143,2,1,0
BRDA:155,3,0,0
BRDA:155,3,1,0
BRF:8
BRH:0
end_of_record
TN:
SF:components/EmojiRenderer.tsx
FN:21,EmojiRenderer
FN:24,(anonymous_1)
FN:29,(anonymous_2)
FN:35,(anonymous_3)
FN:85,(anonymous_4)
FNF:5
FNH:0
FNDA:0,EmojiRenderer
FNDA:0,(anonymous_1)
FNDA:0,(anonymous_2)
FNDA:0,(anonymous_3)
FNDA:0,(anonymous_4)
DA:22,0
DA:24,0
DA:25,0
DA:29,0
DA:34,0
DA:35,0
DA:38,0
DA:39,0
DA:42,0
DA:44,0
DA:45,0
DA:52,0
DA:53,0
DA:55,0
DA:56,0
DA:63,0
DA:69,0
DA:73,0
DA:74,0
DA:80,0
DA:83,0
DA:86,0
DA:87,0
DA:95,0
LF:24
LH:0
BRDA:21,0,0,0
BRDA:44,1,0,0
BRDA:44,1,1,0
BRDA:55,2,0,0
BRDA:55,2,1,0
BRDA:73,3,0,0
BRDA:73,3,1,0
BRDA:80,4,0,0
BRDA:80,4,1,0
BRDA:86,5,0,0
BRDA:86,5,1,0
BRDA:86,6,0,0
BRDA:86,6,1,0
BRF:13
BRH:0
end_of_record
TN:
SF:components/OnlineStatus.tsx
FN:17,OnlineStatus
FN:22,(anonymous_1)
FN:28,(anonymous_2)
FN:32,(anonymous_3)
FNF:4
FNH:0
FNDA:0,OnlineStatus
FNDA:0,(anonymous_1)
FNDA:0,(anonymous_2)
FNDA:0,(anonymous_3)
DA:18,0
DA:19,0
DA:20,0
DA:22,0
DA:25,0
DA:28,0
DA:29,0
DA:32,0
DA:35,0
DA:41,0
DA:43,0
DA:64,0
LF:12
LH:0
BRDA:17,0,0,0
BRDA:17,1,0,0
BRDA:53,2,0,0
BRDA:53,2,1,0
BRDA:55,3,0,0
BRDA:55,3,1,0
BRDA:67,4,0,0
BRDA:67,4,1,0
BRDA:69,5,0,0
BRDA:69,5,1,0
BRF:10
BRH:0
end_of_record
TN:
SF:components/PayPalButton.tsx
FN:15,PayPalButton
FN:23,(anonymous_1)
FN:89,QuickDonateButton
FN:100,(anonymous_3)
FN:104,(anonymous_4)
FNF:5
FNH:0
FNDA:0,PayPalButton
FNDA:0,(anonymous_1)
FNDA:0,QuickDonateButton
FNDA:0,(anonymous_3)
FNDA:0,(anonymous_4)
DA:6,0
DA:21,0
DA:23,0
DA:24,0
DA:26,0
DA:28,0
DA:30,0
DA:31,0
DA:34,0
DA:35,0
DA:37,0
DA:41,0
DA:43,0
DA:44,0
DA:49,0
DA:59,0
DA:67,0
DA:90,0
DA:92,0
DA:94,0
DA:101,0
DA:105,0
DA:106,0
DA:107,0
DA:108,0
DA:109,0
DA:110,0
DA:111,0
DA:114,0
DA:115,0
DA:116,0
DA:132,0
LF:32
LH:0
BRDA:17,0,0,0
BRDA:18,1,0,0
BRDA:19,2,0,0
BRDA:24,3,0,0
BRDA:24,3,1,0
BRDA:30,4,0,0
BRDA:30,4,1,0
BRDA:34,5,0,0
BRDA:34,5,1,0
BRDA:34,6,0,0
BRDA:34,6,1,0
BRDA:43,7,0,0
BRDA:43,7,1,0
BRDA:43,8,0,0
BRDA:43,8,1,0
BRDA:54,9,0,0
BRDA:54,9,1,0
BRDA:54,10,0,0
BRDA:54,10,1,0
BRDA:55,11,0,0
BRDA:55,11,1,0
BRDA:63,12,0,0
BRDA:63,12,1,0
BRDA:76,13,0,0
BRDA:76,13,1,0
BRDA:76,14,0,0
BRDA:76,14,1,0
BRDA:76,15,0,0
BRDA:76,15,1,0
BRDA:78,16,0,0
BRDA:78,16,1,0
BRDA:108,17,0,0
BRDA:108,17,1,0
BRDA:110,18,0,0
BRDA:110,18,1,0
BRDA:110,19,0,0
BRDA:110,19,1,0
BRDA:115,20,0,0
BRDA:115,20,1,0
BRDA:115,21,0,0
BRDA:115,21,1,0
BRF:41
BRH:0
end_of_record
TN:
SF:components/StatusCreator.tsx
FN:30,StatusCreator
FN:38,(anonymous_1)
FN:51,(anonymous_2)
FN:72,(anonymous_3)
FN:92,(anonymous_4)
FN:114,(anonymous_5)
FN:124,(anonymous_6)
FN:181,(anonymous_7)
FN:205,(anonymous_8)
FNF:9
FNH:0
FNDA:0,StatusCreator
FNDA:0,(anonymous_1)
FNDA:0,(anonymous_2)
FNDA:0,(anonymous_3)
FNDA:0,(anonymous_4)
FNDA:0,(anonymous_5)
FNDA:0,(anonymous_6)
FNDA:0,(anonymous_7)
FNDA:0,(anonymous_8)
DA:31,0
DA:32,0
DA:33,0
DA:34,0
DA:36,0
DA:38,0
DA:39,0
DA:40,0
DA:41,0
DA:43,0
DA:44,0
DA:45,0
DA:48,0
DA:51,0
DA:52,0
DA:53,0
DA:55,0
DA:56,0
DA:63,0
DA:64,0
DA:67,0
DA:68,0
DA:72,0
DA:73,0
DA:74,0
DA:76,0
DA:77,0
DA:83,0
DA:84,0
DA:87,0
DA:88,0
DA:92,0
DA:93,0
DA:94,0
DA:96,0
DA:97,0
DA:105,0
DA:106,0
DA:109,0
DA:110,0
DA:114,0
DA:115,0
DA:116,0
DA:117,0
DA:120,0
DA:121,0
DA:124,0
DA:126,0
DA:132,0
DA:134,0
DA:135,0
DA:137,0
DA:141,0
DA:181,0
DA:205,0
LF:55
LH:0
BRDA:39,0,0,0
BRDA:39,0,1,0
BRDA:43,1,0,0
BRDA:43,1,1,0
BRDA:43,2,0,0
BRDA:43,2,1,0
BRDA:53,3,0,0
BRDA:53,3,1,0
BRDA:63,4,0,0
BRDA:63,4,1,0
BRDA:63,5,0,0
BRDA:63,5,1,0
BRDA:74,6,0,0
BRDA:74,6,1,0
BRDA:83,7,0,0
BRDA:83,7,1,0
BRDA:83,8,0,0
BRDA:83,8,1,0
BRDA:94,9,0,0
BRDA:94,9,1,0
BRDA:105,10,0,0
BRDA:105,10,1,0
BRDA:105,11,0,0
BRDA:105,11,1,0
BRDA:115,12,0,0
BRDA:115,12,1,0
BRDA:129,13,0,0
BRDA:129,13,1,0
BRDA:148,14,0,0
BRDA:148,14,1,0
BRDA:149,15,0,0
BRDA:149,15,1,0
BRDA:150,16,0,0
BRDA:150,16,1,0
BRDA:152,17,0,0
BRDA:152,17,1,0
BRDA:159,18,0,0
BRDA:159,18,1,0
BRDA:161,19,0,0
BRDA:161,19,1,0
BRDA:188,20,0,0
BRDA:188,20,1,0
BRDA:192,21,0,0
BRDA:192,21,1,0
BRDA:196,22,0,0
BRDA:196,22,1,0
BRDA:226,23,0,0
BRDA:226,23,1,0
BRDA:280,24,0,0
BRDA:280,24,1,0
BRF:50
BRH:0
end_of_record
TN:
SF:components/StatusViewer.tsx
FN:35,StatusViewer
FN:47,(anonymous_1)
FN:88,(anonymous_2)
FN:115,(anonymous_3)
FN:130,(anonymous_4)
FNF:5
FNH:0
FNDA:0,StatusViewer
FNDA:0,(anonymous_1)
FNDA:0,(anonymous_2)
FNDA:0,(anonymous_3)
FNDA:0,(anonymous_4)
DA:36,0
DA:37,0
DA:38,0
DA:39,0
DA:41,0
DA:43,0
DA:44,0
DA:47,0
DA:48,0
DA:49,0
DA:50,0
DA:52,0
DA:54,0
DA:58,0
DA:88,0
DA:116,0
DA:130,1
LF:17
LH:1
BRDA:43,0,0,0
BRDA:43,0,1,0
BRDA:48,1,0,0
BRDA:48,1,1,0
BRDA:48,2,0,0
BRDA:48,2,1,0
BRDA:49,3,0,0
BRDA:49,3,1,0
BRDA:63,4,0,0
BRDA:63,4,1,0
BRDA:83,5,0,0
BRDA:83,5,1,0
BRDA:96,6,0,0
BRDA:96,6,1,0
BRDA:102,7,0,0
BRDA:102,7,1,0
BRDA:118,8,0,0
BRDA:118,8,1,0
BRDA:140,9,0,0
BRDA:140,9,1,0
BRDA:209,10,0,0
BRDA:209,10,1,0
BRF:22
BRH:0
end_of_record
TN:
SF:components/SyncStatusIndicator.tsx
FN:17,SyncStatusIndicator
FN:26,(anonymous_1)
FN:76,(anonymous_2)
FNF:3
FNH:0
FNDA:0,SyncStatusIndicator
FNDA:0,(anonymous_1)
FNDA:0,(anonymous_2)
DA:18,0
DA:19,0
DA:20,0
DA:21,0
DA:23,0
DA:24,0
DA:26,0
DA:27,0
DA:28,0
DA:29,0
DA:30,0
DA:31,0
DA:32,0
DA:34,0
DA:35,0
DA:36,0
DA:37,0
DA:40,0
DA:41,0
DA:54,0
DA:76,0
LF:21
LH:0
BRDA:17,0,0,0
BRDA:23,1,0,0
BRDA:23,1,1,0
BRDA:24,2,0,0
BRDA:24,2,1,0
BRDA:27,3,0,0
BRDA:27,3,1,0
BRDA:34,4,0,0
BRDA:34,4,1,0
BRDA:35,5,0,0
BRDA:35,5,1,0
BRDA:36,6,0,0
BRDA:36,6,1,0
BRDA:40,7,0,0
BRDA:40,7,1,0
BRDA:43,8,0,0
BRDA:43,8,1,0
BRDA:45,9,0,0
BRDA:45,9,1,0
BRDA:56,10,0,0
BRDA:56,10,1,0
BRDA:61,11,0,0
BRDA:61,11,1,0
BRF:23
BRH:0
end_of_record
TN:
SF:components/ThemeModeToggle.tsx
FN:13,ThemeModeToggle
FN:20,(anonymous_1)
FNF:2
FNH:0
FNDA:0,ThemeModeToggle
FNDA:0,(anonymous_1)
DA:14,0
DA:15,0
DA:16,0
DA:18,0
DA:21,0
DA:22,0
DA:46,1
LF:7
LH:1
BRDA:13,0,0,0
BRDA:13,1,0,0
BRDA:16,2,0,0
BRDA:16,2,1,0
BRDA:16,3,0,0
BRDA:16,3,1,0
BRDA:16,4,0,0
BRDA:16,4,1,0
BRDA:26,5,0,0
BRDA:26,5,1,0
BRDA:36,6,0,0
BRDA:36,6,1,0
BRDA:37,7,0,0
BRDA:37,7,1,0
BRDA:39,8,0,0
BRDA:39,8,1,0
BRF:16
BRH:0
end_of_record
TN:
SF:components/Typography.tsx
FN:20,(anonymous_0)
FN:41,(anonymous_1)
FN:45,(anonymous_2)
FN:49,(anonymous_3)
FN:53,(anonymous_4)
FN:60,(anonymous_5)
FN:64,(anonymous_6)
FN:71,(anonymous_7)
FN:75,(anonymous_8)
FN:82,(anonymous_9)
FN:86,(anonymous_10)
FN:90,(anonymous_11)
FN:97,(anonymous_12)
FN:102,(anonymous_13)
FN:110,(anonymous_14)
FN:114,(anonymous_15)
FN:118,(anonymous_16)
FNF:17
FNH:0
FNDA:0,(anonymous_0)
FNDA:0,(anonymous_1)
FNDA:0,(anonymous_2)
FNDA:0,(anonymous_3)
FNDA:0,(anonymous_4)
FNDA:0,(anonymous_5)
FNDA:0,(anonymous_6)
FNDA:0,(anonymous_7)
FNDA:0,(anonymous_8)
FNDA:0,(anonymous_9)
FNDA:0,(anonymous_10)
FNDA:0,(anonymous_11)
FNDA:0,(anonymous_12)
[...]
FN:72,(anonymous_1)
FN:73,(anonymous_2)
FNF:3
FNH:0
FNDA:0,initializeTestCustomEmojis
FNDA:0,(anonymous_1)
FNDA:0,(anonymous_2)
DA:13,0
DA:68,0
DA:69,0
DA:72,0
DA:73,0
DA:76,0
DA:77,0
DA:80,0
DA:81,0
DA:82,0
DA:83,0
DA:85,0
DA:89,0
DA:91,0
DA:94,0
LF:15
LH:0
BRDA:76,0,0,0
BRDA:76,0,1,0
BRF:2
BRH:0
end_of_record
TN:
SF:utils/integratePurchasedEmojis.ts
FN:15,integratePurchasedEmojis
FN:89,integrateEmojisFromConfig
FN:108,initializePurchasedEmojis
FNF:3
FNH:0
FNDA:0,integratePurchasedEmojis
FNDA:0,integrateEmojisFromConfig
FNDA:0,initializePurchasedEmojis
DA:16,0
DA:52,0
DA:53,0
DA:55,0
DA:56,0
DA:57,0
DA:58,0
DA:59,0
DA:61,0
DA:62,0
DA:66,0
DA:67,0
DA:68,0
DA:69,0
DA:71,0
DA:90,0
DA:92,0
DA:94,0
DA:95,0
DA:98,0
DA:100,0
DA:101,0
DA:112,0
DA:113,0
DA:114,0
DA:115,0
DA:118,0
LF:27
LH:0
BRDA:94,0,0,0
BRDA:94,0,1,0
BRDA:114,1,0,0
BRDA:114,1,1,0
BRF:4
BRH:0
end_of_record
TN:
SF:utils/kpiExport.ts
FN:48,generateKPIReport
FN:95,exportKPIReportJSON
FN:103,exportKPIReportCSV
FN:127,(anonymous_3)
FN:133,formatKPIsForInvestors
FNF:5
FNH:0
FNDA:0,generateKPIReport
FNDA:0,exportKPIReportJSON
FNDA:0,exportKPIReportCSV
FNDA:0,(anonymous_3)
FNDA:0,formatKPIsForInvestors
DA:49,0
DA:50,0
DA:52,0
DA:54,0
DA:96,0
DA:97,0
DA:104,0
DA:105,0
DA:107,0
DA:127,0
DA:134,0
DA:135,0
DA:136,0
DA:138,0
LF:14
LH:0
BRF:0
BRH:0
end_of_record
TN:
SF:utils/kpiModeling.ts
FN:43,calculateGrowthProjection
FN:92,calculateUnitEconomics
FN:117,checkKPITargets
FN:165,generateInvestorProjection
FN:182,(anonymous_4)
FN:184,(anonymous_5)
FNF:6
FNH:6
FNDA:24,calculateGrowthProjection
FNDA:20,calculateUnitEconomics
FNDA:14,checkKPITargets
FNDA:8,generateInvestorProjection
FNDA:48,(anonymous_4)
FNDA:8,(anonymous_5)
DA:53,24
DA:54,24
DA:56,24
DA:57,144
DA:58,144
DA:59,144
DA:61,144
DA:62,144
DA:63,144
DA:64,144
DA:66,144
DA:80,144
DA:81,120
DA:82,120
DA:86,24
DA:99,20
DA:100,20
DA:101,20
DA:102,20
DA:103,20
DA:105,20
DA:121,14
DA:123,14
DA:136,14
DA:148,14
DA:149,14
DA:150,14
DA:151,14
DA:152,14
DA:156,14
DA:157,14
DA:159,14
DA:176,8
DA:177,8
DA:178,8
DA:180,8
DA:181,8
DA:182,48
DA:183,8
DA:184,8
DA:186,8
LF:41
LH:41
BRDA:44,0,0,14
BRDA:45,1,0,16
BRDA:46,2,0,18
BRDA:47,3,0,20
BRDA:48,4,0,22
BRDA:49,5,0,22
BRDA:50,6,0,22
BRDA:51,7,0,22
BRDA:61,8,0,144
BRDA:61,8,1,76
BRDA:72,9,0,144
BRDA:72,9,1,10
BRDA:73,10,0,144
BRDA:73,10,1,10
BRDA:80,11,0,120
BRDA:80,11,1,24
BRDA:81,12,0,120
BRDA:81,12,1,32
BRDA:93,13,0,12
BRDA:94,14,0,14
BRDA:95,15,0,14
BRDA:96,16,0,14
BRDA:97,17,0,20
BRDA:148,18,0,14
BRDA:148,18,1,0
BRF:25
BRH:24
end_of_record
TN:
SF:utils/logger.ts
FN:25,(anonymous_0)
FN:63,(anonymous_1)
FN:67,(anonymous_2)
FN:71,(anonymous_3)
FN:75,(anonymous_4)
FN:79,(anonymous_5)
FN:83,(anonymous_6)
FN:87,(anonymous_7)
FNF:8
FNH:0
FNDA:0,(anonymous_0)
FNDA:0,(anonymous_1)
FNDA:0,(anonymous_2)
FNDA:0,(anonymous_3)
FNDA:0,(anonymous_4)
FNDA:0,(anonymous_5)
FNDA:0,(anonymous_6)
FNDA:0,(anonymous_7)
DA:22,0
DA:23,0
DA:26,0
DA:35,0
DA:36,0
DA:37,0
DA:41,0
DA:42,0
DA:44,0
DA:46,0
DA:47,0
DA:49,0
DA:51,0
DA:52,0
DA:54,0
DA:55,0
DA:58,0
DA:59,0
DA:64,0
DA:68,0
DA:72,0
DA:76,0
DA:80,0
DA:84,0
DA:88,0
DA:92,0
LF:26
LH:0
BRDA:36,0,0,0
BRDA:36,0,1,0
BRDA:42,1,0,0
BRDA:42,1,1,0
BRDA:42,2,0,0
BRDA:42,2,1,0
BRDA:44,3,0,0
BRDA:44,3,1,0
BRDA:44,3,2,0
BRDA:44,3,3,0
BRDA:44,3,4,0
BRDA:46,4,0,0
BRDA:46,4,1,0
BRDA:47,5,0,0
BRDA:47,5,1,0
BRDA:51,6,0,0
BRDA:51,6,1,0
BRDA:54,7,0,0
BRDA:54,7,1,0
BRDA:58,8,0,0
BRDA:58,8,1,0
BRDA:58,9,0,0
BRDA:58,9,1,0
BRDA:83,10,0,0
BRF:24
BRH:0
end_of_record
TN:
SF:utils/performance.ts
FN:10,measurePerformance
FN:28,measureAsyncPerformance
FN:46,debounce
FN:52,executedFunction
FN:53,(anonymous_4)
FN:68,throttle
FN:74,executedFunction
FN:78,(anonymous_7)
FN:86,createLazyComponent
FN:96,memoize
FN:99,(anonymous_10)
FN:115,withPerformanceMeasurement
FN:119,(anonymous_12)
FN:120,(anonymous_13)
FN:123,(anonymous_14)
FNF:15
FNH:0
FNDA:0,measurePerformance
FNDA:0,measureAsyncPerformance
FNDA:0,debounce
FNDA:0,executedFunction
FNDA:0,(anonymous_4)
FNDA:0,throttle
FNDA:0,executedFunction
FNDA:0,(anonymous_7)
FNDA:0,createLazyComponent
FNDA:0,memoize
FNDA:0,(anonymous_10)
FNDA:0,withPerformanceMeasurement
FNDA:0,(anonymous_12)
FNDA:0,(anonymous_13)
FNDA:0,(anonymous_14)
DA:15,0
DA:16,0
DA:17,0
DA:18,0
DA:19,0
DA:20,0
DA:22,0
DA:33,0
DA:34,0
DA:35,0
DA:36,0
DA:37,0
DA:38,0
DA:40,0
DA:50,0
DA:52,0
DA:53,0
DA:54,0
DA:55,0
DA:58,0
DA:59,0
DA:61,0
DA:74,0
DA:75,0
DA:76,0
DA:77,0
DA:78,0
DA:90,0
DA:97,0
DA:99,0
DA:100,0
DA:102,0
DA:103,0
DA:106,0
DA:107,0
DA:108,0
DA:119,0
DA:120,0
DA:121,0
DA:122,0
DA:123,0
DA:124,0
DA:125,0
DA:130,0
LF:44
LH:0
BRDA:13,0,0,0
BRDA:15,1,0,0
BRDA:15,1,1,0
BRDA:15,2,0,0
BRDA:15,2,1,0
BRDA:31,3,0,0
BRDA:33,4,0,0
BRDA:33,4,1,0
BRDA:33,5,0,0
BRDA:33,5,1,0
BRDA:58,6,0,0
BRDA:58,6,1,0
BRDA:75,7,0,0
BRDA:75,7,1,0
BRDA:102,8,0,0
BRDA:102,8,1,0
BRDA:121,9,0,0
BRDA:121,9,1,0
BRF:18
BRH:0
end_of_record
TN:
SF:utils/premiumStatus.ts
FN:12,isTrialExpired
FN:22,isSubscriptionExpired
FN:32,checkSubscriptionStatus
FNF:3
FNH:3
FNDA:8,isTrialExpired
FNDA:6,isSubscriptionExpired
FNDA:6,checkSubscriptionStatus
DA:13,8
DA:14,6
DA:15,4
DA:23,6
DA:24,4
DA:25,4
DA:36,6
DA:39,6
DA:40,4
DA:42,2
DA:43,2
DA:52,2
DA:53,2
DA:58,4
DA:59,2
DA:61,2
DA:62,2
DA:71,2
DA:72,2
DA:73,2
DA:74,2
DA:78,2
LF:22
LH:22
BRDA:13,0,0,2
BRDA:13,0,1,6
BRDA:14,1,0,2
BRDA:14,1,1,4
BRDA:23,2,0,2
BRDA:23,2,1,4
BRDA:24,3,0,0
BRDA:24,3,1,4
BRDA:39,4,0,4
BRDA:39,4,1,2
BRDA:39,5,0,6
BRDA:39,5,1,4
BRDA:40,6,0,2
BRDA:40,6,1,2
BRDA:58,7,0,2
BRDA:58,7,1,2
BRDA:58,8,0,4
BRDA:58,8,1,2
BRDA:59,9,0,2
BRDA:59,9,1,0
BRF:20
BRH:18
end_of_record
TN:
SF:utils/riskEvaluation.ts
FN:78,evaluateMessageRisk
FN:80,(anonymous_1)
FN:92,(anonymous_2)
FN:96,(anonymous_3)
FN:97,(anonymous_4)
FN:115,evaluateImageRisk
FN:117,(anonymous_6)
FNF:7
FNH:7
FNDA:72,evaluateMessageRisk
FNDA:576,(anonymous_1)
FNDA:58,(anonymous_2)
FNDA:58,(anonymous_3)
FNDA:58,(anonymous_4)
FNDA:38,evaluateImageRisk
FNDA:134,(anonymous_6)
DA:10,2
DA:19,2
DA:70,2
DA:79,72
DA:80,576
DA:82,72
DA:83,20
DA:84,20
DA:92,52
DA:93,58
DA:96,58
DA:97,58
DA:98,52
DA:99,52
DA:101,52
DA:116,38
DA:117,134
DA:118,38
DA:119,12
DA:122,26
LF:20
LH:20
BRDA:82,0,0,20
BRDA:82,0,1,52
BRDA:83,1,0,20
BRDA:83,1,1,10
BRDA:93,2,0,52
BRDA:93,2,1,6
BRDA:98,3,0,52
BRDA:98,3,1,48
BRDA:99,4,0,6
BRDA:99,4,1,46
BRDA:118,5,0,12
BRDA:118,5,1,26
BRF:12
BRH:12
end_of_record
TN:
SF:utils/sentry.ts
FN:23,initSentry
FN:60,(anonymous_1)
FN:83,setSentryUser
FN:87,clearSentryUser
FN:91,addSentryBreadcrumb
FN:100,captureException
FN:106,captureMessage
FN:117,startSentryTransaction
FN:127,(anonymous_8)
FNF:9
FNH:0
FNDA:0,initSentry
FNDA:0,(anonymous_1)
FNDA:0,setSentryUser
FNDA:0,clearSentryUser
FNDA:0,addSentryBreadcrumb
FNDA:0,captureException
FNDA:0,captureMessage
FNDA:0,startSentryTransaction
FNDA:0,(anonymous_8)
DA:9,0
DA:12,0
DA:13,0
DA:14,0
DA:16,0
DA:24,0
DA:25,0
DA:26,0
DA:28,0
DA:31,0
DA:32,0
DA:34,0
DA:35,0
DA:36,0
DA:39,0
DA:40,0
DA:41,0
DA:44,0
DA:64,0
DA:65,0
DA:66,0
DA:67,0
DA:68,0
DA:70,0
DA:80,0
DA:84,0
DA:88,0
DA:97,0
DA:101,0
DA:111,0
DA:121,0
DA:127,0
LF:32
LH:0
BRDA:9,0,0,0
BRDA:9,0,1,0
BRDA:24,1,0,0
BRDA:24,1,1,0
BRDA:25,2,0,0
BRDA:25,2,1,0
BRDA:34,3,0,0
BRDA:34,3,1,0
BRDA:34,4,0,0
BRDA:34,4,1,0
BRDA:39,5,0,0
BRDA:39,5,1,0
BRDA:46,6,0,0
BRDA:46,6,1,0
BRDA:47,7,0,0
BRDA:47,7,1,0
BRDA:49,8,0,0
BRDA:49,8,1,0
BRDA:49,8,2,0
BRDA:52,9,0,0
BRDA:52,9,1,0
BRDA:64,10,0,0
BRDA:64,10,1,0
BRDA:64,11,0,0
BRDA:64,11,1,0
BRDA:66,12,0,0
BRDA:66,12,1,0
BRDA:67,13,0,0
BRDA:67,13,1,0
BRDA:68,14,0,0
BRDA:68,14,1,0
BRDA:68,15,0,0
BRDA:68,15,1,0
BRDA:94,16,0,0
BRDA:102,17,0,0
BRDA:102,17,1,0
BRDA:108,18,0,0
BRDA:113,19,0,0
BRDA:113,19,1,0
BRDA:127,20,0,0
BRDA:127,20,1,0
BRF:41
BRH:0
end_of_record
TN:
SF:utils/soundNotifications.ts
FN:25,(anonymous_0)
FN:49,(anonymous_1)
FN:56,(anonymous_2)
FN:63,(anonymous_3)
FN:82,(anonymous_4)
FN:145,(anonymous_5)
FN:162,(anonymous_6)
FNF:7
FNH:6
FNDA:12,(anonymous_0)
FNDA:4,(anonymous_1)
FNDA:3,(anonymous_2)
FNDA:10,(anonymous_3)
FNDA:0,(anonymous_4)
FNDA:8,(anonymous_5)
FNDA:11,(anonymous_6)
DA:25,1
DA:26,12
DA:29,4
DA:32,2
DA:35,2
DA:38,2
DA:42,2
DA:49,1
DA:50,4
DA:56,1
DA:57,3
DA:63,1
DA:64,10
DA:66,2
DA:68,2
DA:70,2
DA:72,2
DA:75,2
DA:82,1
DA:83,0
DA:84,0
DA:87,0
DA:89,0
DA:101,0
DA:114,0
DA:126,0
DA:138,0
DA:145,1
DA:146,8
DA:148,4
DA:150,1
DA:155,3
DA:162,1
DA:169,11
LF:34
LH:26
BRDA:26,0,0,4
BRDA:26,0,1,2
BRDA:26,0,2,2
BRDA:26,0,3,2
BRDA:26,0,4,2
BRDA:26,0,5,2
BRDA:64,1,0,2
BRDA:64,1,1,2
BRDA:64,1,2,2
BRDA:64,1,3,2
BRDA:64,1,4,2
BRDA:64,1,5,2
BRDA:83,2,0,0
BRDA:83,2,1,0
BRDA:146,3,0,4
BRDA:146,3,1,1
BRDA:146,3,2,1
BRDA:146,3,3,2
BRDA:146,3,4,3
BRDA:146,3,5,3
BRDA:171,4,0,7
BRDA:171,4,1,4
BRDA:171,5,0,11
BRDA:171,5,1,10
BRF:24
BRH:22
end_of_record
TN:
SF:utils/syncHelpers.ts
FN:15,getDeltaAlerts
FN:16,(anonymous_1)
FN:26,getDeltaChats
FN:30,(anonymous_3)
FNF:4
FNH:4
FNDA:20,getDeltaAlerts
FNDA:48,(anonymous_1)
FNDA:22,getDeltaChats
FNDA:58,(anonymous_3)
DA:16,48
DA:30,22
DA:32,58
LF:3
LH:3
BRDA:16,0,0,48
BRDA:16,0,1,4
BRDA:32,1,0,58
BRDA:32,1,1,20
BRDA:32,1,2,4
BRF:5
BRH:5
end_of_record
TN:
SF:utils/syncService.ts
FN:20,getDeviceId
FN:34,getLastSyncTimestamp
FN:42,setLastSyncTimestamp
FN:49,isTimeoutError
FN:67,isRetryableError
FN:87,withRetry
FN:120,(anonymous_6)
FN:134,(anonymous_7)
FN:139,(anonymous_8)
FN:146,(anonymous_9)
FN:188,(anonymous_10)
FN:195,(anonymous_11)
FN:244,(anonymous_12)
FN:249,(anonymous_13)
FN:256,(anonymous_14)
FN:298,(anonymous_15)
FN:305,(anonymous_16)
FN:354,(anonymous_17)
FN:359,(anonymous_18)
FN:366,(anonymous_19)
FN:407,(anonymous_20)
FN:413,(anonymous_21)
FNF:22
FNH:22
FNDA:11,getDeviceId
FNDA:10,getLastSyncTimestamp
FNDA:6,setLastSyncTimestamp
FNDA:6,isTimeoutError
FNDA:6,isRetryableError
FNDA:11,withRetry
FNDA:6,(anonymous_6)
FNDA:5,(anonymous_7)
FNDA:3,(anonymous_8)
FNDA:4,(anonymous_9)
FNDA:2,(anonymous_10)
FNDA:2,(anonymous_11)
FNDA:3,(anonymous_12)
FNDA:2,(anonymous_13)
FNDA:2,(anonymous_14)
FNDA:1,(anonymous_15)
FNDA:1,(anonymous_16)
FNDA:3,(anonymous_17)
FNDA:2,(anonymous_18)
FNDA:2,(anonymous_19)
FNDA:1,(anonymous_20)
FNDA:1,(anonymous_21)
DA:21,11
DA:22,11
DA:23,11
DA:26,0
DA:27,0
DA:28,0
DA:35,10
DA:36,10
DA:43,6
DA:50,6
DA:51,6
DA:61,0
DA:68,6
DA:70,6
DA:81,0
DA:95,11
DA:96,12
DA:97,12
DA:99,6
DA:102,6
DA:103,0
DA:107,6
DA:109,6
DA:120,6
DA:124,0
DA:131,1
DA:132,1
DA:135,5
DA:136,1
DA:140,3
DA:141,3
DA:142,3
DA:143,3
DA:145,3
DA:146,4
DA:156,1
DA:157,1
DA:158,1
DA:164,1
DA:167,0
DA:169,0
DA:170,0
DA:172,0
DA:179,0
DA:189,2
DA:190,2
DA:191,2
DA:192,2
DA:194,2
DA:195,2
DA:204,1
DA:205,1
DA:206,1
DA:212,1
DA:215,0
DA:217,0
DA:218,0
DA:220,0
DA:227,0
DA:241,1
DA:242,1
DA:245,3
DA:246,1
DA:250,2
DA:251,2
DA:252,2
DA:253,2
DA:255,2
DA:256,2
DA:266,1
DA:267,1
DA:268,1
DA:274,1
DA:277,0
DA:279,0
DA:280,0
DA:282,0
DA:289,0
DA:299,1
DA:300,1
DA:301,1
DA:302,1
DA:304,1
DA:305,1
DA:314,1
DA:315,1
DA:316,1
DA:322,1
DA:325,0
DA:327,0
DA:328,0
DA:330,0
DA:337,0
DA:351,1
DA:352,1
DA:355,3
DA:356,1
DA:360,2
DA:361,2
DA:362,2
DA:363,2
DA:365,2
DA:366,2
DA:376,1
DA:377,1
DA:378,1
DA:383,1
DA:386,0
DA:388,0
DA:389,0
DA:391,0
DA:398,0
DA:408,1
DA:409,1
DA:410,1
DA:412,1
DA:413,1
DA:421,1
DA:422,1
DA:423,1
DA:428,1
DA:431,0
DA:433,0
DA:434,0
DA:436,0
DA:443,0
DA:454,1
DA:455,1
DA:456,1
LF:129
LH:92
BRDA:22,0,0,11
BRDA:22,0,1,0
BRDA:36,1,0,1
BRDA:36,1,1,9
BRDA:50,2,0,6
BRDA:50,2,1,0
BRDA:52,3,0,6
BRDA:52,3,1,4
BRDA:52,3,2,4
BRDA:52,3,3,4
BRDA:52,3,4,4
BRDA:52,3,5,0
BRDA:52,3,6,0
BRDA:68,4,0,6
BRDA:68,4,1,0
BRDA:71,5,0,6
BRDA:71,5,1,0
BRDA:71,5,2,0
BRDA:71,5,3,0
BRDA:71,5,4,0
BRDA:71,5,5,0
BRDA:71,5,6,0
BRDA:71,5,7,0
BRDA:89,6,0,0
BRDA:90,7,0,0
BRDA:102,8,0,0
BRDA:102,8,1,6
BRDA:102,9,0,6
BRDA:102,9,1,6
BRDA:110,10,0,6
BRDA:110,10,1,0
BRDA:111,11,0,6
BRDA:111,11,1,0
BRDA:115,12,0,6
BRDA:115,12,1,0
BRDA:124,13,0,0
BRDA:124,13,1,0
BRDA:135,14,0,4
BRDA:135,14,1,1
BRDA:149,15,0,4
BRDA:149,15,1,4
BRDA:156,16,0,1
BRDA:156,16,1,0
BRDA:156,17,0,1
BRDA:156,17,1,1
BRDA:169,18,0,0
BRDA:169,18,1,0
BRDA:172,19,0,0
BRDA:172,19,1,0
BRDA:181,20,0,0
BRDA:181,20,1,0
BRDA:197,21,0,2
BRDA:197,21,1,2
BRDA:204,22,0,1
BRDA:204,22,1,0
BRDA:204,23,0,1
BRDA:204,23,1,1
BRDA:217,24,0,0
BRDA:217,24,1,0
BRDA:220,25,0,0
BRDA:220,25,1,0
BRDA:229,26,0,0
BRDA:229,26,1,0
BRDA:245,27,0,2
BRDA:245,27,1,1
BRDA:259,28,0,2
BRDA:259,28,1,2
BRDA:266,29,0,1
BRDA:266,29,1,0
BRDA:266,30,0,1
BRDA:266,30,1,1
BRDA:279,31,0,0
BRDA:279,31,1,0
BRDA:282,32,0,0
BRDA:282,32,1,0
BRDA:291,33,0,0
BRDA:291,33,1,0
BRDA:307,34,0,1
BRDA:307,34,1,1
BRDA:314,35,0,1
BRDA:314,35,1,0
BRDA:314,36,0,1
BRDA:314,36,1,1
BRDA:327,37,0,0
BRDA:327,37,1,0
BRDA:330,38,0,0
BRDA:330,38,1,0
BRDA:339,39,0,0
BRDA:339,39,1,0
BRDA:355,40,0,2
BRDA:355,40,1,1
BRDA:369,41,0,2
BRDA:369,41,1,2
BRDA:376,42,0,1
BRDA:376,42,1,0
BRDA:376,43,0,1
BRDA:376,43,1,1
BRDA:388,44,0,0
BRDA:388,44,1,0
BRDA:391,45,0,0
BRDA:391,45,1,0
BRDA:400,46,0,0
BRDA:400,46,1,0
BRDA:421,47,0,1
BRDA:421,47,1,0
BRDA:421,48,0,1
BRDA:421,48,1,1
BRDA:433,49,0,0
BRDA:433,49,1,0
BRDA:436,50,0,0
BRDA:436,50,1,0
BRDA:445,51,0,0
BRDA:445,51,1,0
BRF:113
BRH:51
end_of_record
TN:
SF:utils/timeRestrictions.ts
FN:28,isTimeRestricted
FN:40,(anonymous_1)
FN:48,(anonymous_2)
FNF:3
FNH:3
FNDA:30,isTimeRestricted
FNDA:34,(anonymous_1)
FNDA:24,(anonymous_2)
DA:32,30
DA:33,30
DA:34,30
DA:35,30
DA:36,30
DA:39,30
DA:40,34
DA:43,30
DA:44,10
DA:48,20
DA:49,24
DA:50,24
DA:53,24
DA:57,20
LF:14
LH:14
BRDA:32,0,0,28
BRDA:32,0,1,2
BRDA:40,1,0,34
BRDA:40,1,1,32
BRDA:43,2,0,10
BRDA:43,2,1,20
BRDA:53,3,0,24
BRDA:53,3,1,20
BRF:8
BRH:8
end_of_record
TN:
SF:utils/validation.ts
FN:13,isUuid
FNF:1
FNH:1
FNDA:98,isUuid
DA:14,98
DA:15,20
DA:18,78
LF:3
LH:3
BRDA:14,0,0,20
BRDA:14,0,1,78
BRF:2
BRH:2
end_of_record
TN:
SF:utils/versioning.ts
FN:21,getVersionInfo
FN:53,createVersionedData
FN:64,needsMigration
FN:71,getStoredVersion
FN:84,saveStoredVersion
FNF:5
FNH:5
FNDA:1,getVersionInfo
FNDA:2,createVersionedData
FNDA:5,needsMigration
FNDA:3,getStoredVersion
FNDA:2,saveStoredVersion
DA:7,1
DA:8,1
DA:9,1
DA:22,1
DA:23,1
DA:24,0
DA:31,1
DA:54,2
DA:65,5
DA:72,3
DA:73,3
DA:74,3
DA:75,2
DA:77,1
DA:85,2
DA:86,2
DA:87,2
DA:89,1
LF:18
LH:17
BRDA:25,0,0,0
BRDA:25,0,1,0
BRDA:53,1,0,1
BRDA:64,2,0,1
BRDA:75,3,0,1
BRDA:75,3,1,1
BRF:6
BRH:4
end_of_record
TN:
SF:utils/migrations/index.ts
FN:15,createMigrationManager
FN:34,getMigrationManager
FNF:2
FNH:0
FNDA:0,createMigrationManager
FNDA:0,getMigrationManager
DA:16,0
DA:19,0
DA:20,0
DA:21,0
DA:23,0
DA:29,0
DA:35,0
DA:36,0
DA:38,0
LF:9
LH:0
BRDA:35,0,0,0
BRDA:35,0,1,0
BRF:2
BRH:0
end_of_record
TN:
SF:utils/migrations/migrationManager.ts
FN:17,(anonymous_0)
FN:20,(anonymous_1)
FN:29,(anonymous_2)
FN:35,(anonymous_3)
FN:62,(anonymous_4)
FN:106,(anonymous_5)
FN:128,(anonymous_6)
FN:165,(anonymous_7)
FN:172,(anonymous_8)
FN:185,(anonymous_9)
FN:192,(anonymous_10)
FNF:11
FNH:9
FNDA:10,(anonymous_0)
FNDA:4,(anonymous_1)
FNDA:6,(anonymous_2)
FNDA:5,(anonymous_3)
FNDA:5,(anonymous_4)
FNDA:2,(anonymous_5)
FNDA:2,(anonymous_6)
FNDA:4,(anonymous_7)
FNDA:0,(anonymous_8)
FNDA:2,(anonymous_9)
FNDA:0,(anonymous_10)
DA:11,9
DA:12,9
DA:19,10
DA:20,4
DA:23,10
DA:24,0
DA:27,10
DA:29,10
DA:40,5
DA:41,1
DA:49,4
DA:50,4
DA:52,4
DA:54,4
DA:55,4
DA:59,4
DA:60,5
DA:61,5
DA:62,5
DA:65,5
DA:66,1
DA:71,4
DA:74,4
DA:75,3
DA:78,3
DA:79,3
DA:80,3
DA:81,3
DA:85,2
DA:92,2
DA:93,2
DA:111,2
DA:112,0
DA:120,2
DA:121,2
DA:123,2
DA:125,2
DA:126,2
DA:127,2
DA:128,2
DA:131,2
DA:132,1
DA:137,1
DA:140,1
DA:141,1
DA:144,1
DA:151,1
DA:152,1
DA:166,4
DA:167,4
DA:168,4
DA:171,4
DA:172,4
DA:173,4
DA:174,0
DA:175,0
DA:178,0
DA:186,2
DA:193,0
LF:59
LH:53
BRDA:20,0,0,4
BRDA:20,0,1,0
BRDA:23,1,0,0
BRDA:23,1,1,10
BRDA:40,2,0,1
BRDA:40,2,1,4
BRDA:54,3,0,4
BRDA:54,3,1,0
BRDA:62,4,0,5
BRDA:62,4,1,4
BRDA:65,5,0,1
BRDA:65,5,1,4
BRDA:78,6,0,3
BRDA:78,6,1,0
BRDA:78,7,0,3
BRDA:78,7,1,3
BRDA:98,8,0,2
BRDA:98,8,1,0
BRDA:111,9,0,0
BRDA:111,9,1,2
BRDA:128,10,0,2
BRDA:128,10,1,2
BRDA:131,11,0,1
BRDA:131,11,1,1
BRDA:131,12,0,2
BRDA:131,12,1,2
BRDA:157,13,0,1
BRDA:157,13,1,0
BRDA:173,14,0,0
BRDA:173,14,1,4
BRF:30
BRH:22
end_of_record
TN:
SF:utils/migrations/types.ts
FNF:0
FNH:0
LF:0
LH:0
BRF:0
BRH:0
end_of_record
TN:
SF:utils/migrations/analytics/v1-to-v2.ts
FN:18,(anonymous_0)
FN:20,(anonymous_1)
FN:25,(anonymous_2)
FN:42,(anonymous_3)
FN:85,(anonymous_4)
FN:88,(anonymous_5)
FNF:6
FNH:6
FNDA:5,(anonymous_0)
FNDA:4,(anonymous_1)
FNDA:4,(anonymous_2)
FNDA:4,(anonymous_3)
FNDA:1,(anonymous_4)
FNDA:1,(anonymous_5)
DA:12,1
DA:20,5
DA:21,4
DA:25,5
DA:26,4
DA:30,5
DA:31,5
DA:32,4
DA:33,4
DA:37,5
DA:38,4
DA:39,4
DA:40,4
DA:42,4
DA:44,4
DA:46,1
DA:47,1
DA:48,3
DA:50,0
DA:51,0
DA:52,3
DA:55,3
DA:57,3
DA:58,3
DA:62,4
DA:73,4
DA:78,5
DA:79,5
DA:80,5
DA:82,5
DA:87,1
DA:88,1
DA:89,1
DA:91,1
DA:92,1
DA:93,1
DA:94,0
DA:97,1
DA:102,1
DA:103,1
DA:106,1
DA:107,1
LF:42
LH:39
BRDA:31,0,0,4
BRDA:31,0,1,1
BRDA:37,1,0,4
BRDA:37,1,1,1
BRDA:37,2,0,5
BRDA:37,2,1,4
BRDA:44,3,0,1
BRDA:44,3,1,3
BRDA:48,4,0,0
BRDA:48,4,1,3
BRDA:52,5,0,0
BRDA:52,5,1,3
BRDA:52,6,0,3
BRDA:52,6,1,0
BRDA:55,7,0,3
BRDA:55,7,1,0
BRDA:55,8,0,3
BRDA:55,8,1,3
BRDA:64,9,0,4
BRDA:64,9,1,4
BRDA:64,9,2,0
BRDA:65,10,0,4
BRDA:65,10,1,4
BRDA:87,11,0,1
BRDA:87,11,1,0
BRDA:87,12,0,1
BRDA:87,12,1,1
BRDA:91,13,0,1
BRDA:91,13,1,0
BRDA:91,14,0,1
BRDA:91,14,1,1
BRDA:93,15,0,0
BRDA:93,15,1,1
BRDA:102,16,0,1
BRDA:102,16,1,0
BRDA:102,17,0,1
BRDA:102,17,1,1
BRF:37
BRH:28
end_of_record
TN:
SF:utils/migrations/messages/v1-to-v2.ts
FN:17,(anonymous_0)
FN:20,(anonymous_1)
FN:23,(anonymous_2)
FN:49,(anonymous_3)
FN:74,(anonymous_4)
FN:77,(anonymous_5)
FN:79,(anonymous_6)
FN:94,(anonymous_7)
FNF:8
FNH:0
FNDA:0,(anonymous_0)
FNDA:0,(anonymous_1)
FNDA:0,(anonymous_2)
FNDA:0,(anonymous_3)
FNDA:0,(anonymous_4)
FNDA:0,(anonymous_5)
FNDA:0,(anonymous_6)
FNDA:0,(anonymous_7)
DA:11,0
DA:19,0
DA:20,0
DA:22,0
DA:23,0
DA:25,0
DA:26,0
DA:36,0
DA:43,0
DA:48,0
DA:49,0
DA:50,0
DA:51,0
DA:59,0
DA:67,0
DA:68,0
DA:69,0
DA:71,0
DA:76,0
DA:77,0
DA:78,0
DA:79,0
DA:80,0
DA:82,0
DA:83,0
DA:86,0
DA:89,0
DA:93,0
DA:94,0
DA:95,0
DA:96,0
DA:97,0
DA:99,0
DA:103,0
DA:104,0
LF:35
LH:0
BRDA:19,0,0,0
BRDA:19,0,1,0
BRDA:19,1,0,0
BRDA:19,1,1,0
BRDA:22,2,0,0
BRDA:22,2,1,0
BRDA:22,3,0,0
BRDA:22,3,1,0
BRDA:25,4,0,0
BRDA:25,4,1,0
BRDA:48,5,0,0
BRDA:48,5,1,0
BRDA:48,6,0,0
BRDA:48,6,1,0
BRDA:50,7,0,0
BRDA:50,7,1,0
BRDA:76,8,0,0
BRDA:76,8,1,0
BRDA:76,9,0,0
BRDA:76,9,1,0
BRDA:78,10,0,0
BRDA:78,10,1,0
BRDA:78,11,0,0
BRDA:78,11,1,0
BRDA:82,12,0,0
BRDA:82,12,1,0
BRDA:82,13,0,0
BRDA:82,13,1,0
BRDA:82,13,2,0
BRDA:93,14,0,0
BRDA:93,14,1,0
BRDA:93,15,0,0
BRDA:93,15,1,0
BRDA:96,16,0,0
BRDA:96,16,1,0
BRDA:96,17,0,0
BRDA:96,17,1,0
BRDA:96,17,2,0
BRF:38
BRH:0
end_of_record
TN:
SF:utils/migrations/user/v1-to-v2.ts
FN:18,(anonymous_0)
FN:50,(anonymous_1)
FN:72,(anonymous_2)
FN:107,(anonymous_3)
FNF:4
FNH:0
FNDA:0,(anonymous_0)
FNDA:0,(anonymous_1)
FNDA:0,(anonymous_2)
FNDA:0,(anonymous_3)
DA:12,0
DA:20,0
DA:21,0
DA:24,0
DA:25,0
DA:29,0
DA:30,0
DA:38,0
DA:39,0
DA:41,0
DA:42,0
DA:45,0
DA:49,0
DA:50,0
DA:51,0
DA:52,0
DA:54,0
DA:55,0
DA:57,0
DA:58,0
DA:60,0
DA:65,0
DA:66,0
DA:67,0
DA:69,0
DA:74,0
DA:75,0
DA:78,0
DA:79,0
DA:83,0
DA:85,0
DA:90,0
DA:91,0
DA:96,0
DA:97,0
DA:99,0
DA:100,0
DA:103,0
DA:106,0
DA:107,0
DA:108,0
DA:109,0
DA:111,0
DA:112,0
DA:114,0
DA:115,0
DA:117,0
DA:121,0
DA:122,0
LF:49
LH:0
BRDA:20,0,0,0
BRDA:20,0,1,0
BRDA:24,1,0,0
BRDA:24,1,1,0
BRDA:29,2,0,0
BRDA:29,2,1,0
BRDA:38,3,0,0
BRDA:38,3,1,0
BRDA:39,4,0,0
BRDA:39,4,1,0
BRDA:41,5,0,0
BRDA:41,5,1,0
BRDA:49,6,0,0
BRDA:49,6,1,0
BRDA:49,7,0,0
BRDA:49,7,1,0
BRDA:51,8,0,0
BRDA:51,8,1,0
BRDA:54,9,0,0
BRDA:54,9,1,0
BRDA:55,10,0,0
BRDA:55,10,1,0
BRDA:57,11,0,0
BRDA:57,11,1,0
BRDA:74,12,0,0
BRDA:74,12,1,0
BRDA:78,13,0,0
BRDA:78,13,1,0
BRDA:83,14,0,0
BRDA:83,14,1,0
BRDA:85,15,0,0
BRDA:85,15,1,0
BRDA:85,15,2,0
BRDA:85,15,3,0
BRDA:90,16,0,0
BRDA:90,16,1,0
BRDA:96,17,0,0
BRDA:96,17,1,0
BRDA:96,18,0,0
BRDA:96,18,1,0
BRDA:96,18,2,0
BRDA:99,19,0,0
BRDA:99,19,1,0
BRDA:106,20,0,0
BRDA:106,20,1,0
BRDA:106,21,0,0
BRDA:106,21,1,0
BRDA:108,22,0,0
BRDA:108,22,1,0
BRDA:111,23,0,0
BRDA:111,23,1,0
BRDA:111,24,0,0
BRDA:111,24,1,0
BRDA:111,24,2,0
BRDA:114,25,0,0
BRDA:114,25,1,0
BRF:56
BRH:0
end_of_record
